TpTrace Verbose: 0 : 7496, 1, 2023/10/31, 19:57:57.478, 27493967087, vstest.console.dll, Version: 17.5.0-release-20221220-01 Current process architecture: X64
TpTrace Verbose: 0 : 7496, 1, 2023/10/31, 19:57:57.479, 27493980712, vstest.console.dll, Runtime location: C:\Program Files\dotnet\shared\Microsoft.NETCore.App\7.0.13
TpTrace Verbose: 0 : 7496, 1, 2023/10/31, 19:57:57.481, 27493999321, vstest.console.dll, ArtifactProcessingPostProcessModeProcessorExecutor.Initialize: ArtifactProcessingMode.Collect
TpTrace Verbose: 0 : 7496, 1, 2023/10/31, 19:57:57.481, 27494000949, vstest.console.dll, TestSessionCorrelationIdProcessorModeProcessorExecutor.Initialize: TestSessionCorrelationId '25036_64919089-15ee-44ec-b443-6fc5b0747764'
TpTrace Information: 0 : 7496, 1, 2023/10/31, 19:57:57.488, 27494067116, vstest.console.dll, FilePatternParser: The given file D:\GitHub\LogReportService\LogReportServiceTests\bin\Debug\net6.0\fine-code-coverage\build-output\LogReportServiceTests.dll is a full path.
TpTrace Verbose: 0 : 7496, 1, 2023/10/31, 19:57:57.492, 27494105350, vstest.console.dll, TestPluginCache.DiscoverTestExtensions: finding test extensions in assemblies ends with: RuntimeProvider.dll TPluginInfo: Microsoft.VisualStudio.TestPlatform.Common.ExtensionFramework.Utilities.TestRuntimePluginInformation TExtension: Microsoft.VisualStudio.TestPlatform.ObjectModel.Host.ITestRuntimeProvider
TpTrace Verbose: 0 : 7496, 1, 2023/10/31, 19:57:57.493, 27494112830, vstest.console.dll, TestPluginCache.GetExtensionPaths: Filtered extension paths: 
TpTrace Verbose: 0 : 7496, 1, 2023/10/31, 19:57:57.493, 27494113961, vstest.console.dll, TestPluginCache.GetExtensionPaths: Added default extension paths: C:\Program Files\dotnet\sdk\7.0.203\Extensions\Microsoft.Diagnostics.NETCore.Client.dll
C:\Program Files\dotnet\sdk\7.0.203\Extensions\Microsoft.TestPlatform.Extensions.BlameDataCollector.dll
C:\Program Files\dotnet\sdk\7.0.203\Extensions\Microsoft.TestPlatform.Extensions.EventLogCollector.dll
C:\Program Files\dotnet\sdk\7.0.203\Extensions\Microsoft.TestPlatform.TestHostRuntimeProvider.dll
C:\Program Files\dotnet\sdk\7.0.203\Extensions\Microsoft.VisualStudio.TestPlatform.Extensions.Html.TestLogger.dll
C:\Program Files\dotnet\sdk\7.0.203\Extensions\Microsoft.VisualStudio.TestPlatform.Extensions.Trx.TestLogger.dll
TpTrace Verbose: 0 : 7496, 1, 2023/10/31, 19:57:57.493, 27494114222, vstest.console.dll, TestPluginCache.GetExtensionPaths: Added unfilterableExtensionPaths: 
TpTrace Information: 0 : 7496, 1, 2023/10/31, 19:57:57.493, 27494119596, vstest.console.dll, AssemblyResolver.ctor: Creating AssemblyResolver with searchDirectories C:\Program Files\dotnet\sdk\7.0.203\Extensions,C:\Program Files\dotnet\sdk\7.0.203
TpTrace Verbose: 0 : 7496, 1, 2023/10/31, 19:57:57.494, 27494131550, vstest.console.dll, TestPluginCache.DiscoverTestExtensions: Discovering the extensions using extension path.
TpTrace Verbose: 0 : 7496, 1, 2023/10/31, 19:57:57.495, 27494133188, vstest.console.dll, TestPluginCache.GetExtensionPaths: Filtered extension paths: 
TpTrace Verbose: 0 : 7496, 1, 2023/10/31, 19:57:57.495, 27494133490, vstest.console.dll, TestPluginCache.GetExtensionPaths: Added default extension paths: C:\Program Files\dotnet\sdk\7.0.203\Extensions\Microsoft.Diagnostics.NETCore.Client.dll
C:\Program Files\dotnet\sdk\7.0.203\Extensions\Microsoft.TestPlatform.Extensions.BlameDataCollector.dll
C:\Program Files\dotnet\sdk\7.0.203\Extensions\Microsoft.TestPlatform.Extensions.EventLogCollector.dll
C:\Program Files\dotnet\sdk\7.0.203\Extensions\Microsoft.TestPlatform.TestHostRuntimeProvider.dll
C:\Program Files\dotnet\sdk\7.0.203\Extensions\Microsoft.VisualStudio.TestPlatform.Extensions.Html.TestLogger.dll
C:\Program Files\dotnet\sdk\7.0.203\Extensions\Microsoft.VisualStudio.TestPlatform.Extensions.Trx.TestLogger.dll
TpTrace Verbose: 0 : 7496, 1, 2023/10/31, 19:57:57.495, 27494133745, vstest.console.dll, TestPluginCache.GetExtensionPaths: Added unfilterableExtensionPaths: 
TpTrace Verbose: 0 : 7496, 1, 2023/10/31, 19:57:57.495, 27494134635, vstest.console.dll, TestPluginCache.DiscoverTestExtensions: Discovering the extensions using allExtensionPaths: C:\Program Files\dotnet\sdk\7.0.203\Extensions\Microsoft.Diagnostics.NETCore.Client.dll
C:\Program Files\dotnet\sdk\7.0.203\Extensions\Microsoft.TestPlatform.Extensions.BlameDataCollector.dll
C:\Program Files\dotnet\sdk\7.0.203\Extensions\Microsoft.TestPlatform.Extensions.EventLogCollector.dll
C:\Program Files\dotnet\sdk\7.0.203\Extensions\Microsoft.TestPlatform.TestHostRuntimeProvider.dll
C:\Program Files\dotnet\sdk\7.0.203\Extensions\Microsoft.VisualStudio.TestPlatform.Extensions.Html.TestLogger.dll
C:\Program Files\dotnet\sdk\7.0.203\Extensions\Microsoft.VisualStudio.TestPlatform.Extensions.Trx.TestLogger.dll
TpTrace Information: 0 : 7496, 1, 2023/10/31, 19:57:57.495, 27494136360, vstest.console.dll, AssemblyResolver.AddSearchDirectories: Adding more searchDirectories C:\Program Files\dotnet\sdk\7.0.203\Extensions,C:\Program Files\dotnet\sdk\7.0.203
TpTrace Information: 0 : 7496, 1, 2023/10/31, 19:57:57.495, 27494136938, vstest.console.dll, AssemblyResolver.AddSearchDirectories: Adding more searchDirectories C:\Program Files\dotnet\sdk\7.0.203\Extensions,C:\Program Files\dotnet\sdk\7.0.203
TpTrace Information: 0 : 7496, 1, 2023/10/31, 19:57:57.495, 27494137160, vstest.console.dll, AssemblyResolver.AddSearchDirectories: Adding more searchDirectories C:\Program Files\dotnet\sdk\7.0.203\Extensions,C:\Program Files\dotnet\sdk\7.0.203
TpTrace Information: 0 : 7496, 1, 2023/10/31, 19:57:57.495, 27494137338, vstest.console.dll, AssemblyResolver.AddSearchDirectories: Adding more searchDirectories C:\Program Files\dotnet\sdk\7.0.203\Extensions,C:\Program Files\dotnet\sdk\7.0.203
TpTrace Information: 0 : 7496, 1, 2023/10/31, 19:57:57.495, 27494137546, vstest.console.dll, AssemblyResolver.AddSearchDirectories: Adding more searchDirectories C:\Program Files\dotnet\sdk\7.0.203\Extensions,C:\Program Files\dotnet\sdk\7.0.203
TpTrace Information: 0 : 7496, 1, 2023/10/31, 19:57:57.495, 27494137720, vstest.console.dll, AssemblyResolver.AddSearchDirectories: Adding more searchDirectories C:\Program Files\dotnet\sdk\7.0.203\Extensions,C:\Program Files\dotnet\sdk\7.0.203
TpTrace Information: 0 : 7496, 1, 2023/10/31, 19:57:57.495, 27494140841, vstest.console.dll, AssemblyResolver.OnResolve: Microsoft.Diagnostics.NETCore.Client: Resolving assembly.
TpTrace Information: 0 : 7496, 1, 2023/10/31, 19:57:57.495, 27494141702, vstest.console.dll, AssemblyResolver.OnResolve: Microsoft.Diagnostics.NETCore.Client: Searching in: 'C:\Program Files\dotnet\sdk\7.0.203\Extensions'.
TpTrace Information: 0 : 7496, 1, 2023/10/31, 19:57:57.503, 27494212288, vstest.console.dll, AssemblyResolver.OnResolve: Microsoft.Diagnostics.NETCore.Client: Loading assembly 'C:\Program Files\dotnet\sdk\7.0.203\Extensions\Microsoft.Diagnostics.NETCore.Client.dll'.
TpTrace Information: 0 : 7496, 1, 2023/10/31, 19:57:57.503, 27494216862, vstest.console.dll, AssemblyResolver.OnResolve: Resolved assembly: Microsoft.Diagnostics.NETCore.Client, from path: C:\Program Files\dotnet\sdk\7.0.203\Extensions\Microsoft.Diagnostics.NETCore.Client.dll
TpTrace Verbose: 0 : 7496, 1, 2023/10/31, 19:57:57.504, 27494225909, vstest.console.dll, MetadataReaderExtensionsHelper: Discovering extensions inside assembly 'Microsoft.Diagnostics.NETCore.Client, Version=0.2.6.42401, Culture=neutral, PublicKeyToken=31bf3856ad364e35' file path 'C:\Program Files\dotnet\sdk\7.0.203\Extensions\Microsoft.Diagnostics.NETCore.Client.dll'
TpTrace Information: 0 : 7496, 1, 2023/10/31, 19:57:57.508, 27494262422, vstest.console.dll, AssemblyResolver.OnResolve: Microsoft.Bcl.AsyncInterfaces: Resolving assembly.
TpTrace Information: 0 : 7496, 1, 2023/10/31, 19:57:57.508, 27494263385, vstest.console.dll, AssemblyResolver.OnResolve: Microsoft.Bcl.AsyncInterfaces: Searching in: 'C:\Program Files\dotnet\sdk\7.0.203\Extensions'.
TpTrace Information: 0 : 7496, 1, 2023/10/31, 19:57:57.508, 27494263963, vstest.console.dll, AssemblyResolver.OnResolve: Microsoft.Bcl.AsyncInterfaces: Assembly path does not exist: 'C:\Program Files\dotnet\sdk\7.0.203\Extensions\Microsoft.Bcl.AsyncInterfaces.dll', returning.
TpTrace Information: 0 : 7496, 1, 2023/10/31, 19:57:57.508, 27494264835, vstest.console.dll, AssemblyResolver.OnResolve: Microsoft.Bcl.AsyncInterfaces: Assembly path does not exist: 'C:\Program Files\dotnet\sdk\7.0.203\Extensions\Microsoft.Bcl.AsyncInterfaces.exe', returning.
TpTrace Information: 0 : 7496, 1, 2023/10/31, 19:57:57.508, 27494265107, vstest.console.dll, AssemblyResolver.OnResolve: Microsoft.Bcl.AsyncInterfaces: Searching in: 'C:\Program Files\dotnet\sdk\7.0.203'.
TpTrace Information: 0 : 7496, 1, 2023/10/31, 19:57:57.508, 27494265459, vstest.console.dll, AssemblyResolver.OnResolve: Microsoft.Bcl.AsyncInterfaces: Assembly path does not exist: 'C:\Program Files\dotnet\sdk\7.0.203\Microsoft.Bcl.AsyncInterfaces.dll', returning.
TpTrace Information: 0 : 7496, 1, 2023/10/31, 19:57:57.508, 27494265783, vstest.console.dll, AssemblyResolver.OnResolve: Microsoft.Bcl.AsyncInterfaces: Assembly path does not exist: 'C:\Program Files\dotnet\sdk\7.0.203\Microsoft.Bcl.AsyncInterfaces.exe', returning.
TpTrace Information: 0 : 7496, 1, 2023/10/31, 19:57:57.508, 27494265972, vstest.console.dll, AssemblyResolver.OnResolve: Microsoft.Bcl.AsyncInterfaces: Failed to load assembly.
TpTrace Verbose: 0 : 7496, 1, 2023/10/31, 19:57:57.508, 27494266230, vstest.console.dll, CurrentDomainAssemblyResolve: Resolving assembly 'Microsoft.Bcl.AsyncInterfaces'.
TpTrace Information: 0 : 7496, 1, 2023/10/31, 19:57:57.508, 27494266629, vstest.console.dll, AssemblyResolver.OnResolve: Microsoft.Bcl.AsyncInterfaces: Resolving assembly.
TpTrace Information: 0 : 7496, 1, 2023/10/31, 19:57:57.508, 27494266887, vstest.console.dll, AssemblyResolver.OnResolve: Microsoft.Bcl.AsyncInterfaces: Resolved from cache.
TpTrace Verbose: 0 : 7496, 1, 2023/10/31, 19:57:57.508, 27494267051, vstest.console.dll, CurrentDomainAssemblyResolve: Resolving assembly 'Microsoft.Bcl.AsyncInterfaces'.
TpTrace Verbose: 0 : 7496, 1, 2023/10/31, 19:57:57.508, 27494267282, vstest.console.dll, CurrentDomainAssemblyResolve: Failed to resolve assembly 'Microsoft.Bcl.AsyncInterfaces'.
TpTrace Verbose: 0 : 7496, 1, 2023/10/31, 19:57:57.509, 27494273696, vstest.console.dll, CurrentDomainAssemblyResolve: Failed to resolve assembly 'Microsoft.Bcl.AsyncInterfaces'.
TpTrace Warning: 0 : 7496, 1, 2023/10/31, 19:57:57.514, 27494330956, vstest.console.dll, TestPluginDiscoverer: Failed to get types from assembly 'Microsoft.Diagnostics.NETCore.Client, Version=0.2.6.42401, Culture=neutral, PublicKeyToken=31bf3856ad364e35'. Error: System.Reflection.ReflectionTypeLoadException: Unable to load one or more of the requested types.
Could not load file or assembly 'Microsoft.Bcl.AsyncInterfaces, Version=1.0.0.0, Culture=neutral, PublicKeyToken=cc7b13ffcd2ddd51'. Не удается найти указанный файл.
   at System.Reflection.RuntimeModule.GetTypes(RuntimeModule module)
   at System.Reflection.Assembly.GetTypes()
   at Microsoft.VisualStudio.TestPlatform.Common.ExtensionFramework.TestPluginDiscoverer.GetTestExtensionsFromAssembly[TPluginInfo,TExtension](Assembly assembly, Dictionary`2 pluginInfos, String filePath)
System.IO.FileNotFoundException: Could not load file or assembly 'Microsoft.Bcl.AsyncInterfaces, Version=1.0.0.0, Culture=neutral, PublicKeyToken=cc7b13ffcd2ddd51'. Не удается найти указанный файл.
File name: 'Microsoft.Bcl.AsyncInterfaces, Version=1.0.0.0, Culture=neutral, PublicKeyToken=cc7b13ffcd2ddd51'
 ---> System.IO.FileNotFoundException: Could not load file or assembly 'Microsoft.Bcl.AsyncInterfaces, Culture=neutral, PublicKeyToken=null'. Не удается найти указанный файл.
File name: 'Microsoft.Bcl.AsyncInterfaces, Culture=neutral, PublicKeyToken=null'
   at System.Reflection.RuntimeAssembly.InternalLoad(AssemblyName assemblyName, StackCrawlMark& stackMark, AssemblyLoadContext assemblyLoadContext, RuntimeAssembly requestingAssembly, Boolean throwOnFileNotFound)
   at System.Reflection.Assembly.Load(AssemblyName assemblyRef)
   at Microsoft.VisualStudio.TestPlatform.Common.ExtensionFramework.TestPluginCache.CurrentDomainAssemblyResolve(Object sender, AssemblyResolveEventArgs args)
   at System.Runtime.Loader.AssemblyLoadContext.GetFirstResolvedAssemblyFromResolvingEvent(AssemblyName assemblyName)
   at System.Runtime.Loader.AssemblyLoadContext.ResolveUsingEvent(AssemblyName assemblyName)
   at System.Runtime.Loader.AssemblyLoadContext.ResolveUsingResolvingEvent(IntPtr gchManagedAssemblyLoadContext, AssemblyName assemblyName)
TpTrace Warning: 0 : 7496, 1, 2023/10/31, 19:57:57.515, 27494334392, vstest.console.dll, LoaderExceptions: System.IO.FileNotFoundException: Could not load file or assembly 'Microsoft.Bcl.AsyncInterfaces, Version=1.0.0.0, Culture=neutral, PublicKeyToken=cc7b13ffcd2ddd51'. Не удается найти указанный файл.
File name: 'Microsoft.Bcl.AsyncInterfaces, Version=1.0.0.0, Culture=neutral, PublicKeyToken=cc7b13ffcd2ddd51'
 ---> System.IO.FileNotFoundException: Could not load file or assembly 'Microsoft.Bcl.AsyncInterfaces, Culture=neutral, PublicKeyToken=null'. Не удается найти указанный файл.
File name: 'Microsoft.Bcl.AsyncInterfaces, Culture=neutral, PublicKeyToken=null'
   at System.Reflection.RuntimeAssembly.InternalLoad(AssemblyName assemblyName, StackCrawlMark& stackMark, AssemblyLoadContext assemblyLoadContext, RuntimeAssembly requestingAssembly, Boolean throwOnFileNotFound)
   at System.Reflection.Assembly.Load(AssemblyName assemblyRef)
   at Microsoft.VisualStudio.TestPlatform.Common.ExtensionFramework.TestPluginCache.CurrentDomainAssemblyResolve(Object sender, AssemblyResolveEventArgs args)
   at System.Runtime.Loader.AssemblyLoadContext.GetFirstResolvedAssemblyFromResolvingEvent(AssemblyName assemblyName)
   at System.Runtime.Loader.AssemblyLoadContext.ResolveUsingEvent(AssemblyName assemblyName)
   at System.Runtime.Loader.AssemblyLoadContext.ResolveUsingResolvingEvent(IntPtr gchManagedAssemblyLoadContext, AssemblyName assemblyName)
TpTrace Information: 0 : 7496, 1, 2023/10/31, 19:57:57.515, 27494335819, vstest.console.dll, AssemblyResolver.OnResolve: Microsoft.TestPlatform.Extensions.BlameDataCollector: Resolving assembly.
TpTrace Information: 0 : 7496, 1, 2023/10/31, 19:57:57.515, 27494336299, vstest.console.dll, AssemblyResolver.OnResolve: Microsoft.TestPlatform.Extensions.BlameDataCollector: Searching in: 'C:\Program Files\dotnet\sdk\7.0.203\Extensions'.
TpTrace Information: 0 : 7496, 1, 2023/10/31, 19:57:57.515, 27494339136, vstest.console.dll, AssemblyResolver.OnResolve: Microsoft.TestPlatform.Extensions.BlameDataCollector: Loading assembly 'C:\Program Files\dotnet\sdk\7.0.203\Extensions\Microsoft.TestPlatform.Extensions.BlameDataCollector.dll'.
TpTrace Information: 0 : 7496, 1, 2023/10/31, 19:57:57.516, 27494342274, vstest.console.dll, AssemblyResolver.OnResolve: Resolved assembly: Microsoft.TestPlatform.Extensions.BlameDataCollector, from path: C:\Program Files\dotnet\sdk\7.0.203\Extensions\Microsoft.TestPlatform.Extensions.BlameDataCollector.dll
TpTrace Verbose: 0 : 7496, 1, 2023/10/31, 19:57:57.516, 27494342839, vstest.console.dll, MetadataReaderExtensionsHelper: Discovering extensions inside assembly 'Microsoft.TestPlatform.Extensions.BlameDataCollector, Version=15.0.0.0, Culture=neutral, PublicKeyToken=b03f5f7f11d50a3a' file path 'C:\Program Files\dotnet\sdk\7.0.203\Extensions\Microsoft.TestPlatform.Extensions.BlameDataCollector.dll'
TpTrace Information: 0 : 7496, 1, 2023/10/31, 19:57:57.517, 27494354164, vstest.console.dll, AssemblyResolver.OnResolve: Microsoft.TestPlatform.Extensions.EventLogCollector: Resolving assembly.
TpTrace Information: 0 : 7496, 1, 2023/10/31, 19:57:57.517, 27494354988, vstest.console.dll, AssemblyResolver.OnResolve: Microsoft.TestPlatform.Extensions.EventLogCollector: Searching in: 'C:\Program Files\dotnet\sdk\7.0.203\Extensions'.
TpTrace Information: 0 : 7496, 1, 2023/10/31, 19:57:57.517, 27494356962, vstest.console.dll, AssemblyResolver.OnResolve: Microsoft.TestPlatform.Extensions.EventLogCollector: Loading assembly 'C:\Program Files\dotnet\sdk\7.0.203\Extensions\Microsoft.TestPlatform.Extensions.EventLogCollector.dll'.
TpTrace Information: 0 : 7496, 1, 2023/10/31, 19:57:57.517, 27494359666, vstest.console.dll, AssemblyResolver.OnResolve: Resolved assembly: Microsoft.TestPlatform.Extensions.EventLogCollector, from path: C:\Program Files\dotnet\sdk\7.0.203\Extensions\Microsoft.TestPlatform.Extensions.EventLogCollector.dll
TpTrace Verbose: 0 : 7496, 1, 2023/10/31, 19:57:57.517, 27494360123, vstest.console.dll, MetadataReaderExtensionsHelper: Discovering extensions inside assembly 'Microsoft.TestPlatform.Extensions.EventLogCollector, Version=15.0.0.0, Culture=neutral, PublicKeyToken=b03f5f7f11d50a3a' file path 'C:\Program Files\dotnet\sdk\7.0.203\Extensions\Microsoft.TestPlatform.Extensions.EventLogCollector.dll'
TpTrace Information: 0 : 7496, 1, 2023/10/31, 19:57:57.519, 27494378633, vstest.console.dll, AssemblyResolver.OnResolve: Microsoft.TestPlatform.TestHostRuntimeProvider: Resolving assembly.
TpTrace Information: 0 : 7496, 1, 2023/10/31, 19:57:57.519, 27494379454, vstest.console.dll, AssemblyResolver.OnResolve: Microsoft.TestPlatform.TestHostRuntimeProvider: Searching in: 'C:\Program Files\dotnet\sdk\7.0.203\Extensions'.
TpTrace Information: 0 : 7496, 1, 2023/10/31, 19:57:57.519, 27494381358, vstest.console.dll, AssemblyResolver.OnResolve: Microsoft.TestPlatform.TestHostRuntimeProvider: Loading assembly 'C:\Program Files\dotnet\sdk\7.0.203\Extensions\Microsoft.TestPlatform.TestHostRuntimeProvider.dll'.
TpTrace Information: 0 : 7496, 1, 2023/10/31, 19:57:57.520, 27494383865, vstest.console.dll, AssemblyResolver.OnResolve: Resolved assembly: Microsoft.TestPlatform.TestHostRuntimeProvider, from path: C:\Program Files\dotnet\sdk\7.0.203\Extensions\Microsoft.TestPlatform.TestHostRuntimeProvider.dll
TpTrace Verbose: 0 : 7496, 1, 2023/10/31, 19:57:57.520, 27494384319, vstest.console.dll, MetadataReaderExtensionsHelper: Discovering extensions inside assembly 'Microsoft.TestPlatform.TestHostRuntimeProvider, Version=15.0.0.0, Culture=neutral, PublicKeyToken=b03f5f7f11d50a3a' file path 'C:\Program Files\dotnet\sdk\7.0.203\Extensions\Microsoft.TestPlatform.TestHostRuntimeProvider.dll'
TpTrace Information: 0 : 7496, 1, 2023/10/31, 19:57:57.521, 27494396995, vstest.console.dll, GetTestExtensionFromType: Register extension with identifier data 'HostProvider://DefaultTestHost' and type 'Microsoft.VisualStudio.TestPlatform.CrossPlatEngine.Hosting.DefaultTestHostManager, Microsoft.TestPlatform.TestHostRuntimeProvider, Version=15.0.0.0, Culture=neutral, PublicKeyToken=b03f5f7f11d50a3a' inside file 'C:\Program Files\dotnet\sdk\7.0.203\Extensions\Microsoft.TestPlatform.TestHostRuntimeProvider.dll'
TpTrace Information: 0 : 7496, 1, 2023/10/31, 19:57:57.521, 27494399129, vstest.console.dll, GetTestExtensionFromType: Register extension with identifier data 'HostProvider://DotnetTestHost' and type 'Microsoft.VisualStudio.TestPlatform.CrossPlatEngine.Hosting.DotnetTestHostManager, Microsoft.TestPlatform.TestHostRuntimeProvider, Version=15.0.0.0, Culture=neutral, PublicKeyToken=b03f5f7f11d50a3a' inside file 'C:\Program Files\dotnet\sdk\7.0.203\Extensions\Microsoft.TestPlatform.TestHostRuntimeProvider.dll'
TpTrace Information: 0 : 7496, 1, 2023/10/31, 19:57:57.521, 27494399780, vstest.console.dll, AssemblyResolver.OnResolve: Microsoft.VisualStudio.TestPlatform.Extensions.Html.TestLogger: Resolving assembly.
TpTrace Information: 0 : 7496, 1, 2023/10/31, 19:57:57.521, 27494400109, vstest.console.dll, AssemblyResolver.OnResolve: Microsoft.VisualStudio.TestPlatform.Extensions.Html.TestLogger: Searching in: 'C:\Program Files\dotnet\sdk\7.0.203\Extensions'.
TpTrace Information: 0 : 7496, 1, 2023/10/31, 19:57:57.522, 27494402367, vstest.console.dll, AssemblyResolver.OnResolve: Microsoft.VisualStudio.TestPlatform.Extensions.Html.TestLogger: Loading assembly 'C:\Program Files\dotnet\sdk\7.0.203\Extensions\Microsoft.VisualStudio.TestPlatform.Extensions.Html.TestLogger.dll'.
TpTrace Information: 0 : 7496, 1, 2023/10/31, 19:57:57.522, 27494405093, vstest.console.dll, AssemblyResolver.OnResolve: Resolved assembly: Microsoft.VisualStudio.TestPlatform.Extensions.Html.TestLogger, from path: C:\Program Files\dotnet\sdk\7.0.203\Extensions\Microsoft.VisualStudio.TestPlatform.Extensions.Html.TestLogger.dll
TpTrace Verbose: 0 : 7496, 1, 2023/10/31, 19:57:57.522, 27494405593, vstest.console.dll, MetadataReaderExtensionsHelper: Discovering extensions inside assembly 'Microsoft.VisualStudio.TestPlatform.Extensions.Html.TestLogger, Version=15.0.0.0, Culture=neutral, PublicKeyToken=b03f5f7f11d50a3a' file path 'C:\Program Files\dotnet\sdk\7.0.203\Extensions\Microsoft.VisualStudio.TestPlatform.Extensions.Html.TestLogger.dll'
TpTrace Information: 0 : 7496, 1, 2023/10/31, 19:57:57.522, 27494412032, vstest.console.dll, AssemblyResolver.OnResolve: Microsoft.VisualStudio.TestPlatform.Extensions.Trx.TestLogger: Resolving assembly.
TpTrace Information: 0 : 7496, 1, 2023/10/31, 19:57:57.523, 27494412862, vstest.console.dll, AssemblyResolver.OnResolve: Microsoft.VisualStudio.TestPlatform.Extensions.Trx.TestLogger: Searching in: 'C:\Program Files\dotnet\sdk\7.0.203\Extensions'.
TpTrace Information: 0 : 7496, 1, 2023/10/31, 19:57:57.523, 27494415259, vstest.console.dll, AssemblyResolver.OnResolve: Microsoft.VisualStudio.TestPlatform.Extensions.Trx.TestLogger: Loading assembly 'C:\Program Files\dotnet\sdk\7.0.203\Extensions\Microsoft.VisualStudio.TestPlatform.Extensions.Trx.TestLogger.dll'.
TpTrace Information: 0 : 7496, 1, 2023/10/31, 19:57:57.523, 27494418208, vstest.console.dll, AssemblyResolver.OnResolve: Resolved assembly: Microsoft.VisualStudio.TestPlatform.Extensions.Trx.TestLogger, from path: C:\Program Files\dotnet\sdk\7.0.203\Extensions\Microsoft.VisualStudio.TestPlatform.Extensions.Trx.TestLogger.dll
TpTrace Verbose: 0 : 7496, 1, 2023/10/31, 19:57:57.523, 27494418733, vstest.console.dll, MetadataReaderExtensionsHelper: Discovering extensions inside assembly 'Microsoft.VisualStudio.TestPlatform.Extensions.Trx.TestLogger, Version=15.0.0.0, Culture=neutral, PublicKeyToken=b03f5f7f11d50a3a' file path 'C:\Program Files\dotnet\sdk\7.0.203\Extensions\Microsoft.VisualStudio.TestPlatform.Extensions.Trx.TestLogger.dll'
TpTrace Verbose: 0 : 7496, 1, 2023/10/31, 19:57:57.524, 27494427059, vstest.console.dll, TestPluginCache: Discovered the extensions using extension path ''.
TpTrace Verbose: 0 : 7496, 1, 2023/10/31, 19:57:57.524, 27494427674, vstest.console.dll, TestPluginCache: Discoverers are ''.
TpTrace Verbose: 0 : 7496, 1, 2023/10/31, 19:57:57.524, 27494427848, vstest.console.dll, TestPluginCache: Executors are ''.
TpTrace Verbose: 0 : 7496, 1, 2023/10/31, 19:57:57.524, 27494427997, vstest.console.dll, TestPluginCache: Executors2 are ''.
TpTrace Verbose: 0 : 7496, 1, 2023/10/31, 19:57:57.524, 27494428141, vstest.console.dll, TestPluginCache: Setting providers are ''.
TpTrace Verbose: 0 : 7496, 1, 2023/10/31, 19:57:57.524, 27494428286, vstest.console.dll, TestPluginCache: Loggers are ''.
TpTrace Verbose: 0 : 7496, 1, 2023/10/31, 19:57:57.524, 27494429238, vstest.console.dll, TestPluginCache: TestHosts are 'HostProvider://DefaultTestHost,HostProvider://DotnetTestHost'.
TpTrace Verbose: 0 : 7496, 1, 2023/10/31, 19:57:57.524, 27494429472, vstest.console.dll, TestPluginCache: DataCollectors are ''.
TpTrace Information: 0 : 7496, 1, 2023/10/31, 19:57:57.532, 27494509049, vstest.console.dll, RunTestsArgumentProcessor:Execute: Test run is starting.
TpTrace Verbose: 0 : 7496, 1, 2023/10/31, 19:57:57.532, 27494509795, vstest.console.dll, RunTestsArgumentProcessor:Execute: Queuing Test run.
TpTrace Information: 0 : 7496, 1, 2023/10/31, 19:57:57.532, 27494511382, vstest.console.dll, TestRequestManager.RunTests: run tests started.
TpTrace Information: 0 : 7496, 1, 2023/10/31, 19:57:57.533, 27494520142, vstest.console.dll, AssemblyMetadataProvider.GetFrameworkName: Determined framework:'.NETCoreApp,Version=v6.0' for source: 'D:\GitHub\LogReportService\LogReportServiceTests\bin\Debug\net6.0\fine-code-coverage\build-output\LogReportServiceTests.dll'
TpTrace Information: 0 : 7496, 1, 2023/10/31, 19:57:57.533, 27494521447, vstest.console.dll, Determined framework for all sources: .NETCoreApp,Version=v6.0
TpTrace Verbose: 0 : 7496, 1, 2023/10/31, 19:57:57.534, 27494524864, vstest.console.dll, TestRequestManager.UpdateRunSettingsIfRequired: Default architecture: X64 IsDefaultTargetArchitecture: True, Current process architecture: X64 OperatingSystem: Windows.
TpTrace Information: 0 : 7496, 1, 2023/10/31, 19:57:57.535, 27494539311, vstest.console.dll, AssemblyMetadataProvider.GetArchitecture: Determined architecture:AnyCPU info for assembly: D:\GitHub\LogReportService\LogReportServiceTests\bin\Debug\net6.0\fine-code-coverage\build-output\LogReportServiceTests.dll
TpTrace Information: 0 : 7496, 1, 2023/10/31, 19:57:57.535, 27494539862, vstest.console.dll, Determined platform for source 'D:\GitHub\LogReportService\LogReportServiceTests\bin\Debug\net6.0\fine-code-coverage\build-output\LogReportServiceTests.dll' was AnyCPU and it will use the default plaform X64.
TpTrace Information: 0 : 7496, 1, 2023/10/31, 19:57:57.535, 27494540048, vstest.console.dll, None of the sources provided any runnable platform, using the default platform: X64
TpTrace Information: 0 : 7496, 1, 2023/10/31, 19:57:57.535, 27494540758, vstest.console.dll, Platform was updated to 'X64'.
TpTrace Information: 0 : 7496, 1, 2023/10/31, 19:57:57.538, 27494565428, vstest.console.dll, InferRunSettingsHelper.IsTestSettingsEnabled: Unable to navigate to RunSettings/MSTest. Current node: RunSettings
TpTrace Information: 0 : 7496, 1, 2023/10/31, 19:57:57.538, 27494570613, vstest.console.dll, AssemblyResolver.OnResolve: Microsoft.VisualStudio.TestPlatform.Fakes: Resolving assembly.
TpTrace Information: 0 : 7496, 1, 2023/10/31, 19:57:57.538, 27494571360, vstest.console.dll, AssemblyResolver.OnResolve: Microsoft.VisualStudio.TestPlatform.Fakes: Searching in: 'C:\Program Files\dotnet\sdk\7.0.203\Extensions'.
TpTrace Information: 0 : 7496, 1, 2023/10/31, 19:57:57.538, 27494572132, vstest.console.dll, AssemblyResolver.OnResolve: Microsoft.VisualStudio.TestPlatform.Fakes: Assembly path does not exist: 'C:\Program Files\dotnet\sdk\7.0.203\Extensions\Microsoft.VisualStudio.TestPlatform.Fakes.dll', returning.
TpTrace Information: 0 : 7496, 1, 2023/10/31, 19:57:57.539, 27494572493, vstest.console.dll, AssemblyResolver.OnResolve: Microsoft.VisualStudio.TestPlatform.Fakes: Assembly path does not exist: 'C:\Program Files\dotnet\sdk\7.0.203\Extensions\Microsoft.VisualStudio.TestPlatform.Fakes.exe', returning.
TpTrace Information: 0 : 7496, 1, 2023/10/31, 19:57:57.539, 27494572709, vstest.console.dll, AssemblyResolver.OnResolve: Microsoft.VisualStudio.TestPlatform.Fakes: Searching in: 'C:\Program Files\dotnet\sdk\7.0.203'.
TpTrace Information: 0 : 7496, 1, 2023/10/31, 19:57:57.539, 27494573067, vstest.console.dll, AssemblyResolver.OnResolve: Microsoft.VisualStudio.TestPlatform.Fakes: Assembly path does not exist: 'C:\Program Files\dotnet\sdk\7.0.203\Microsoft.VisualStudio.TestPlatform.Fakes.dll', returning.
TpTrace Information: 0 : 7496, 1, 2023/10/31, 19:57:57.539, 27494573381, vstest.console.dll, AssemblyResolver.OnResolve: Microsoft.VisualStudio.TestPlatform.Fakes: Assembly path does not exist: 'C:\Program Files\dotnet\sdk\7.0.203\Microsoft.VisualStudio.TestPlatform.Fakes.exe', returning.
TpTrace Information: 0 : 7496, 1, 2023/10/31, 19:57:57.539, 27494573552, vstest.console.dll, AssemblyResolver.OnResolve: Microsoft.VisualStudio.TestPlatform.Fakes: Failed to load assembly.
TpTrace Information: 0 : 7496, 1, 2023/10/31, 19:57:57.539, 27494575548, vstest.console.dll, Failed to load assembly Microsoft.VisualStudio.TestPlatform.Fakes, Version=17.0.0.0, Culture=neutral. Reason:System.IO.FileNotFoundException: Could not load file or assembly 'Microsoft.VisualStudio.TestPlatform.Fakes, Version=17.0.0.0, Culture=neutral, PublicKeyToken=null'. Не удается найти указанный файл.
File name: 'Microsoft.VisualStudio.TestPlatform.Fakes, Version=17.0.0.0, Culture=neutral, PublicKeyToken=null'
   at System.Reflection.RuntimeAssembly.InternalLoad(AssemblyName assemblyName, StackCrawlMark& stackMark, AssemblyLoadContext assemblyLoadContext, RuntimeAssembly requestingAssembly, Boolean throwOnFileNotFound)
   at System.Reflection.Assembly.Load(AssemblyName assemblyRef)
   at Microsoft.VisualStudio.TestPlatform.Common.Utilities.FakesUtilities.LoadTestPlatformAssembly()
TpTrace Verbose: 0 : 7496, 1, 2023/10/31, 19:57:57.541, 27494600012, vstest.console.dll, TestPluginCache.DiscoverTestExtensions: finding test extensions in assemblies ends with: TestLogger.dll TPluginInfo: Microsoft.VisualStudio.TestPlatform.Common.ExtensionFramework.Utilities.TestLoggerPluginInformation TExtension: Microsoft.VisualStudio.TestPlatform.ObjectModel.Client.ITestLogger
TpTrace Verbose: 0 : 7496, 1, 2023/10/31, 19:57:57.541, 27494600973, vstest.console.dll, TestPluginCache.GetExtensionPaths: Filtered extension paths: 
TpTrace Verbose: 0 : 7496, 1, 2023/10/31, 19:57:57.541, 27494601206, vstest.console.dll, TestPluginCache.GetExtensionPaths: Added default extension paths: C:\Program Files\dotnet\sdk\7.0.203\Extensions\Microsoft.Diagnostics.NETCore.Client.dll
C:\Program Files\dotnet\sdk\7.0.203\Extensions\Microsoft.TestPlatform.Extensions.BlameDataCollector.dll
C:\Program Files\dotnet\sdk\7.0.203\Extensions\Microsoft.TestPlatform.Extensions.EventLogCollector.dll
C:\Program Files\dotnet\sdk\7.0.203\Extensions\Microsoft.TestPlatform.TestHostRuntimeProvider.dll
C:\Program Files\dotnet\sdk\7.0.203\Extensions\Microsoft.VisualStudio.TestPlatform.Extensions.Html.TestLogger.dll
C:\Program Files\dotnet\sdk\7.0.203\Extensions\Microsoft.VisualStudio.TestPlatform.Extensions.Trx.TestLogger.dll
TpTrace Verbose: 0 : 7496, 1, 2023/10/31, 19:57:57.541, 27494601435, vstest.console.dll, TestPluginCache.GetExtensionPaths: Added unfilterableExtensionPaths: 
TpTrace Information: 0 : 7496, 1, 2023/10/31, 19:57:57.542, 27494602471, vstest.console.dll, AssemblyResolver.AddSearchDirectories: Adding more searchDirectories C:\Program Files\dotnet\sdk\7.0.203\Extensions,C:\Program Files\dotnet\sdk\7.0.203
TpTrace Verbose: 0 : 7496, 1, 2023/10/31, 19:57:57.542, 27494602754, vstest.console.dll, TestPluginCache.DiscoverTestExtensions: Discovering the extensions using extension path.
TpTrace Verbose: 0 : 7496, 1, 2023/10/31, 19:57:57.542, 27494602990, vstest.console.dll, TestPluginCache.GetExtensionPaths: Filtered extension paths: 
TpTrace Verbose: 0 : 7496, 1, 2023/10/31, 19:57:57.542, 27494603162, vstest.console.dll, TestPluginCache.GetExtensionPaths: Added default extension paths: C:\Program Files\dotnet\sdk\7.0.203\Extensions\Microsoft.Diagnostics.NETCore.Client.dll
C:\Program Files\dotnet\sdk\7.0.203\Extensions\Microsoft.TestPlatform.Extensions.BlameDataCollector.dll
C:\Program Files\dotnet\sdk\7.0.203\Extensions\Microsoft.TestPlatform.Extensions.EventLogCollector.dll
C:\Program Files\dotnet\sdk\7.0.203\Extensions\Microsoft.TestPlatform.TestHostRuntimeProvider.dll
C:\Program Files\dotnet\sdk\7.0.203\Extensions\Microsoft.VisualStudio.TestPlatform.Extensions.Html.TestLogger.dll
C:\Program Files\dotnet\sdk\7.0.203\Extensions\Microsoft.VisualStudio.TestPlatform.Extensions.Trx.TestLogger.dll
TpTrace Verbose: 0 : 7496, 1, 2023/10/31, 19:57:57.542, 27494603329, vstest.console.dll, TestPluginCache.GetExtensionPaths: Added unfilterableExtensionPaths: 
TpTrace Verbose: 0 : 7496, 1, 2023/10/31, 19:57:57.542, 27494603527, vstest.console.dll, TestPluginCache.DiscoverTestExtensions: Discovering the extensions using allExtensionPaths: C:\Program Files\dotnet\sdk\7.0.203\Extensions\Microsoft.Diagnostics.NETCore.Client.dll
C:\Program Files\dotnet\sdk\7.0.203\Extensions\Microsoft.TestPlatform.Extensions.BlameDataCollector.dll
C:\Program Files\dotnet\sdk\7.0.203\Extensions\Microsoft.TestPlatform.Extensions.EventLogCollector.dll
C:\Program Files\dotnet\sdk\7.0.203\Extensions\Microsoft.TestPlatform.TestHostRuntimeProvider.dll
C:\Program Files\dotnet\sdk\7.0.203\Extensions\Microsoft.VisualStudio.TestPlatform.Extensions.Html.TestLogger.dll
C:\Program Files\dotnet\sdk\7.0.203\Extensions\Microsoft.VisualStudio.TestPlatform.Extensions.Trx.TestLogger.dll
TpTrace Information: 0 : 7496, 1, 2023/10/31, 19:57:57.542, 27494604286, vstest.console.dll, AssemblyResolver.AddSearchDirectories: Adding more searchDirectories C:\Program Files\dotnet\sdk\7.0.203\Extensions,C:\Program Files\dotnet\sdk\7.0.203
TpTrace Information: 0 : 7496, 1, 2023/10/31, 19:57:57.542, 27494604546, vstest.console.dll, AssemblyResolver.AddSearchDirectories: Adding more searchDirectories C:\Program Files\dotnet\sdk\7.0.203\Extensions,C:\Program Files\dotnet\sdk\7.0.203
TpTrace Information: 0 : 7496, 1, 2023/10/31, 19:57:57.542, 27494604725, vstest.console.dll, AssemblyResolver.AddSearchDirectories: Adding more searchDirectories C:\Program Files\dotnet\sdk\7.0.203\Extensions,C:\Program Files\dotnet\sdk\7.0.203
TpTrace Information: 0 : 7496, 1, 2023/10/31, 19:57:57.542, 27494604897, vstest.console.dll, AssemblyResolver.AddSearchDirectories: Adding more searchDirectories C:\Program Files\dotnet\sdk\7.0.203\Extensions,C:\Program Files\dotnet\sdk\7.0.203
TpTrace Information: 0 : 7496, 1, 2023/10/31, 19:57:57.542, 27494605113, vstest.console.dll, AssemblyResolver.AddSearchDirectories: Adding more searchDirectories C:\Program Files\dotnet\sdk\7.0.203\Extensions,C:\Program Files\dotnet\sdk\7.0.203
TpTrace Information: 0 : 7496, 1, 2023/10/31, 19:57:57.542, 27494605314, vstest.console.dll, AssemblyResolver.AddSearchDirectories: Adding more searchDirectories C:\Program Files\dotnet\sdk\7.0.203\Extensions,C:\Program Files\dotnet\sdk\7.0.203
TpTrace Verbose: 0 : 7496, 1, 2023/10/31, 19:57:57.542, 27494606356, vstest.console.dll, MetadataReaderExtensionsHelper: Discovering extensions inside assembly 'Microsoft.Diagnostics.NETCore.Client, Version=0.2.6.42401, Culture=neutral, PublicKeyToken=31bf3856ad364e35' file path 'C:\Program Files\dotnet\sdk\7.0.203\Extensions\Microsoft.Diagnostics.NETCore.Client.dll'
TpTrace Information: 0 : 7496, 1, 2023/10/31, 19:57:57.542, 27494612207, vstest.console.dll, AssemblyResolver.OnResolve: Microsoft.Bcl.AsyncInterfaces: Resolving assembly.
TpTrace Information: 0 : 7496, 1, 2023/10/31, 19:57:57.543, 27494612778, vstest.console.dll, AssemblyResolver.OnResolve: Microsoft.Bcl.AsyncInterfaces: Resolved from cache.
TpTrace Verbose: 0 : 7496, 1, 2023/10/31, 19:57:57.543, 27494612976, vstest.console.dll, CurrentDomainAssemblyResolve: Resolving assembly 'Microsoft.Bcl.AsyncInterfaces'.
TpTrace Information: 0 : 7496, 1, 2023/10/31, 19:57:57.543, 27494613287, vstest.console.dll, AssemblyResolver.OnResolve: Microsoft.Bcl.AsyncInterfaces: Resolving assembly.
TpTrace Information: 0 : 7496, 1, 2023/10/31, 19:57:57.543, 27494613467, vstest.console.dll, AssemblyResolver.OnResolve: Microsoft.Bcl.AsyncInterfaces: Resolved from cache.
TpTrace Verbose: 0 : 7496, 1, 2023/10/31, 19:57:57.543, 27494613651, vstest.console.dll, CurrentDomainAssemblyResolve: Resolving assembly 'Microsoft.Bcl.AsyncInterfaces'.
TpTrace Verbose: 0 : 7496, 1, 2023/10/31, 19:57:57.543, 27494613804, vstest.console.dll, CurrentDomainAssemblyResolve: Failed to resolve assembly 'Microsoft.Bcl.AsyncInterfaces'.
TpTrace Verbose: 0 : 7496, 1, 2023/10/31, 19:57:57.543, 27494614883, vstest.console.dll, CurrentDomainAssemblyResolve: Failed to resolve assembly 'Microsoft.Bcl.AsyncInterfaces'.
TpTrace Warning: 0 : 7496, 1, 2023/10/31, 19:57:57.543, 27494617261, vstest.console.dll, TestPluginDiscoverer: Failed to get types from assembly 'Microsoft.Diagnostics.NETCore.Client, Version=0.2.6.42401, Culture=neutral, PublicKeyToken=31bf3856ad364e35'. Error: System.Reflection.ReflectionTypeLoadException: Unable to load one or more of the requested types.
Could not load file or assembly 'Microsoft.Bcl.AsyncInterfaces, Version=1.0.0.0, Culture=neutral, PublicKeyToken=cc7b13ffcd2ddd51'. Не удается найти указанный файл.
   at System.Reflection.RuntimeModule.GetTypes(RuntimeModule module)
   at System.Reflection.Assembly.GetTypes()
   at Microsoft.VisualStudio.TestPlatform.Common.ExtensionFramework.TestPluginDiscoverer.GetTestExtensionsFromAssembly[TPluginInfo,TExtension](Assembly assembly, Dictionary`2 pluginInfos, String filePath)
System.IO.FileNotFoundException: Could not load file or assembly 'Microsoft.Bcl.AsyncInterfaces, Version=1.0.0.0, Culture=neutral, PublicKeyToken=cc7b13ffcd2ddd51'. Не удается найти указанный файл.
File name: 'Microsoft.Bcl.AsyncInterfaces, Version=1.0.0.0, Culture=neutral, PublicKeyToken=cc7b13ffcd2ddd51'
 ---> System.IO.FileNotFoundException: Could not load file or assembly 'Microsoft.Bcl.AsyncInterfaces, Culture=neutral, PublicKeyToken=null'. Не удается найти указанный файл.
File name: 'Microsoft.Bcl.AsyncInterfaces, Culture=neutral, PublicKeyToken=null'
   at System.Reflection.RuntimeAssembly.InternalLoad(AssemblyName assemblyName, StackCrawlMark& stackMark, AssemblyLoadContext assemblyLoadContext, RuntimeAssembly requestingAssembly, Boolean throwOnFileNotFound)
   at System.Reflection.Assembly.Load(AssemblyName assemblyRef)
   at Microsoft.VisualStudio.TestPlatform.Common.ExtensionFramework.TestPluginCache.CurrentDomainAssemblyResolve(Object sender, AssemblyResolveEventArgs args)
   at System.Runtime.Loader.AssemblyLoadContext.GetFirstResolvedAssemblyFromResolvingEvent(AssemblyName assemblyName)
   at System.Runtime.Loader.AssemblyLoadContext.ResolveUsingEvent(AssemblyName assemblyName)
   at System.Runtime.Loader.AssemblyLoadContext.ResolveUsingResolvingEvent(IntPtr gchManagedAssemblyLoadContext, AssemblyName assemblyName)
TpTrace Warning: 0 : 7496, 1, 2023/10/31, 19:57:57.543, 27494618339, vstest.console.dll, LoaderExceptions: System.IO.FileNotFoundException: Could not load file or assembly 'Microsoft.Bcl.AsyncInterfaces, Version=1.0.0.0, Culture=neutral, PublicKeyToken=cc7b13ffcd2ddd51'. Не удается найти указанный файл.
File name: 'Microsoft.Bcl.AsyncInterfaces, Version=1.0.0.0, Culture=neutral, PublicKeyToken=cc7b13ffcd2ddd51'
 ---> System.IO.FileNotFoundException: Could not load file or assembly 'Microsoft.Bcl.AsyncInterfaces, Culture=neutral, PublicKeyToken=null'. Не удается найти указанный файл.
File name: 'Microsoft.Bcl.AsyncInterfaces, Culture=neutral, PublicKeyToken=null'
   at System.Reflection.RuntimeAssembly.InternalLoad(AssemblyName assemblyName, StackCrawlMark& stackMark, AssemblyLoadContext assemblyLoadContext, RuntimeAssembly requestingAssembly, Boolean throwOnFileNotFound)
   at System.Reflection.Assembly.Load(AssemblyName assemblyRef)
   at Microsoft.VisualStudio.TestPlatform.Common.ExtensionFramework.TestPluginCache.CurrentDomainAssemblyResolve(Object sender, AssemblyResolveEventArgs args)
   at System.Runtime.Loader.AssemblyLoadContext.GetFirstResolvedAssemblyFromResolvingEvent(AssemblyName assemblyName)
   at System.Runtime.Loader.AssemblyLoadContext.ResolveUsingEvent(AssemblyName assemblyName)
   at System.Runtime.Loader.AssemblyLoadContext.ResolveUsingResolvingEvent(IntPtr gchManagedAssemblyLoadContext, AssemblyName assemblyName)
TpTrace Verbose: 0 : 7496, 1, 2023/10/31, 19:57:57.543, 27494618949, vstest.console.dll, MetadataReaderExtensionsHelper: Discovering extensions inside assembly 'Microsoft.TestPlatform.Extensions.BlameDataCollector, Version=15.0.0.0, Culture=neutral, PublicKeyToken=b03f5f7f11d50a3a' file path 'C:\Program Files\dotnet\sdk\7.0.203\Extensions\Microsoft.TestPlatform.Extensions.BlameDataCollector.dll'
TpTrace Information: 0 : 7496, 1, 2023/10/31, 19:57:57.544, 27494622837, vstest.console.dll, GetTestExtensionFromType: Register extension with identifier data 'logger://Microsoft/TestPlatform/Extensions/Blame/v1' and type 'Microsoft.TestPlatform.Extensions.BlameDataCollector.BlameLogger, Microsoft.TestPlatform.Extensions.BlameDataCollector, Version=15.0.0.0, Culture=neutral, PublicKeyToken=b03f5f7f11d50a3a' inside file 'C:\Program Files\dotnet\sdk\7.0.203\Extensions\Microsoft.TestPlatform.Extensions.BlameDataCollector.dll'
TpTrace Verbose: 0 : 7496, 1, 2023/10/31, 19:57:57.544, 27494623340, vstest.console.dll, MetadataReaderExtensionsHelper: Discovering extensions inside assembly 'Microsoft.TestPlatform.Extensions.EventLogCollector, Version=15.0.0.0, Culture=neutral, PublicKeyToken=b03f5f7f11d50a3a' file path 'C:\Program Files\dotnet\sdk\7.0.203\Extensions\Microsoft.TestPlatform.Extensions.EventLogCollector.dll'
TpTrace Verbose: 0 : 7496, 1, 2023/10/31, 19:57:57.544, 27494625507, vstest.console.dll, MetadataReaderExtensionsHelper: Discovering extensions inside assembly 'Microsoft.TestPlatform.TestHostRuntimeProvider, Version=15.0.0.0, Culture=neutral, PublicKeyToken=b03f5f7f11d50a3a' file path 'C:\Program Files\dotnet\sdk\7.0.203\Extensions\Microsoft.TestPlatform.TestHostRuntimeProvider.dll'
TpTrace Verbose: 0 : 7496, 1, 2023/10/31, 19:57:57.544, 27494627866, vstest.console.dll, MetadataReaderExtensionsHelper: Discovering extensions inside assembly 'Microsoft.VisualStudio.TestPlatform.Extensions.Html.TestLogger, Version=15.0.0.0, Culture=neutral, PublicKeyToken=b03f5f7f11d50a3a' file path 'C:\Program Files\dotnet\sdk\7.0.203\Extensions\Microsoft.VisualStudio.TestPlatform.Extensions.Html.TestLogger.dll'
TpTrace Information: 0 : 7496, 1, 2023/10/31, 19:57:57.544, 27494632236, vstest.console.dll, GetTestExtensionFromType: Register extension with identifier data 'logger://Microsoft/TestPlatform/HtmlLogger/v1' and type 'Microsoft.VisualStudio.TestPlatform.Extensions.HtmlLogger.HtmlLogger, Microsoft.VisualStudio.TestPlatform.Extensions.Html.TestLogger, Version=15.0.0.0, Culture=neutral, PublicKeyToken=b03f5f7f11d50a3a' inside file 'C:\Program Files\dotnet\sdk\7.0.203\Extensions\Microsoft.VisualStudio.TestPlatform.Extensions.Html.TestLogger.dll'
TpTrace Verbose: 0 : 7496, 1, 2023/10/31, 19:57:57.545, 27494633052, vstest.console.dll, MetadataReaderExtensionsHelper: Discovering extensions inside assembly 'Microsoft.VisualStudio.TestPlatform.Extensions.Trx.TestLogger, Version=15.0.0.0, Culture=neutral, PublicKeyToken=b03f5f7f11d50a3a' file path 'C:\Program Files\dotnet\sdk\7.0.203\Extensions\Microsoft.VisualStudio.TestPlatform.Extensions.Trx.TestLogger.dll'
TpTrace Information: 0 : 7496, 1, 2023/10/31, 19:57:57.545, 27494636023, vstest.console.dll, GetTestExtensionFromType: Register extension with identifier data 'logger://Microsoft/TestPlatform/TrxLogger/v1' and type 'Microsoft.VisualStudio.TestPlatform.Extensions.TrxLogger.TrxLogger, Microsoft.VisualStudio.TestPlatform.Extensions.Trx.TestLogger, Version=15.0.0.0, Culture=neutral, PublicKeyToken=b03f5f7f11d50a3a' inside file 'C:\Program Files\dotnet\sdk\7.0.203\Extensions\Microsoft.VisualStudio.TestPlatform.Extensions.Trx.TestLogger.dll'
TpTrace Verbose: 0 : 7496, 1, 2023/10/31, 19:57:57.545, 27494636726, vstest.console.dll, TestPluginCache: Discovered the extensions using extension path ''.
TpTrace Verbose: 0 : 7496, 1, 2023/10/31, 19:57:57.545, 27494636937, vstest.console.dll, TestPluginCache: Discoverers are ''.
TpTrace Verbose: 0 : 7496, 1, 2023/10/31, 19:57:57.545, 27494637090, vstest.console.dll, TestPluginCache: Executors are ''.
TpTrace Verbose: 0 : 7496, 1, 2023/10/31, 19:57:57.545, 27494637237, vstest.console.dll, TestPluginCache: Executors2 are ''.
TpTrace Verbose: 0 : 7496, 1, 2023/10/31, 19:57:57.545, 27494637382, vstest.console.dll, TestPluginCache: Setting providers are ''.
TpTrace Verbose: 0 : 7496, 1, 2023/10/31, 19:57:57.545, 27494637883, vstest.console.dll, TestPluginCache: Loggers are 'logger://Microsoft/TestPlatform/Extensions/Blame/v1,logger://Microsoft/TestPlatform/HtmlLogger/v1,logger://Microsoft/TestPlatform/TrxLogger/v1'.
TpTrace Verbose: 0 : 7496, 1, 2023/10/31, 19:57:57.545, 27494638151, vstest.console.dll, TestPluginCache: TestHosts are 'HostProvider://DefaultTestHost,HostProvider://DotnetTestHost'.
TpTrace Verbose: 0 : 7496, 1, 2023/10/31, 19:57:57.545, 27494638318, vstest.console.dll, TestPluginCache: DataCollectors are ''.
TpTrace Information: 0 : 7496, 1, 2023/10/31, 19:57:57.546, 27494645425, vstest.console.dll, TestPluginManager.CreateTestExtension: Attempting to load test extension: Microsoft.TestPlatform.Extensions.BlameDataCollector.BlameLogger
TpTrace Verbose: 0 : 7496, 1, 2023/10/31, 19:57:57.552, 27494702687, vstest.console.dll, TestEngine: Initializing Parallel Execution as MaxCpuCount is set to: 1
TpTrace Information: 0 : 7496, 1, 2023/10/31, 19:57:57.554, 27494729284, vstest.console.dll, TestPluginManager.CreateTestExtension: Attempting to load test extension: Microsoft.VisualStudio.TestPlatform.CrossPlatEngine.Hosting.DefaultTestHostManager
TpTrace Information: 0 : 7496, 1, 2023/10/31, 19:57:57.555, 27494741044, vstest.console.dll, TestPluginManager.CreateTestExtension: Attempting to load test extension: Microsoft.VisualStudio.TestPlatform.CrossPlatEngine.Hosting.DotnetTestHostManager
TpTrace Information: 0 : 7496, 1, 2023/10/31, 19:57:57.556, 27494746499, vstest.console.dll, InferRunSettingsHelper.IsTestSettingsEnabled: Unable to navigate to RunSettings/MSTest. Current node: RunSettings
TpTrace Verbose: 0 : 7496, 1, 2023/10/31, 19:57:57.559, 27494778860, vstest.console.dll, TestEngine.GetExecutionManager: Chosen execution manager 'Microsoft.VisualStudio.TestPlatform.CrossPlatEngine.Client.Parallel.ParallelProxyExecutionManager, Microsoft.TestPlatform.CrossPlatEngine, Version=15.0.0.0, Culture=neutral, PublicKeyToken=b03f5f7f11d50a3a' ParallelLevel '1'.
TpTrace Verbose: 0 : 7496, 1, 2023/10/31, 19:57:57.559, 27494780364, vstest.console.dll, TestRunRequest.ExecuteAsync: Creating test run request.
TpTrace Verbose: 0 : 7496, 1, 2023/10/31, 19:57:57.560, 27494782281, vstest.console.dll, TestRunRequest.ExecuteAsync: Starting.
TpTrace Information: 0 : 7496, 1, 2023/10/31, 19:57:57.560, 27494784162, vstest.console.dll, TestRunRequest.ExecuteAsync: Starting run with settings:TestRunCriteria:
   KeepAlive=False,FrequencyOfRunStatsChangeEvent=10,RunStatsChangeEventTimeout=00:00:01.5000000,TestCaseFilter=,TestExecutorLauncher=
   Settingsxml=<RunSettings>
  <RunConfiguration>
    <ResultsDirectory>D:\GitHub\LogReportService\LogReportServiceTests\bin\Debug\net6.0\fine-code-coverage\coverage-tool-output</ResultsDirectory>
    <TargetPlatform>X64</TargetPlatform>
    <TargetFrameworkVersion>.NETCoreApp,Version=v6.0</TargetFrameworkVersion>
    <DesignMode>False</DesignMode>
    <CollectSourceInformation>False</CollectSourceInformation>
  </RunConfiguration>
  <LoggerRunSettings>
    <Loggers>
      <Logger friendlyName="blame" enabled="True" />
      <Logger friendlyName="Console" uri="logger://microsoft/TestPlatform/ConsoleLogger/v1" assemblyQualifiedName="Microsoft.VisualStudio.TestPlatform.CommandLine.Internal.ConsoleLogger, vstest.console, Version=15.0.0.0, Culture=neutral, PublicKeyToken=b03f5f7f11d50a3a" codeBase="C:\Program Files\dotnet\sdk\7.0.203\vstest.console.dll" enabled="True" />
    </Loggers>
  </LoggerRunSettings>
  <DataCollectionRunSettings>
    <DataCollectors>
      <DataCollector friendlyName="blame" enabled="True">
        <Configuration>
          <ResultsDirectory>D:\GitHub\LogReportService\LogReportServiceTests\bin\Debug\net6.0\fine-code-coverage\coverage-tool-output</ResultsDirectory>
        </Configuration>
      </DataCollector>
    </DataCollectors>
  </DataCollectionRunSettings>
</RunSettings>

TpTrace Verbose: 0 : 7496, 1, 2023/10/31, 19:57:57.560, 27494784480, vstest.console.dll, TestRunRequest.ExecuteAsync: Wait for the first run request is over.
TpTrace Verbose: 0 : 7496, 1, 2023/10/31, 19:57:57.560, 27494786506, vstest.console.dll, MulticastDelegateUtilities.SafeInvoke: TestRun.TestRunStart: Invoking callbacks was skipped because there are no subscribers.
TpTrace Verbose: 0 : 7496, 4, 2023/10/31, 19:57:57.560, 27494788732, vstest.console.dll, MulticastDelegateUtilities.SafeInvoke: InternalTestLoggerEvents.SendTestRunStart: Invoking callback 1/1 for Microsoft.VisualStudio.TestPlatform.CommandLine.Internal.ConsoleLogger., took 0 ms.
TpTrace Verbose: 0 : 7496, 1, 2023/10/31, 19:57:57.561, 27494797433, vstest.console.dll, ParallelProxyExecutionManager: Start execution. Total sources: 1
TpTrace Verbose: 0 : 7496, 1, 2023/10/31, 19:57:57.562, 27494811401, vstest.console.dll, TestRequestSender is acting as server.
TpTrace Verbose: 0 : 7496, 1, 2023/10/31, 19:57:57.563, 27494822052, vstest.console.dll, DataCollectionRequestSender.InitializeCommunication : Initialize communication. 
TpTrace Information: 0 : 7496, 1, 2023/10/31, 19:57:57.567, 27494852520, vstest.console.dll, Listening on Endpoint : 127.0.0.1:51526
TpTrace Verbose: 0 : 7496, 1, 2023/10/31, 19:57:57.572, 27494907857, vstest.console.dll, DotnetDataCollectionLauncher: Adding  --runtimeconfig "C:\Program Files\dotnet\sdk\7.0.203\datacollector.runtimeconfig.json" in args
TpTrace Verbose: 0 : 7496, 1, 2023/10/31, 19:57:57.572, 27494908788, vstest.console.dll, DotnetDataCollectionLauncher: Adding  --depsfile "C:\Program Files\dotnet\sdk\7.0.203\datacollector.deps.json" in args
TpTrace Verbose: 0 : 7496, 1, 2023/10/31, 19:57:57.572, 27494909895, vstest.console.dll, DotnetDataCollectionLauncher: Full path of dotnet.exe is C:\Program Files\dotnet\dotnet.exe
TpTrace Information: 0 : 7496, 1, 2023/10/31, 19:57:57.578, 27494967931, vstest.console.dll, ProxyDataCollectionManager.Initialize: Launched datacollector processId: 11428 port: 51526
TpTrace Information: 0 : 7496, 1, 2023/10/31, 19:57:57.578, 27494969450, vstest.console.dll, ProxyDataCollectionManager.Initialize: waiting for connection with timeout: 90 seconds
TpTrace Verbose: 0 : 7496, 1, 2023/10/31, 19:57:57.578, 27494969855, vstest.console.dll, DataCollectionRequestSender.WaitForRequestHandlerConnection : Waiting for connection with timeout: 90000
TpTrace Information: 0 : 7496, 7, 2023/10/31, 19:57:57.696, 27496146337, vstest.console.dll, Using the buffer size of 16384 bytes
TpTrace Verbose: 0 : 7496, 1, 2023/10/31, 19:57:57.696, 27496146685, vstest.console.dll, SocketCommunicationManager.WaitForClientConnection took: 117 ms, with 90000 ms timeout, and finished with True.
TpTrace Information: 0 : 7496, 7, 2023/10/31, 19:57:57.696, 27496147479, vstest.console.dll, Accepted Client request and set the flag
TpTrace Verbose: 0 : 7496, 1, 2023/10/31, 19:57:57.696, 27496148365, vstest.console.dll, ProxyDataCollectionManager.InvokeDataCollectionServiceAction: Starting.
TpTrace Information: 0 : 7496, 1, 2023/10/31, 19:57:57.696, 27496148851, vstest.console.dll, ProxyDataCollectionManager.BeforeTestRunStart: Get environment variable and port for datacollector processId: 11428 port: 51526
TpTrace Verbose: 0 : 7496, 1, 2023/10/31, 19:57:57.696, 27496149682, vstest.console.dll, DataCollectionRequestSender.SendBeforeTestRunStartAndGetResult: Send BeforeTestRunStart message with settingsXml <RunSettings><RunConfiguration><ResultsDirectory>D:\GitHub\LogReportService\LogReportServiceTests\bin\Debug\net6.0\fine-code-coverage\coverage-tool-output</ResultsDirectory><TargetPlatform>X64</TargetPlatform><TargetFrameworkVersion>.NETCoreApp,Version=v6.0</TargetFrameworkVersion><DesignMode>False</DesignMode><CollectSourceInformation>False</CollectSourceInformation><TestAdaptersPaths>C:\Program Files\dotnet\sdk\7.0.203\Extensions</TestAdaptersPaths></RunConfiguration><LoggerRunSettings><Loggers><Logger friendlyName="blame" enabled="True" /><Logger friendlyName="Console" uri="logger://microsoft/TestPlatform/ConsoleLogger/v1" assemblyQualifiedName="Microsoft.VisualStudio.TestPlatform.CommandLine.Internal.ConsoleLogger, vstest.console, Version=15.0.0.0, Culture=neutral, PublicKeyToken=b03f5f7f11d50a3a" codeBase="C:\Program Files\dotnet\sdk\7.0.203\vstest.console.dll" enabled="True" /></Loggers></LoggerRunSettings><DataCollectionRunSettings><DataCollectors><DataCollector friendlyName="blame" enabled="True"><Configuration><ResultsDirectory>D:\GitHub\LogReportService\LogReportServiceTests\bin\Debug\net6.0\fine-code-coverage\coverage-tool-output</ResultsDirectory></Configuration></DataCollector></DataCollectors></DataCollectionRunSettings></RunSettings> and sources System.Collections.Generic.List`1[System.String]: 
TpTrace Verbose: 0 : 7496, 1, 2023/10/31, 19:57:57.759, 27496779990, vstest.console.dll, DataCollectionRequestSender.SendBeforeTestRunStartAndGetResult: Received message: (DataCollection.SendMessage) -> {"MessageType":"DataCollection.SendMessage","Payload":{"FriendlyName":null,"Uri":null,"TestCaseId":"00000000-0000-0000-0000-000000000000","Message":"Logging DataCollector Diagnostics in file: D:\\GitHub\\LogReportService\\LogReportServiceTests\\bin\\Debug\\net6.0\\fine-code-coverage\\coverage-tool-output\\diagnostics.datacollector.23-10-31_19-57-57_57236_1.log","Level":0}}
TpTrace Verbose: 0 : 7496, 1, 2023/10/31, 19:57:57.825, 27497439070, vstest.console.dll, DataCollectionRequestSender.SendBeforeTestRunStartAndGetResult: Received message: (DataCollection.BeforeTestRunStartResult) -> {"MessageType":"DataCollection.BeforeTestRunStartResult","Payload":{"EnvironmentVariables":{},"DataCollectionEventsPort":51528}}
TpTrace Information: 0 : 7496, 1, 2023/10/31, 19:57:57.830, 27497491935, vstest.console.dll, ProxyDataCollectionManager.BeforeTestRunStart: SendBeforeTestRunStartAndGetResult successful, env variable from datacollector:   and testhost port: 51528
TpTrace Information: 0 : 7496, 1, 2023/10/31, 19:57:57.831, 27497492927, vstest.console.dll, ProxyDataCollectionManager.InvokeDataCollectionServiceAction: Completed.
TpTrace Verbose: 0 : 7496, 1, 2023/10/31, 19:57:57.831, 27497494093, vstest.console.dll, ProxyParallelExecutionManager: No sources available for execution.
TpTrace Information: 0 : 7496, 1, 2023/10/31, 19:57:57.831, 27497494499, vstest.console.dll, TestRunRequest.ExecuteAsync: Started.
TpTrace Verbose: 0 : 7496, 7, 2023/10/31, 19:57:57.831, 27497494359, vstest.console.dll, ParallelProxyExecutionManager: Execution started. Started clients: 1
TpTrace Verbose: 0 : 7496, 1, 2023/10/31, 19:57:57.831, 27497494996, vstest.console.dll, TestRunRequest.WaitForCompletion: Waiting with timeout -1.
TpTrace Verbose: 0 : 7496, 7, 2023/10/31, 19:57:57.831, 27497498975, vstest.console.dll, TestRunRequest:SendTestRunMessage: Starting.
TpTrace Verbose: 0 : 7496, 7, 2023/10/31, 19:57:57.831, 27497501530, vstest.console.dll, MulticastDelegateUtilities.SafeInvoke: TestRun.LogMessages: Invoking callback 1/1 for Microsoft.VisualStudio.TestPlatform.CommandLine.TestRunResultAggregator., took 0 ms.
TpTrace Information: 0 : 7496, 7, 2023/10/31, 19:57:57.831, 27497502172, vstest.console.dll, TestRunRequest:SendTestRunMessage: Completed.
TpTrace Verbose: 0 : 7496, 4, 2023/10/31, 19:57:57.832, 27497503501, vstest.console.dll, MulticastDelegateUtilities.SafeInvoke: InternalTestLoggerEvents.SendTestRunMessage: Invoking callback 1/1 for Microsoft.VisualStudio.TestPlatform.CommandLine.Internal.ConsoleLogger., took 0 ms.
TpTrace Verbose: 0 : 7496, 7, 2023/10/31, 19:57:57.832, 27497503759, vstest.console.dll, ProxyExecutionManager: Test host is always Lazy initialize.
TpTrace Verbose: 0 : 7496, 7, 2023/10/31, 19:57:57.832, 27497506325, vstest.console.dll, TestRequestSender.InitializeCommunication: initialize communication. 
TpTrace Information: 0 : 7496, 7, 2023/10/31, 19:57:57.832, 27497510624, vstest.console.dll, SocketServer.Start: Listening on endpoint : 127.0.0.1:51529
TpTrace Verbose: 0 : 7496, 7, 2023/10/31, 19:57:57.833, 27497517073, vstest.console.dll, DotnetTestHostmanager.GetTestHostProcessStartInfo: Platform environment 'X64' target architecture 'X64' framework '.NETCoreApp,Version=v6.0' OS 'Windows'
TpTrace Verbose: 0 : 7496, 7, 2023/10/31, 19:57:57.833, 27497518408, vstest.console.dll, DotnetTestHostmanager: Adding  --runtimeconfig "D:\GitHub\LogReportService\LogReportServiceTests\bin\Debug\net6.0\fine-code-coverage\build-output\LogReportServiceTests.runtimeconfig.json" in args
TpTrace Verbose: 0 : 7496, 7, 2023/10/31, 19:57:57.833, 27497518781, vstest.console.dll, DotnetTestHostmanager: Adding  --depsfile "D:\GitHub\LogReportService\LogReportServiceTests\bin\Debug\net6.0\fine-code-coverage\build-output\LogReportServiceTests.deps.json" in args
TpTrace Verbose: 0 : 7496, 7, 2023/10/31, 19:57:57.833, 27497519733, vstest.console.dll, DotnetTestHostmanager.IsWinOnArm: Current PROCESSOR_ARCHITECTURE from environment variable 'AMD64'
TpTrace Verbose: 0 : 7496, 7, 2023/10/31, 19:57:57.833, 27497520069, vstest.console.dll, DotnetTestHostmanager.IsWinOnArm: Is Windows on ARM 'False'
TpTrace Verbose: 0 : 7496, 7, 2023/10/31, 19:57:57.833, 27497520397, vstest.console.dll, DotnetTestHostManager: testhost.exe found at path: D:\GitHub\LogReportService\LogReportServiceTests\bin\Debug\net6.0\fine-code-coverage\build-output\testhost.exe
TpTrace Verbose: 0 : 7496, 7, 2023/10/31, 19:57:57.833, 27497520632, vstest.console.dll, DotnetTestHostmanager: Full path of host exe is D:\GitHub\LogReportService\LogReportServiceTests\bin\Debug\net6.0\fine-code-coverage\build-output\testhost.exe
TpTrace Verbose: 0 : 7496, 7, 2023/10/31, 19:57:57.833, 27497521585, vstest.console.dll, DotnetTestHostmanager.LaunchTestHostAsync: Found 'VSTEST_WINAPPHOST_DOTNET_ROOT' in env variables, value 'C:\Program Files\dotnet', forwarding to 'DOTNET_ROOT'
TpTrace Verbose: 0 : 7496, 7, 2023/10/31, 19:57:57.834, 27497522847, vstest.console.dll, DotnetTestHostManager: Starting process 'D:\GitHub\LogReportService\LogReportServiceTests\bin\Debug\net6.0\fine-code-coverage\build-output\testhost.exe' with command line ' --runtimeconfig "D:\GitHub\LogReportService\LogReportServiceTests\bin\Debug\net6.0\fine-code-coverage\build-output\LogReportServiceTests.runtimeconfig.json" --depsfile "D:\GitHub\LogReportService\LogReportServiceTests\bin\Debug\net6.0\fine-code-coverage\build-output\LogReportServiceTests.deps.json" --port 51529 --endpoint 127.0.0.1:051529 --role client --parentprocessid 7496 --diag "D:\GitHub\LogReportService\LogReportServiceTests\bin\Debug\net6.0\fine-code-coverage\coverage-tool-output\diagnostics.host.23-10-31_19-57-57_83315_7.log" --tracelevel 4 --datacollectionport 51528 --telemetryoptedin false'
TpTrace Verbose: 0 : 7496, 7, 2023/10/31, 19:57:57.839, 27497580326, vstest.console.dll, MulticastDelegateUtilities.SafeInvoke: HostProviderEvents.OnHostLaunched: Invoking callback 1/2 for Microsoft.VisualStudio.TestPlatform.CrossPlatEngine.Client.ProxyExecutionManagerWithDataCollection., took 1 ms.
TpTrace Verbose: 0 : 7496, 7, 2023/10/31, 19:57:57.840, 27497584196, vstest.console.dll, Test Runtime launched
TpTrace Verbose: 0 : 7496, 7, 2023/10/31, 19:57:57.840, 27497585210, vstest.console.dll, MulticastDelegateUtilities.SafeInvoke: HostProviderEvents.OnHostLaunched: Invoking callback 2/2 for Microsoft.VisualStudio.TestPlatform.CrossPlatEngine.Client.ProxyOperationManager., took 0 ms.
TpTrace Verbose: 0 : 7496, 7, 2023/10/31, 19:57:57.840, 27497586800, vstest.console.dll, TestRequestSender.WaitForRequestHandlerConnection: waiting for connection with timeout: 90000.
TpTrace Verbose: 0 : 7496, 10, 2023/10/31, 19:57:57.962, 27498811852, vstest.console.dll, MulticastDelegateUtilities.SafeInvoke: SocketServer: ClientConnected: Invoking callback 1/1 for Microsoft.VisualStudio.TestPlatform.CommunicationUtilities.TestRequestSender., took 0 ms.
TpTrace Verbose: 0 : 7496, 10, 2023/10/31, 19:57:57.963, 27498812899, vstest.console.dll, SocketServer.OnClientConnected: Client connected for endPoint: 127.0.0.1:51529, starting MessageLoopAsync:
TpTrace Verbose: 0 : 7496, 7, 2023/10/31, 19:57:57.962, 27498811852, vstest.console.dll, TestRequestSender.WaitForRequestHandlerConnection: waiting took 122 ms, with timeout 90000 ms, and result 0, which is success.
TpTrace Verbose: 0 : 7496, 10, 2023/10/31, 19:57:57.963, 27498814588, vstest.console.dll, TcpClientExtensions.MessageLoopAsync: Polling on remoteEndPoint: 127.0.0.1:51530 localEndPoint: 127.0.0.1:51529
TpTrace Verbose: 0 : 7496, 7, 2023/10/31, 19:57:57.963, 27498820606, vstest.console.dll, TestRequestSender.CheckVersionWithTestHost: Sending check version message: {"MessageType":"ProtocolVersion","Payload":7}
TpTrace Verbose: 0 : 7496, 10, 2023/10/31, 19:57:58.072, 27499908396, vstest.console.dll, TcpClientExtensions.MessageLoopAsync: NotifyDataAvailable remoteEndPoint: 127.0.0.1:51530 localEndPoint: 127.0.0.1:51529
TpTrace Verbose: 0 : 7496, 10, 2023/10/31, 19:57:58.072, 27499911246, vstest.console.dll, TestRequestSender.CheckVersionWithTestHost: onMessageReceived received message: (ProtocolVersion) -> {"MessageType":"ProtocolVersion","Payload":7}
TpTrace Verbose: 0 : 7496, 10, 2023/10/31, 19:57:58.073, 27499919999, vstest.console.dll, MulticastDelegateUtilities.SafeInvoke: LengthPrefixCommunicationChannel: MessageReceived: Invoking callback 1/1 for Microsoft.VisualStudio.TestPlatform.CommunicationUtilities.TestRequestSender+<>c__DisplayClass29_0., took 0 ms.
TpTrace Verbose: 0 : 7496, 7, 2023/10/31, 19:57:58.073, 27499921281, vstest.console.dll, TestPluginCache.GetExtensionPaths: Filtered extension paths: 
TpTrace Verbose: 0 : 7496, 10, 2023/10/31, 19:57:58.073, 27499921681, vstest.console.dll, TcpClientExtensions.MessageLoopAsync: Polling on remoteEndPoint: 127.0.0.1:51530 localEndPoint: 127.0.0.1:51529
TpTrace Verbose: 0 : 7496, 7, 2023/10/31, 19:57:58.074, 27499922341, vstest.console.dll, TestPluginCache.GetExtensionPaths: Added default extension paths: C:\Program Files\dotnet\sdk\7.0.203\Extensions\Microsoft.Diagnostics.NETCore.Client.dll
C:\Program Files\dotnet\sdk\7.0.203\Extensions\Microsoft.TestPlatform.Extensions.BlameDataCollector.dll
C:\Program Files\dotnet\sdk\7.0.203\Extensions\Microsoft.TestPlatform.Extensions.EventLogCollector.dll
C:\Program Files\dotnet\sdk\7.0.203\Extensions\Microsoft.TestPlatform.TestHostRuntimeProvider.dll
C:\Program Files\dotnet\sdk\7.0.203\Extensions\Microsoft.VisualStudio.TestPlatform.Extensions.Html.TestLogger.dll
C:\Program Files\dotnet\sdk\7.0.203\Extensions\Microsoft.VisualStudio.TestPlatform.Extensions.Trx.TestLogger.dll
TpTrace Verbose: 0 : 7496, 7, 2023/10/31, 19:57:58.074, 27499923644, vstest.console.dll, TestPluginCache.GetExtensionPaths: Added unfilterableExtensionPaths: 
TpTrace Verbose: 0 : 7496, 7, 2023/10/31, 19:57:58.078, 27499962805, vstest.console.dll, TestRequestSender.InitializeExecution: Sending initialize execution with message: {"Version":7,"MessageType":"TestExecution.Initialize","Payload":["D:\\GitHub\\LogReportService\\LogReportServiceTests\\bin\\Debug\\net6.0\\fine-code-coverage\\build-output\\xunit.runner.visualstudio.dotnetcore.testadapter.dll"]}
TpTrace Warning: 0 : 7496, 7, 2023/10/31, 19:57:58.078, 27499968098, vstest.console.dll, InferRunSettingsHelper.MakeRunsettingsCompatible: Removing the following settings: TargetPlatform from RunSettings file. To use those settings please move to latest version of Microsoft.NET.Test.Sdk
TpTrace Verbose: 0 : 7496, 10, 2023/10/31, 19:57:58.080, 27499991026, vstest.console.dll, TcpClientExtensions.MessageLoopAsync: NotifyDataAvailable remoteEndPoint: 127.0.0.1:51530 localEndPoint: 127.0.0.1:51529
TpTrace Verbose: 0 : 7496, 10, 2023/10/31, 19:57:58.081, 27499996920, vstest.console.dll, TestRequestSender.OnExecutionMessageReceived: Received message: {"Version":7,"MessageType":"TestSession.Message","Payload":{"MessageLevel":0,"Message":"Ведение журналов диагностики TestHost в файле: D:\\GitHub\\LogReportService\\LogReportServiceTests\\bin\\Debug\\net6.0\\fine-code-coverage\\coverage-tool-output\\diagnostics.host.23-10-31_19-57-57_83315_7.log"}}
TpTrace Verbose: 0 : 7496, 10, 2023/10/31, 19:57:58.083, 27500021864, vstest.console.dll, TestRunRequest:SendTestRunMessage: Starting.
TpTrace Verbose: 0 : 7496, 10, 2023/10/31, 19:57:58.084, 27500023381, vstest.console.dll, MulticastDelegateUtilities.SafeInvoke: TestRun.LogMessages: Invoking callback 1/1 for Microsoft.VisualStudio.TestPlatform.CommandLine.TestRunResultAggregator., took 0 ms.
TpTrace Information: 0 : 7496, 10, 2023/10/31, 19:57:58.084, 27500023609, vstest.console.dll, TestRunRequest:SendTestRunMessage: Completed.
TpTrace Verbose: 0 : 7496, 4, 2023/10/31, 19:57:58.084, 27500023638, vstest.console.dll, MulticastDelegateUtilities.SafeInvoke: InternalTestLoggerEvents.SendTestRunMessage: Invoking callback 1/1 for Microsoft.VisualStudio.TestPlatform.CommandLine.Internal.ConsoleLogger., took 0 ms.
TpTrace Verbose: 0 : 7496, 10, 2023/10/31, 19:57:58.084, 27500023927, vstest.console.dll, MulticastDelegateUtilities.SafeInvoke: LengthPrefixCommunicationChannel: MessageReceived: Invoking callback 1/1 for Microsoft.VisualStudio.TestPlatform.CommunicationUtilities.TestRequestSender+<>c__DisplayClass34_0., took 3 ms.
TpTrace Verbose: 0 : 7496, 10, 2023/10/31, 19:57:58.084, 27500025066, vstest.console.dll, TcpClientExtensions.MessageLoopAsync: Polling on remoteEndPoint: 127.0.0.1:51530 localEndPoint: 127.0.0.1:51529
TpTrace Verbose: 0 : 7496, 7, 2023/10/31, 19:57:58.086, 27500042617, vstest.console.dll, TestRequestSender.StartTestRun: Sending test run with message: {"Version":7,"MessageType":"TestExecution.StartWithSources","Payload":{"AdapterSourceMap":{"_none_":["D:\\GitHub\\LogReportService\\LogReportServiceTests\\bin\\Debug\\net6.0\\fine-code-coverage\\build-output\\LogReportServiceTests.dll"]},"RunSettings":"<RunSettings>\r\n  <RunConfiguration>\r\n    <ResultsDirectory>D:\\GitHub\\LogReportService\\LogReportServiceTests\\bin\\Debug\\net6.0\\fine-code-coverage\\coverage-tool-output</ResultsDirectory>\r\n    <TargetFrameworkVersion>.NETCoreApp,Version=v6.0</TargetFrameworkVersion>\r\n    <DesignMode>False</DesignMode>\r\n    <CollectSourceInformation>False</CollectSourceInformation>\r\n  </RunConfiguration>\r\n  <LoggerRunSettings>\r\n    <Loggers>\r\n      <Logger friendlyName=\"blame\" enabled=\"True\" />\r\n      <Logger friendlyName=\"Console\" uri=\"logger://microsoft/TestPlatform/ConsoleLogger/v1\" assemblyQualifiedName=\"Microsoft.VisualStudio.TestPlatform.CommandLine.Internal.ConsoleLogger, vstest.console, Version=15.0.0.0, Culture=neutral, PublicKeyToken=b03f5f7f11d50a3a\" codeBase=\"C:\\Program Files\\dotnet\\sdk\\7.0.203\\vstest.console.dll\" enabled=\"True\" />\r\n    </Loggers>\r\n  </LoggerRunSettings>\r\n  <DataCollectionRunSettings>\r\n    <DataCollectors>\r\n      <DataCollector friendlyName=\"blame\" enabled=\"True\">\r\n        <Configuration>\r\n          <ResultsDirectory>D:\\GitHub\\LogReportService\\LogReportServiceTests\\bin\\Debug\\net6.0\\fine-code-coverage\\coverage-tool-output</ResultsDirectory>\r\n        </Configuration>\r\n      </DataCollector>\r\n    </DataCollectors>\r\n  </DataCollectionRunSettings>\r\n</RunSettings>","TestExecutionContext":{"FrequencyOfRunStatsChangeEvent":10,"RunStatsChangeEventTimeout":"00:00:01.5000000","InIsolation":false,"KeepAlive":false,"AreTestCaseLevelEventsRequired":false,"IsDebug":false,"TestCaseFilter":null,"FilterOptions":null},"Package":null}}
TpTrace Verbose: 0 : 7496, 10, 2023/10/31, 19:57:58.220, 27501390224, vstest.console.dll, TcpClientExtensions.MessageLoopAsync: NotifyDataAvailable remoteEndPoint: 127.0.0.1:51530 localEndPoint: 127.0.0.1:51529
TpTrace Verbose: 0 : 7496, 10, 2023/10/31, 19:57:58.220, 27501391571, vstest.console.dll, TestRequestSender.OnExecutionMessageReceived: Received message: {"Version":7,"MessageType":"TestSession.Message","Payload":{"MessageLevel":0,"Message":"[xUnit.net 00:00:00.00] xUnit.net VSTest Adapter v2.4.5+1caef2f33e (64-bit .NET 6.0.16)"}}
TpTrace Verbose: 0 : 7496, 10, 2023/10/31, 19:57:58.221, 27501393401, vstest.console.dll, TestRunRequest:SendTestRunMessage: Starting.
TpTrace Verbose: 0 : 7496, 10, 2023/10/31, 19:57:58.221, 27501393765, vstest.console.dll, MulticastDelegateUtilities.SafeInvoke: TestRun.LogMessages: Invoking callback 1/1 for Microsoft.VisualStudio.TestPlatform.CommandLine.TestRunResultAggregator., took 0 ms.
TpTrace Information: 0 : 7496, 10, 2023/10/31, 19:57:58.221, 27501393976, vstest.console.dll, TestRunRequest:SendTestRunMessage: Completed.
TpTrace Verbose: 0 : 7496, 10, 2023/10/31, 19:57:58.221, 27501394136, vstest.console.dll, MulticastDelegateUtilities.SafeInvoke: LengthPrefixCommunicationChannel: MessageReceived: Invoking callback 1/1 for Microsoft.VisualStudio.TestPlatform.CommunicationUtilities.TestRequestSender+<>c__DisplayClass34_0., took 0 ms.
TpTrace Verbose: 0 : 7496, 10, 2023/10/31, 19:57:58.221, 27501394306, vstest.console.dll, TcpClientExtensions.MessageLoopAsync: Polling on remoteEndPoint: 127.0.0.1:51530 localEndPoint: 127.0.0.1:51529
TpTrace Verbose: 0 : 7496, 4, 2023/10/31, 19:57:58.221, 27501394272, vstest.console.dll, MulticastDelegateUtilities.SafeInvoke: InternalTestLoggerEvents.SendTestRunMessage: Invoking callback 1/1 for Microsoft.VisualStudio.TestPlatform.CommandLine.Internal.ConsoleLogger., took 0 ms.
TpTrace Verbose: 0 : 7496, 10, 2023/10/31, 19:57:58.531, 27504493280, vstest.console.dll, TcpClientExtensions.MessageLoopAsync: NotifyDataAvailable remoteEndPoint: 127.0.0.1:51530 localEndPoint: 127.0.0.1:51529
TpTrace Verbose: 0 : 7496, 10, 2023/10/31, 19:57:58.531, 27504495588, vstest.console.dll, TestRequestSender.OnExecutionMessageReceived: Received message: {"Version":7,"MessageType":"TestSession.Message","Payload":{"MessageLevel":0,"Message":"[xUnit.net 00:00:00.31]   Discovering: LogReportServiceTests"}}
TpTrace Verbose: 0 : 7496, 10, 2023/10/31, 19:57:58.531, 27504497186, vstest.console.dll, TestRunRequest:SendTestRunMessage: Starting.
TpTrace Verbose: 0 : 7496, 10, 2023/10/31, 19:57:58.531, 27504497934, vstest.console.dll, MulticastDelegateUtilities.SafeInvoke: TestRun.LogMessages: Invoking callback 1/1 for Microsoft.VisualStudio.TestPlatform.CommandLine.TestRunResultAggregator., took 0 ms.
TpTrace Verbose: 0 : 7496, 4, 2023/10/31, 19:57:58.531, 27504498325, vstest.console.dll, MulticastDelegateUtilities.SafeInvoke: InternalTestLoggerEvents.SendTestRunMessage: Invoking callback 1/1 for Microsoft.VisualStudio.TestPlatform.CommandLine.Internal.ConsoleLogger., took 0 ms.
TpTrace Information: 0 : 7496, 10, 2023/10/31, 19:57:58.531, 27504498661, vstest.console.dll, TestRunRequest:SendTestRunMessage: Completed.
TpTrace Verbose: 0 : 7496, 10, 2023/10/31, 19:57:58.531, 27504500454, vstest.console.dll, MulticastDelegateUtilities.SafeInvoke: LengthPrefixCommunicationChannel: MessageReceived: Invoking callback 1/1 for Microsoft.VisualStudio.TestPlatform.CommunicationUtilities.TestRequestSender+<>c__DisplayClass34_0., took 0 ms.
TpTrace Verbose: 0 : 7496, 10, 2023/10/31, 19:57:58.531, 27504500965, vstest.console.dll, TcpClientExtensions.MessageLoopAsync: Polling on remoteEndPoint: 127.0.0.1:51530 localEndPoint: 127.0.0.1:51529
TpTrace Verbose: 0 : 7496, 10, 2023/10/31, 19:57:58.560, 27504787784, vstest.console.dll, TcpClientExtensions.MessageLoopAsync: NotifyDataAvailable remoteEndPoint: 127.0.0.1:51530 localEndPoint: 127.0.0.1:51529
TpTrace Verbose: 0 : 7496, 10, 2023/10/31, 19:57:58.560, 27504790163, vstest.console.dll, TestRequestSender.OnExecutionMessageReceived: Received message: {"Version":7,"MessageType":"TestSession.Message","Payload":{"MessageLevel":0,"Message":"[xUnit.net 00:00:00.34]   Discovered:  LogReportServiceTests"}}
TpTrace Verbose: 0 : 7496, 10, 2023/10/31, 19:57:58.560, 27504791656, vstest.console.dll, TestRunRequest:SendTestRunMessage: Starting.
TpTrace Verbose: 0 : 7496, 10, 2023/10/31, 19:57:58.561, 27504792318, vstest.console.dll, MulticastDelegateUtilities.SafeInvoke: TestRun.LogMessages: Invoking callback 1/1 for Microsoft.VisualStudio.TestPlatform.CommandLine.TestRunResultAggregator., took 0 ms.
TpTrace Information: 0 : 7496, 10, 2023/10/31, 19:57:58.561, 27504792810, vstest.console.dll, TestRunRequest:SendTestRunMessage: Completed.
TpTrace Verbose: 0 : 7496, 4, 2023/10/31, 19:57:58.561, 27504792798, vstest.console.dll, MulticastDelegateUtilities.SafeInvoke: InternalTestLoggerEvents.SendTestRunMessage: Invoking callback 1/1 for Microsoft.VisualStudio.TestPlatform.CommandLine.Internal.ConsoleLogger., took 0 ms.
TpTrace Verbose: 0 : 7496, 10, 2023/10/31, 19:57:58.561, 27504794095, vstest.console.dll, MulticastDelegateUtilities.SafeInvoke: LengthPrefixCommunicationChannel: MessageReceived: Invoking callback 1/1 for Microsoft.VisualStudio.TestPlatform.CommunicationUtilities.TestRequestSender+<>c__DisplayClass34_0., took 0 ms.
TpTrace Verbose: 0 : 7496, 10, 2023/10/31, 19:57:58.561, 27504795089, vstest.console.dll, TcpClientExtensions.MessageLoopAsync: Polling on remoteEndPoint: 127.0.0.1:51530 localEndPoint: 127.0.0.1:51529
TpTrace Verbose: 0 : 7496, 10, 2023/10/31, 19:57:58.562, 27504804963, vstest.console.dll, TcpClientExtensions.MessageLoopAsync: NotifyDataAvailable remoteEndPoint: 127.0.0.1:51530 localEndPoint: 127.0.0.1:51529
TpTrace Verbose: 0 : 7496, 10, 2023/10/31, 19:57:58.562, 27504806348, vstest.console.dll, TestRequestSender.OnExecutionMessageReceived: Received message: {"Version":7,"MessageType":"TestSession.Message","Payload":{"MessageLevel":0,"Message":"[xUnit.net 00:00:00.34]   Starting:    LogReportServiceTests"}}
TpTrace Verbose: 0 : 7496, 10, 2023/10/31, 19:57:58.562, 27504807240, vstest.console.dll, TestRunRequest:SendTestRunMessage: Starting.
TpTrace Verbose: 0 : 7496, 10, 2023/10/31, 19:57:58.562, 27504807589, vstest.console.dll, MulticastDelegateUtilities.SafeInvoke: TestRun.LogMessages: Invoking callback 1/1 for Microsoft.VisualStudio.TestPlatform.CommandLine.TestRunResultAggregator., took 0 ms.
TpTrace Information: 0 : 7496, 10, 2023/10/31, 19:57:58.562, 27504807810, vstest.console.dll, TestRunRequest:SendTestRunMessage: Completed.
TpTrace Verbose: 0 : 7496, 4, 2023/10/31, 19:57:58.562, 27504807828, vstest.console.dll, MulticastDelegateUtilities.SafeInvoke: InternalTestLoggerEvents.SendTestRunMessage: Invoking callback 1/1 for Microsoft.VisualStudio.TestPlatform.CommandLine.Internal.ConsoleLogger., took 0 ms.
TpTrace Verbose: 0 : 7496, 10, 2023/10/31, 19:57:58.562, 27504807979, vstest.console.dll, MulticastDelegateUtilities.SafeInvoke: LengthPrefixCommunicationChannel: MessageReceived: Invoking callback 1/1 for Microsoft.VisualStudio.TestPlatform.CommunicationUtilities.TestRequestSender+<>c__DisplayClass34_0., took 0 ms.
TpTrace Verbose: 0 : 7496, 10, 2023/10/31, 19:57:58.562, 27504808703, vstest.console.dll, TcpClientExtensions.MessageLoopAsync: Polling on remoteEndPoint: 127.0.0.1:51530 localEndPoint: 127.0.0.1:51529
TpTrace Verbose: 0 : 7496, 10, 2023/10/31, 19:57:58.676, 27505946539, vstest.console.dll, TcpClientExtensions.MessageLoopAsync: NotifyDataAvailable remoteEndPoint: 127.0.0.1:51530 localEndPoint: 127.0.0.1:51529
TpTrace Verbose: 0 : 7496, 10, 2023/10/31, 19:57:58.676, 27505949274, vstest.console.dll, TestRequestSender.OnExecutionMessageReceived: Received message: {"Version":7,"MessageType":"TestExecution.StatsChange","Payload":{"NewTestResults":[{"TestCase":{"Id":"de38df4a-f5b8-df9e-8c57-9e9abec00551","FullyQualifiedName":"LogReportServiceTests.CountPercentageTests.Constructor_SetsCountAndPercentage","DisplayName":"LogReportServiceTests.CountPercentageTests.Constructor_SetsCountAndPercentage","ExecutorUri":"executor://xunit/VsTestRunner2/netcoreapp","Source":"D:\\GitHub\\LogReportService\\LogReportServiceTests\\bin\\Debug\\net6.0\\fine-code-coverage\\build-output\\LogReportServiceTests.dll","CodeFilePath":null,"LineNumber":0,"Properties":[]},"Attachments":[],"Outcome":1,"ErrorMessage":null,"ErrorStackTrace":null,"DisplayName":"LogReportServiceTests.CountPercentageTests.Constructor_SetsCountAndPercentage","Messages":[],"ComputerName":"DESKTOP-10AIDN4","Duration":"00:00:00.0056908","StartTime":"2023-10-31T16:57:58.6318654+00:00","EndTime":"2023-10-31T16:57:58.6318791+00:00","Properties":[]},{"TestCase":{"Id":"26a1edc2-a304-f8ea-4850-78dc93d8e06b","FullyQualifiedName":"LogReportServiceTests.LogFileTests.GetServiceName_Succeed3","DisplayName":"LogReportServiceTests.LogFileTests.GetServiceName_Succeed3","ExecutorUri":"executor://xunit/VsTestRunner2/netcoreapp","Source":"D:\\GitHub\\LogReportService\\LogReportServiceTests\\bin\\Debug\\net6.0\\fine-code-coverage\\build-output\\LogReportServiceTests.dll","CodeFilePath":null,"LineNumber":0,"Properties":[]},"Attachments":[],"Outcome":1,"ErrorMessage":null,"ErrorStackTrace":null,"DisplayName":"LogReportServiceTests.LogFileTests.GetServiceName_Succeed3","Messages":[],"ComputerName":"DESKTOP-10AIDN4","Duration":"00:00:00.0058558","StartTime":"2023-10-31T16:57:58.6477552+00:00","EndTime":"2023-10-31T16:57:58.6477553+00:00","Properties":[]},{"TestCase":{"Id":"291dd5ee-7c6e-dacc-9853-07e390fd5580","FullyQualifiedName":"LogReportServiceTests.EmailAnonymizerTests.AnonymizeInText_Succeed2","DisplayName":"LogReportServiceTests.EmailAnonymizerTests.AnonymizeInText_Succeed2","ExecutorUri":"executor://xunit/VsTestRunner2/netcoreapp","Source":"D:\\GitHub\\LogReportService\\LogReportServiceTests\\bin\\Debug\\net6.0\\fine-code-coverage\\build-output\\LogReportServiceTests.dll","CodeFilePath":null,"LineNumber":0,"Properties":[]},"Attachments":[],"Outcome":1,"ErrorMessage":null,"ErrorStackTrace":null,"DisplayName":"LogReportServiceTests.EmailAnonymizerTests.AnonymizeInText_Succeed2","Messages":[],"ComputerName":"DESKTOP-10AIDN4","Duration":"00:00:00.0057912","StartTime":"2023-10-31T16:57:58.6500425+00:00","EndTime":"2023-10-31T16:57:58.6500426+00:00","Properties":[]},{"TestCase":{"Id":"32d34a1b-051a-f530-4da7-a694c3735f3f","FullyQualifiedName":"LogReportServiceTests.EmailAnonymizerTests.AnonymizeInText_Succeed","DisplayName":"LogReportServiceTests.EmailAnonymizerTests.AnonymizeInText_Succeed","ExecutorUri":"executor://xunit/VsTestRunner2/netcoreapp","Source":"D:\\GitHub\\LogReportService\\LogReportServiceTests\\bin\\Debug\\net6.0\\fine-code-coverage\\build-output\\LogReportServiceTests.dll","CodeFilePath":null,"LineNumber":0,"Properties":[]},"Attachments":[],"Outcome":1,"ErrorMessage":null,"ErrorStackTrace":null,"DisplayName":"LogReportServiceTests.EmailAnonymizerTests.AnonymizeInText_Succeed","Messages":[],"ComputerName":"DESKTOP-10AIDN4","Duration":"00:00:00.0001356","StartTime":"2023-10-31T16:57:58.6537653+00:00","EndTime":"2023-10-31T16:57:58.6537653+00:00","Properties":[]},{"TestCase":{"Id":"515792f9-8e37-d010-81fd-b2077bb841d5","FullyQualifiedName":"LogReportServiceTests.LogFileTests.GetRotationNumber_Succeed","DisplayName":"LogReportServiceTests.LogFileTests.GetRotationNumber_Succeed","ExecutorUri":"executor://xunit/VsTestRunner2/netcoreapp","Source":"D:\\GitHub\\LogReportService\\LogReportServiceTests\\bin\\Debug\\net6.0\\fine-code-coverage\\build-output\\LogReportServiceTests.dll","CodeFilePath":null,"LineNumber":0,"Properties":[]},"Attachments":[],"Outcome":1,"ErrorMessage":null,"ErrorStackTrace":null,"DisplayName":"LogReportServiceTests.LogFileTests.GetRotationNumber_Succeed","Messages":[],"ComputerName":"DESKTOP-10AIDN4","Duration":"00:00:00.0001454","StartTime":"2023-10-31T16:57:58.6545011+00:00","EndTime":"2023-10-31T16:57:58.6545012+00:00","Properties":[]},{"TestCase":{"Id":"f06764b4-c338-5af0-69d9-597fc09a68ed","FullyQualifiedName":"LogReportServiceTests.CountPercentageTests.CountProperty_CanBeSet","DisplayName":"LogReportServiceTests.CountPercentageTests.CountProperty_CanBeSet","ExecutorUri":"executor://xunit/VsTestRunner2/netcoreapp","Source":"D:\\GitHub\\LogReportService\\LogReportServiceTests\\bin\\Debug\\net6.0\\fine-code-coverage\\build-output\\LogReportServiceTests.dll","CodeFilePath":null,"LineNumber":0,"Properties":[]},"Attachments":[],"Outcome":1,"ErrorMessage":null,"ErrorStackTrace":null,"DisplayName":"LogReportServiceTests.CountPercentageTests.CountProperty_CanBeSet","Messages":[],"ComputerName":"DESKTOP-10AIDN4","Duration":"00:00:00.0001403","StartTime":"2023-10-31T16:57:58.6551972+00:00","EndTime":"2023-10-31T16:57:58.6551972+00:00","Properties":[]}],"TestRunStatistics":{"ExecutedTests":6,"Stats":{"Passed":6}},"ActiveTests":[{"Id":"9475c977-44e3-76e0-e74c-84d8efa753e5","FullyQualifiedName":"LogReportServiceTests.LogReportGetterTests.Constructor_Succeed","DisplayName":"LogReportServiceTests.LogReportGetterTests.Constructor_Succeed","ExecutorUri":"executor://xunit/VsTestRunner2/netcoreapp","Source":"D:\\GitHub\\LogReportService\\LogReportServiceTests\\bin\\Debug\\net6.0\\fine-code-coverage\\build-output\\LogReportServiceTests.dll","CodeFilePath":null,"LineNumber":0,"Properties":[]},{"Id":"721ae52d-9aed-337e-d3a2-1ad3fe689113","FullyQualifiedName":"LogReportServiceTests.LogReportTests.Constructor_SucсeedWithNoLogEntries","DisplayName":"LogReportServiceTests.LogReportTests.Constructor_SucсeedWithNoLogEntries","ExecutorUri":"executor://xunit/VsTestRunner2/netcoreapp","Source":"D:\\GitHub\\LogReportService\\LogReportServiceTests\\bin\\Debug\\net6.0\\fine-code-coverage\\build-output\\LogReportServiceTests.dll","CodeFilePath":null,"LineNumber":0,"Properties":[]},{"Id":"c5a42808-639d-d75e-62d5-93af8c11e237","FullyQualifiedName":"LogReportServiceTests.LogEntryTests.Constructor_ParsesLogLineCorrectly4","DisplayName":"LogReportServiceTests.LogEntryTests.Constructor_ParsesLogLineCorrectly4","ExecutorUri":"executor://xunit/VsTestRunner2/netcoreapp","Source":"D:\\GitHub\\LogReportService\\LogReportServiceTests\\bin\\Debug\\net6.0\\fine-code-coverage\\build-output\\LogReportServiceTests.dll","CodeFilePath":null,"LineNumber":0,"Properties":[]},{"Id":"47bb7263-a097-553a-45e0-6a01705814c4","FullyQualifiedName":"LogReportServiceTests.EmailAnonymizerTests.Anonymize_Succeed","DisplayName":"LogReportServiceTests.EmailAnonymizerTests.Anonymize_Succeed","ExecutorUri":"executor://xunit/VsTestRunner2/netcoreapp","Source":"D:\\GitHub\\LogReportService\\LogReportServiceTests\\bin\\Debug\\net6.0\\fine-code-coverage\\build-output\\LogReportServiceTests.dll","CodeFilePath":null,"LineNumber":0,"Properties":[]}]}}
TpTrace Verbose: 0 : 7496, 10, 2023/10/31, 19:57:58.696, 27506148568, vstest.console.dll, TestRunRequest:SendTestRunStatsChange: Starting.
TpTrace Verbose: 0 : 7496, 10, 2023/10/31, 19:57:58.696, 27506151680, vstest.console.dll, InProgress is LogReportServiceTests.LogReportGetterTests.Constructor_Succeed
TpTrace Verbose: 0 : 7496, 10, 2023/10/31, 19:57:58.696, 27506152207, vstest.console.dll, InProgress is LogReportServiceTests.LogReportTests.Constructor_SucсeedWithNoLogEntries
TpTrace Verbose: 0 : 7496, 10, 2023/10/31, 19:57:58.697, 27506152590, vstest.console.dll, InProgress is LogReportServiceTests.LogEntryTests.Constructor_ParsesLogLineCorrectly4
TpTrace Verbose: 0 : 7496, 10, 2023/10/31, 19:57:58.697, 27506153124, vstest.console.dll, InProgress is LogReportServiceTests.EmailAnonymizerTests.Anonymize_Succeed
TpTrace Verbose: 0 : 7496, 10, 2023/10/31, 19:57:58.697, 27506155700, vstest.console.dll, MulticastDelegateUtilities.SafeInvoke: TestRun.RunStatsChanged: Invoking callbacks was skipped because there are no subscribers.
TpTrace Information: 0 : 7496, 10, 2023/10/31, 19:57:58.697, 27506156026, vstest.console.dll, TestRunRequest:SendTestRunStatsChange: Completed.
TpTrace Verbose: 0 : 7496, 10, 2023/10/31, 19:57:58.697, 27506156231, vstest.console.dll, MulticastDelegateUtilities.SafeInvoke: LengthPrefixCommunicationChannel: MessageReceived: Invoking callback 1/1 for Microsoft.VisualStudio.TestPlatform.CommunicationUtilities.TestRequestSender+<>c__DisplayClass34_0., took 20 ms.
TpTrace Verbose: 0 : 7496, 10, 2023/10/31, 19:57:58.697, 27506156434, vstest.console.dll, TcpClientExtensions.MessageLoopAsync: Polling on remoteEndPoint: 127.0.0.1:51530 localEndPoint: 127.0.0.1:51529
TpTrace Verbose: 0 : 7496, 10, 2023/10/31, 19:57:58.697, 27506156727, vstest.console.dll, TcpClientExtensions.MessageLoopAsync: NotifyDataAvailable remoteEndPoint: 127.0.0.1:51530 localEndPoint: 127.0.0.1:51529
TpTrace Verbose: 0 : 7496, 10, 2023/10/31, 19:57:58.697, 27506158108, vstest.console.dll, TestRequestSender.OnExecutionMessageReceived: Received message: {"Version":7,"MessageType":"TestExecution.StatsChange","Payload":{"NewTestResults":[{"TestCase":{"Id":"47bb7263-a097-553a-45e0-6a01705814c4","FullyQualifiedName":"LogReportServiceTests.EmailAnonymizerTests.Anonymize_Succeed","DisplayName":"LogReportServiceTests.EmailAnonymizerTests.Anonymize_Succeed","ExecutorUri":"executor://xunit/VsTestRunner2/netcoreapp","Source":"D:\\GitHub\\LogReportService\\LogReportServiceTests\\bin\\Debug\\net6.0\\fine-code-coverage\\build-output\\LogReportServiceTests.dll","CodeFilePath":null,"LineNumber":0,"Properties":[]},"Attachments":[],"Outcome":1,"ErrorMessage":null,"ErrorStackTrace":null,"DisplayName":"LogReportServiceTests.EmailAnonymizerTests.Anonymize_Succeed","Messages":[],"ComputerName":"DESKTOP-10AIDN4","Duration":"00:00:00.0000955","StartTime":"2023-10-31T16:57:58.6789589+00:00","EndTime":"2023-10-31T16:57:58.6789589+00:00","Properties":[]},{"TestCase":{"Id":"7f5005f8-5618-ad8e-c6b0-480359b85d7a","FullyQualifiedName":"LogReportServiceTests.CountPercentageTests.PercentageProperty_CanBeSet","DisplayName":"LogReportServiceTests.CountPercentageTests.PercentageProperty_CanBeSet","ExecutorUri":"executor://xunit/VsTestRunner2/netcoreapp","Source":"D:\\GitHub\\LogReportService\\LogReportServiceTests\\bin\\Debug\\net6.0\\fine-code-coverage\\build-output\\LogReportServiceTests.dll","CodeFilePath":null,"LineNumber":0,"Properties":[]},"Attachments":[],"Outcome":1,"ErrorMessage":null,"ErrorStackTrace":null,"DisplayName":"LogReportServiceTests.CountPercentageTests.PercentageProperty_CanBeSet","Messages":[],"ComputerName":"DESKTOP-10AIDN4","Duration":"00:00:00.0001093","StartTime":"2023-10-31T16:57:58.6810101+00:00","EndTime":"2023-10-31T16:57:58.6810102+00:00","Properties":[]},{"TestCase":{"Id":"8368f6b0-60b2-70cb-279e-67e03ae418ee","FullyQualifiedName":"LogReportServiceTests.LogFileTests.IsLogFileNameCorrect_FalseForInValidFileName8","DisplayName":"LogReportServiceTests.LogFileTests.IsLogFileNameCorrect_FalseForInValidFileName8","ExecutorUri":"executor://xunit/VsTestRunner2/netcoreapp","Source":"D:\\GitHub\\LogReportService\\LogReportServiceTests\\bin\\Debug\\net6.0\\fine-code-coverage\\build-output\\LogReportServiceTests.dll","CodeFilePath":null,"LineNumber":0,"Properties":[]},"Attachments":[],"Outcome":1,"ErrorMessage":null,"ErrorStackTrace":null,"DisplayName":"LogReportServiceTests.LogFileTests.IsLogFileNameCorrect_FalseForInValidFileName8","Messages":[],"ComputerName":"DESKTOP-10AIDN4","Duration":"00:00:00.0002342","StartTime":"2023-10-31T16:57:58.6819934+00:00","EndTime":"2023-10-31T16:57:58.6819934+00:00","Properties":[]},{"TestCase":{"Id":"8930da2d-191e-984c-d45d-9e8a94f17017","FullyQualifiedName":"LogReportServiceTests.EmailAnonymizerTests.Anonymize_Succeed3","DisplayName":"LogReportServiceTests.EmailAnonymizerTests.Anonymize_Succeed3","ExecutorUri":"executor://xunit/VsTestRunner2/netcoreapp","Source":"D:\\GitHub\\LogReportService\\LogReportServiceTests\\bin\\Debug\\net6.0\\fine-code-coverage\\build-output\\LogReportServiceTests.dll","CodeFilePath":null,"LineNumber":0,"Properties":[]},"Attachments":[],"Outcome":1,"ErrorMessage":null,"ErrorStackTrace":null,"DisplayName":"LogReportServiceTests.EmailAnonymizerTests.Anonymize_Succeed3","Messages":[],"ComputerName":"DESKTOP-10AIDN4","Duration":"00:00:00.0001224","StartTime":"2023-10-31T16:57:58.6840255+00:00","EndTime":"2023-10-31T16:57:58.6840256+00:00","Properties":[]},{"TestCase":{"Id":"fe6556ae-5b95-cc16-ca14-1e397f44102f","FullyQualifiedName":"LogReportServiceTests.EmailAnonymizerTests.AnonymizeInText_Succeed3","DisplayName":"LogReportServiceTests.EmailAnonymizerTests.AnonymizeInText_Succeed3","ExecutorUri":"executor://xunit/VsTestRunner2/netcoreapp","Source":"D:\\GitHub\\LogReportService\\LogReportServiceTests\\bin\\Debug\\net6.0\\fine-code-coverage\\build-output\\LogReportServiceTests.dll","CodeFilePath":null,"LineNumber":0,"Properties":[]},"Attachments":[],"Outcome":1,"ErrorMessage":null,"ErrorStackTrace":null,"DisplayName":"LogReportServiceTests.EmailAnonymizerTests.AnonymizeInText_Succeed3","Messages":[],"ComputerName":"DESKTOP-10AIDN4","Duration":"00:00:00.0001325","StartTime":"2023-10-31T16:57:58.6859811+00:00","EndTime":"2023-10-31T16:57:58.6859811+00:00","Properties":[]},{"TestCase":{"Id":"2532555f-7362-5db3-92ee-29286ba41106","FullyQualifiedName":"LogReportServiceTests.EmailAnonymizerTests.Anonymize_ThrowsArgumentException","DisplayName":"LogReportServiceTests.EmailAnonymizerTests.Anonymize_ThrowsArgumentException","ExecutorUri":"executor://xunit/VsTestRunner2/netcoreapp","Source":"D:\\GitHub\\LogReportService\\LogReportServiceTests\\bin\\Debug\\net6.0\\fine-code-coverage\\build-output\\LogReportServiceTests.dll","CodeFilePath":null,"LineNumber":0,"Properties":[]},"Attachments":[],"Outcome":1,"ErrorMessage":null,"ErrorStackTrace":null,"DisplayName":"LogReportServiceTests.EmailAnonymizerTests.Anonymize_ThrowsArgumentException","Messages":[],"ComputerName":"DESKTOP-10AIDN4","Duration":"00:00:00.0005318","StartTime":"2023-10-31T16:57:58.6881884+00:00","EndTime":"2023-10-31T16:57:58.6881884+00:00","Properties":[]},{"TestCase":{"Id":"a9dc21b9-d218-5016-eab8-3688300debd9","FullyQualifiedName":"LogReportServiceTests.EmailAnonymizerTests.Anonymize_Succeed2","DisplayName":"LogReportServiceTests.EmailAnonymizerTests.Anonymize_Succeed2","ExecutorUri":"executor://xunit/VsTestRunner2/netcoreapp","Source":"D:\\GitHub\\LogReportService\\LogReportServiceTests\\bin\\Debug\\net6.0\\fine-code-coverage\\build-output\\LogReportServiceTests.dll","CodeFilePath":null,"LineNumber":0,"Properties":[]},"Attachments":[],"Outcome":1,"ErrorMessage":null,"ErrorStackTrace":null,"DisplayName":"LogReportServiceTests.EmailAnonymizerTests.Anonymize_Succeed2","Messages":[],"ComputerName":"DESKTOP-10AIDN4","Duration":"00:00:00.0000938","StartTime":"2023-10-31T16:57:58.689891+00:00","EndTime":"2023-10-31T16:57:58.6898911+00:00","Properties":[]},{"TestCase":{"Id":"e27da28d-c0ad-ba31-ce44-82684ef46230","FullyQualifiedName":"LogReportServiceTests.EmailAnonymizerTests.Anonymize_ThrowsArgumentException2","DisplayName":"LogReportServiceTests.EmailAnonymizerTests.Anonymize_ThrowsArgumentException2","ExecutorUri":"executor://xunit/VsTestRunner2/netcoreapp","Source":"D:\\GitHub\\LogReportService\\LogReportServiceTests\\bin\\Debug\\net6.0\\fine-code-coverage\\build-output\\LogReportServiceTests.dll","CodeFilePath":null,"LineNumber":0,"Properties":[]},"Attachments":[],"Outcome":1,"ErrorMessage":null,"ErrorStackTrace":null,"DisplayName":"LogReportServiceTests.EmailAnonymizerTests.Anonymize_ThrowsArgumentException2","Messages":[],"ComputerName":"DESKTOP-10AIDN4","Duration":"00:00:00.0004127","StartTime":"2023-10-31T16:57:58.6922653+00:00","EndTime":"2023-10-31T16:57:58.6922654+00:00","Properties":[]},{"TestCase":{"Id":"c5a42808-639d-d75e-62d5-93af8c11e237","FullyQualifiedName":"LogReportServiceTests.LogEntryTests.Constructor_ParsesLogLineCorrectly4","DisplayName":"LogReportServiceTests.LogEntryTests.Constructor_ParsesLogLineCorrectly4","ExecutorUri":"executor://xunit/VsTestRunner2/netcoreapp","Source":"D:\\GitHub\\LogReportService\\LogReportServiceTests\\bin\\Debug\\net6.0\\fine-code-coverage\\build-output\\LogReportServiceTests.dll","CodeFilePath":null,"LineNumber":0,"Properties":[]},"Attachments":[],"Outcome":1,"ErrorMessage":null,"ErrorStackTrace":null,"DisplayName":"LogReportServiceTests.LogEntryTests.Constructor_ParsesLogLineCorrectly4","Messages":[],"ComputerName":"DESKTOP-10AIDN4","Duration":"00:00:00.0106147","StartTime":"2023-10-31T16:57:58.6938482+00:00","EndTime":"2023-10-31T16:57:58.6938482+00:00","Properties":[]}],"TestRunStatistics":{"ExecutedTests":15,"Stats":{"Passed":15}},"ActiveTests":[{"Id":"7e22a2c9-cc01-be4e-987e-66507e45f037","FullyQualifiedName":"LogReportServiceTests.LogFileTests.Exclude_Succeed","DisplayName":"LogReportServiceTests.LogFileTests.Exclude_Succeed","ExecutorUri":"executor://xunit/VsTestRunner2/netcoreapp","Source":"D:\\GitHub\\LogReportService\\LogReportServiceTests\\bin\\Debug\\net6.0\\fine-code-coverage\\build-output\\LogReportServiceTests.dll","CodeFilePath":null,"LineNumber":0,"Properties":[]}]}}
TpTrace Verbose: 0 : 7496, 10, 2023/10/31, 19:57:58.698, 27506165726, vstest.console.dll, TestRunRequest:SendTestRunStatsChange: Starting.
TpTrace Verbose: 0 : 7496, 10, 2023/10/31, 19:57:58.698, 27506166350, vstest.console.dll, InProgress is LogReportServiceTests.LogFileTests.Exclude_Succeed
TpTrace Verbose: 0 : 7496, 10, 2023/10/31, 19:57:58.698, 27506166839, vstest.console.dll, MulticastDelegateUtilities.SafeInvoke: TestRun.RunStatsChanged: Invoking callbacks was skipped because there are no subscribers.
TpTrace Information: 0 : 7496, 10, 2023/10/31, 19:57:58.698, 27506167080, vstest.console.dll, TestRunRequest:SendTestRunStatsChange: Completed.
TpTrace Verbose: 0 : 7496, 10, 2023/10/31, 19:57:58.698, 27506167264, vstest.console.dll, MulticastDelegateUtilities.SafeInvoke: LengthPrefixCommunicationChannel: MessageReceived: Invoking callback 1/1 for Microsoft.VisualStudio.TestPlatform.CommunicationUtilities.TestRequestSender+<>c__DisplayClass34_0., took 0 ms.
TpTrace Verbose: 0 : 7496, 10, 2023/10/31, 19:57:58.698, 27506167459, vstest.console.dll, TcpClientExtensions.MessageLoopAsync: Polling on remoteEndPoint: 127.0.0.1:51530 localEndPoint: 127.0.0.1:51529
TpTrace Verbose: 0 : 7496, 4, 2023/10/31, 19:57:58.700, 27506183732, vstest.console.dll, MulticastDelegateUtilities.SafeInvoke: InternalTestLoggerEvents.SendTestResult: Invoking callback 1/1 for Microsoft.VisualStudio.TestPlatform.CommandLine.Internal.ConsoleLogger., took 2 ms.
TpTrace Verbose: 0 : 7496, 4, 2023/10/31, 19:57:58.700, 27506186289, vstest.console.dll, MulticastDelegateUtilities.SafeInvoke: InternalTestLoggerEvents.SendTestResult: Invoking callback 1/1 for Microsoft.VisualStudio.TestPlatform.CommandLine.Internal.ConsoleLogger., took 0 ms.
TpTrace Verbose: 0 : 7496, 4, 2023/10/31, 19:57:58.700, 27506186855, vstest.console.dll, MulticastDelegateUtilities.SafeInvoke: InternalTestLoggerEvents.SendTestResult: Invoking callback 1/1 for Microsoft.VisualStudio.TestPlatform.CommandLine.Internal.ConsoleLogger., took 0 ms.
TpTrace Verbose: 0 : 7496, 4, 2023/10/31, 19:57:58.700, 27506187145, vstest.console.dll, MulticastDelegateUtilities.SafeInvoke: InternalTestLoggerEvents.SendTestResult: Invoking callback 1/1 for Microsoft.VisualStudio.TestPlatform.CommandLine.Internal.ConsoleLogger., took 0 ms.
TpTrace Verbose: 0 : 7496, 4, 2023/10/31, 19:57:58.700, 27506187371, vstest.console.dll, MulticastDelegateUtilities.SafeInvoke: InternalTestLoggerEvents.SendTestResult: Invoking callback 1/1 for Microsoft.VisualStudio.TestPlatform.CommandLine.Internal.ConsoleLogger., took 0 ms.
TpTrace Verbose: 0 : 7496, 4, 2023/10/31, 19:57:58.700, 27506187591, vstest.console.dll, MulticastDelegateUtilities.SafeInvoke: InternalTestLoggerEvents.SendTestResult: Invoking callback 1/1 for Microsoft.VisualStudio.TestPlatform.CommandLine.Internal.ConsoleLogger., took 0 ms.
TpTrace Verbose: 0 : 7496, 4, 2023/10/31, 19:57:58.700, 27506187935, vstest.console.dll, MulticastDelegateUtilities.SafeInvoke: InternalTestLoggerEvents.SendTestResult: Invoking callback 1/1 for Microsoft.VisualStudio.TestPlatform.CommandLine.Internal.ConsoleLogger., took 0 ms.
TpTrace Verbose: 0 : 7496, 4, 2023/10/31, 19:57:58.700, 27506188147, vstest.console.dll, MulticastDelegateUtilities.SafeInvoke: InternalTestLoggerEvents.SendTestResult: Invoking callback 1/1 for Microsoft.VisualStudio.TestPlatform.CommandLine.Internal.ConsoleLogger., took 0 ms.
TpTrace Verbose: 0 : 7496, 4, 2023/10/31, 19:57:58.700, 27506189013, vstest.console.dll, MulticastDelegateUtilities.SafeInvoke: InternalTestLoggerEvents.SendTestResult: Invoking callback 1/1 for Microsoft.VisualStudio.TestPlatform.CommandLine.Internal.ConsoleLogger., took 0 ms.
TpTrace Verbose: 0 : 7496, 4, 2023/10/31, 19:57:58.700, 27506189357, vstest.console.dll, MulticastDelegateUtilities.SafeInvoke: InternalTestLoggerEvents.SendTestResult: Invoking callback 1/1 for Microsoft.VisualStudio.TestPlatform.CommandLine.Internal.ConsoleLogger., took 0 ms.
TpTrace Verbose: 0 : 7496, 4, 2023/10/31, 19:57:58.701, 27506196980, vstest.console.dll, MulticastDelegateUtilities.SafeInvoke: InternalTestLoggerEvents.SendTestResult: Invoking callback 1/1 for Microsoft.VisualStudio.TestPlatform.CommandLine.Internal.ConsoleLogger., took 0 ms.
TpTrace Verbose: 0 : 7496, 4, 2023/10/31, 19:57:58.701, 27506197922, vstest.console.dll, MulticastDelegateUtilities.SafeInvoke: InternalTestLoggerEvents.SendTestResult: Invoking callback 1/1 for Microsoft.VisualStudio.TestPlatform.CommandLine.Internal.ConsoleLogger., took 0 ms.
TpTrace Verbose: 0 : 7496, 4, 2023/10/31, 19:57:58.701, 27506198182, vstest.console.dll, MulticastDelegateUtilities.SafeInvoke: InternalTestLoggerEvents.SendTestResult: Invoking callback 1/1 for Microsoft.VisualStudio.TestPlatform.CommandLine.Internal.ConsoleLogger., took 0 ms.
TpTrace Verbose: 0 : 7496, 4, 2023/10/31, 19:57:58.701, 27506198601, vstest.console.dll, MulticastDelegateUtilities.SafeInvoke: InternalTestLoggerEvents.SendTestResult: Invoking callback 1/1 for Microsoft.VisualStudio.TestPlatform.CommandLine.Internal.ConsoleLogger., took 0 ms.
TpTrace Verbose: 0 : 7496, 4, 2023/10/31, 19:57:58.701, 27506199193, vstest.console.dll, MulticastDelegateUtilities.SafeInvoke: InternalTestLoggerEvents.SendTestResult: Invoking callback 1/1 for Microsoft.VisualStudio.TestPlatform.CommandLine.Internal.ConsoleLogger., took 0 ms.
TpTrace Verbose: 0 : 7496, 10, 2023/10/31, 19:57:58.718, 27506366231, vstest.console.dll, TcpClientExtensions.MessageLoopAsync: NotifyDataAvailable remoteEndPoint: 127.0.0.1:51530 localEndPoint: 127.0.0.1:51529
TpTrace Verbose: 0 : 7496, 10, 2023/10/31, 19:57:58.718, 27506369699, vstest.console.dll, TestRequestSender.OnExecutionMessageReceived: Received message: {"Version":7,"MessageType":"TestExecution.StatsChange","Payload":{"NewTestResults":[{"TestCase":{"Id":"6ae22d6d-ec46-e96b-cb89-d88a8d4ed1d8","FullyQualifiedName":"LogReportServiceTests.LogEntryTests.Constructor_ThrowsFormatExceptionForEmptyCategory2","DisplayName":"LogReportServiceTests.LogEntryTests.Constructor_ThrowsFormatExceptionForEmptyCategory2","ExecutorUri":"executor://xunit/VsTestRunner2/netcoreapp","Source":"D:\\GitHub\\LogReportService\\LogReportServiceTests\\bin\\Debug\\net6.0\\fine-code-coverage\\build-output\\LogReportServiceTests.dll","CodeFilePath":null,"LineNumber":0,"Properties":[]},"Attachments":[],"Outcome":1,"ErrorMessage":null,"ErrorStackTrace":null,"DisplayName":"LogReportServiceTests.LogEntryTests.Constructor_ThrowsFormatExceptionForEmptyCategory2","Messages":[],"ComputerName":"DESKTOP-10AIDN4","Duration":"00:00:00.0002086","StartTime":"2023-10-31T16:57:58.6977306+00:00","EndTime":"2023-10-31T16:57:58.6977306+00:00","Properties":[]},{"TestCase":{"Id":"1a173cf4-9b8b-f9ca-c20c-339a27429a3b","FullyQualifiedName":"LogReportServiceTests.LogEntryTests.Constructor_ThrowsFormatExceptionForEmptyMessage3","DisplayName":"LogReportServiceTests.LogEntryTests.Constructor_ThrowsFormatExceptionForEmptyMessage3","ExecutorUri":"executor://xunit/VsTestRunner2/netcoreapp","Source":"D:\\GitHub\\LogReportService\\LogReportServiceTests\\bin\\Debug\\net6.0\\fine-code-coverage\\build-output\\LogReportServiceTests.dll","CodeFilePath":null,"LineNumber":0,"Properties":[]},"Attachments":[],"Outcome":1,"ErrorMessage":null,"ErrorStackTrace":null,"DisplayName":"LogReportServiceTests.LogEntryTests.Constructor_ThrowsFormatExceptionForEmptyMessage3","Messages":[],"ComputerName":"DESKTOP-10AIDN4","Duration":"00:00:00.0002039","StartTime":"2023-10-31T16:57:58.6998421+00:00","EndTime":"2023-10-31T16:57:58.6998422+00:00","Properties":[]},{"TestCase":{"Id":"e342dbc4-32fc-1acb-eabc-b4281deffbc5","FullyQualifiedName":"LogReportServiceTests.LogEntryTests.Constructor_ThrowsFormatExceptionForEmptySeverity","DisplayName":"LogReportServiceTests.LogEntryTests.Constructor_ThrowsFormatExceptionForEmptySeverity","ExecutorUri":"executor://xunit/VsTestRunner2/netcoreapp","Source":"D:\\GitHub\\LogReportService\\LogReportServiceTests\\bin\\Debug\\net6.0\\fine-code-coverage\\build-output\\LogReportServiceTests.dll","CodeFilePath":null,"LineNumber":0,"Properties":[]},"Attachments":[],"Outcome":1,"ErrorMessage":null,"ErrorStackTrace":null,"DisplayName":"LogReportServiceTests.LogEntryTests.Constructor_ThrowsFormatExceptionForEmptySeverity","Messages":[],"ComputerName":"DESKTOP-10AIDN4","Duration":"00:00:00.0002124","StartTime":"2023-10-31T16:57:58.7015838+00:00","EndTime":"2023-10-31T16:57:58.7015838+00:00","Properties":[]},{"TestCase":{"Id":"cf010dae-53c6-bb24-ed8e-56b0fad0dcc4","FullyQualifiedName":"LogReportServiceTests.LogEntryTests.Constructor_ParsesLogLineCorrectly2","DisplayName":"LogReportServiceTests.LogEntryTests.Constructor_ParsesLogLineCorrectly2","ExecutorUri":"executor://xunit/VsTestRunner2/netcoreapp","Source":"D:\\GitHub\\LogReportService\\LogReportServiceTests\\bin\\Debug\\net6.0\\fine-code-coverage\\build-output\\LogReportServiceTests.dll","CodeFilePath":null,"LineNumber":0,"Properties":[]},"Attachments":[],"Outcome":1,"ErrorMessage":null,"ErrorStackTrace":null,"DisplayName":"LogReportServiceTests.LogEntryTests.Constructor_ParsesLogLineCorrectly2","Messages":[],"ComputerName":"DESKTOP-10AIDN4","Duration":"00:00:00.0001898","StartTime":"2023-10-31T16:57:58.7037368+00:00","EndTime":"2023-10-31T16:57:58.7037369+00:00","Properties":[]},{"TestCase":{"Id":"aede56d0-b37e-62e1-4d20-256d0c1c9dd6","FullyQualifiedName":"LogReportServiceTests.LogEntryTests.Constructor_ThrowsFormatExceptionForIncorrectDateTimeString","DisplayName":"LogReportServiceTests.LogEntryTests.Constructor_ThrowsFormatExceptionForIncorrectDateTimeString","ExecutorUri":"executor://xunit/VsTestRunner2/netcoreapp","Source":"D:\\GitHub\\LogReportService\\LogReportServiceTests\\bin\\Debug\\net6.0\\fine-code-coverage\\build-output\\LogReportServiceTests.dll","CodeFilePath":null,"LineNumber":0,"Properties":[]},"Attachments":[],"Outcome":1,"ErrorMessage":null,"ErrorStackTrace":null,"DisplayName":"LogReportServiceTests.LogEntryTests.Constructor_ThrowsFormatExceptionForIncorrectDateTimeString","Messages":[],"ComputerName":"DESKTOP-10AIDN4","Duration":"00:00:00.0002234","StartTime":"2023-10-31T16:57:58.7052474+00:00","EndTime":"2023-10-31T16:57:58.7052474+00:00","Properties":[]},{"TestCase":{"Id":"1dea7e19-7513-ddad-942a-9df538a3a422","FullyQualifiedName":"LogReportServiceTests.LogEntryTests.Constructor_ParsesLogLineCorrectly3","DisplayName":"LogReportServiceTests.LogEntryTests.Constructor_ParsesLogLineCorrectly3","ExecutorUri":"executor://xunit/VsTestRunner2/netcoreapp","Source":"D:\\GitHub\\LogReportService\\LogReportServiceTests\\bin\\Debug\\net6.0\\fine-code-coverage\\build-output\\LogReportServiceTests.dll","CodeFilePath":null,"LineNumber":0,"Properties":[]},"Attachments":[],"Outcome":1,"ErrorMessage":null,"ErrorStackTrace":null,"DisplayName":"LogReportServiceTests.LogEntryTests.Constructor_ParsesLogLineCorrectly3","Messages":[],"ComputerName":"DESKTOP-10AIDN4","Duration":"00:00:00.0001740","StartTime":"2023-10-31T16:57:58.7067149+00:00","EndTime":"2023-10-31T16:57:58.7067149+00:00","Properties":[]},{"TestCase":{"Id":"225fc347-ed66-8058-5746-c8217ec713c5","FullyQualifiedName":"LogReportServiceTests.LogEntryTests.Constructor_ThrowsFormatExceptionForEmptyMessage2","DisplayName":"LogReportServiceTests.LogEntryTests.Constructor_ThrowsFormatExceptionForEmptyMessage2","ExecutorUri":"executor://xunit/VsTestRunner2/netcoreapp","Source":"D:\\GitHub\\LogReportService\\LogReportServiceTests\\bin\\Debug\\net6.0\\fine-code-coverage\\build-output\\LogReportServiceTests.dll","CodeFilePath":null,"LineNumber":0,"Properties":[]},"Attachments":[],"Outcome":1,"ErrorMessage":null,"ErrorStackTrace":null,"DisplayName":"LogReportServiceTests.LogEntryTests.Constructor_ThrowsFormatExceptionForEmptyMessage2","Messages":[],"ComputerName":"DESKTOP-10AIDN4","Duration":"00:00:00.0001814","StartTime":"2023-10-31T16:57:58.708667+00:00","EndTime":"2023-10-31T16:57:58.708667+00:00","Properties":[]},{"TestCase":{"Id":"29bd6314-5b34-ba1e-68bb-bef31c49579a","FullyQualifiedName":"LogReportServiceTests.LogEntryTests.Constructor_ThrowsFormatExceptionForEmptySeverity2","DisplayName":"LogReportServiceTests.LogEntryTests.Constructor_ThrowsFormatExceptionForEmptySeverity2","ExecutorUri":"executor://xunit/VsTestRunner2/netcoreapp","Source":"D:\\GitHub\\LogReportService\\LogReportServiceTests\\bin\\Debug\\net6.0\\fine-code-coverage\\build-output\\LogReportServiceTests.dll","CodeFilePath":null,"LineNumber":0,"Properties":[]},"Attachments":[],"Outcome":1,"ErrorMessage":null,"ErrorStackTrace":null,"DisplayName":"LogReportServiceTests.LogEntryTests.Constructor_ThrowsFormatExceptionForEmptySeverity2","Messages":[],"ComputerName":"DESKTOP-10AIDN4","Duration":"00:00:00.0001507","StartTime":"2023-10-31T16:57:58.7101103+00:00","EndTime":"2023-10-31T16:57:58.7101104+00:00","Properties":[]},{"TestCase":{"Id":"789b98e8-a505-ee58-51bf-8223ea4ddd91","FullyQualifiedName":"LogReportServiceTests.LogEntryTests.Constructor_ThrowsFormatExceptionForEmptyCategory","DisplayName":"LogReportServiceTests.LogEntryTests.Constructor_ThrowsFormatExceptionForEmptyCategory","ExecutorUri":"executor://xunit/VsTestRunner2/netcoreapp","Source":"D:\\GitHub\\LogReportService\\LogReportServiceTests\\bin\\Debug\\net6.0\\fine-code-coverage\\build-output\\LogReportServiceTests.dll","CodeFilePath":null,"LineNumber":0,"Properties":[]},"Attachments":[],"Outcome":1,"ErrorMessage":null,"ErrorStackTrace":null,"DisplayName":"LogReportServiceTests.LogEntryTests.Constructor_ThrowsFormatExceptionForEmptyCategory","Messages":[],"ComputerName":"DESKTOP-10AIDN4","Duration":"00:00:00.0001431","StartTime":"2023-10-31T16:57:58.7172647+00:00","EndTime":"2023-10-31T16:57:58.7172648+00:00","Properties":[]}],"TestRunStatistics":{"ExecutedTests":24,"Stats":{"Passed":24}},"ActiveTests":[{"Id":"4607ebb9-e5d8-409c-e423-7384f1b9139b","FullyQualifiedName":"LogReportServiceTests.LogEntryTests.Constructor_ParsesLogLineCorrectly","DisplayName":"LogReportServiceTests.LogEntryTests.Constructor_ParsesLogLineCorrectly","ExecutorUri":"executor://xunit/VsTestRunner2/netcoreapp","Source":"D:\\GitHub\\LogReportService\\LogReportServiceTests\\bin\\Debug\\net6.0\\fine-code-coverage\\build-output\\LogReportServiceTests.dll","CodeFilePath":null,"LineNumber":0,"Properties":[]}]}}
TpTrace Verbose: 0 : 7496, 10, 2023/10/31, 19:57:58.719, 27506379523, vstest.console.dll, TestRunRequest:SendTestRunStatsChange: Starting.
TpTrace Verbose: 0 : 7496, 10, 2023/10/31, 19:57:58.719, 27506380297, vstest.console.dll, InProgress is LogReportServiceTests.LogEntryTests.Constructor_ParsesLogLineCorrectly
TpTrace Verbose: 0 : 7496, 10, 2023/10/31, 19:57:58.719, 27506380944, vstest.console.dll, MulticastDelegateUtilities.SafeInvoke: TestRun.RunStatsChanged: Invoking callbacks was skipped because there are no subscribers.
TpTrace Information: 0 : 7496, 10, 2023/10/31, 19:57:58.719, 27506381303, vstest.console.dll, TestRunRequest:SendTestRunStatsChange: Completed.
TpTrace Verbose: 0 : 7496, 10, 2023/10/31, 19:57:58.719, 27506381676, vstest.console.dll, MulticastDelegateUtilities.SafeInvoke: LengthPrefixCommunicationChannel: MessageReceived: Invoking callback 1/1 for Microsoft.VisualStudio.TestPlatform.CommunicationUtilities.TestRequestSender+<>c__DisplayClass34_0., took 1 ms.
TpTrace Verbose: 0 : 7496, 10, 2023/10/31, 19:57:58.719, 27506382083, vstest.console.dll, TcpClientExtensions.MessageLoopAsync: Polling on remoteEndPoint: 127.0.0.1:51530 localEndPoint: 127.0.0.1:51529
TpTrace Verbose: 0 : 7496, 4, 2023/10/31, 19:57:58.719, 27506381707, vstest.console.dll, MulticastDelegateUtilities.SafeInvoke: InternalTestLoggerEvents.SendTestResult: Invoking callback 1/1 for Microsoft.VisualStudio.TestPlatform.CommandLine.Internal.ConsoleLogger., took 0 ms.
TpTrace Verbose: 0 : 7496, 4, 2023/10/31, 19:57:58.720, 27506383129, vstest.console.dll, MulticastDelegateUtilities.SafeInvoke: InternalTestLoggerEvents.SendTestResult: Invoking callback 1/1 for Microsoft.VisualStudio.TestPlatform.CommandLine.Internal.ConsoleLogger., took 0 ms.
TpTrace Verbose: 0 : 7496, 4, 2023/10/31, 19:57:58.720, 27506383451, vstest.console.dll, MulticastDelegateUtilities.SafeInvoke: InternalTestLoggerEvents.SendTestResult: Invoking callback 1/1 for Microsoft.VisualStudio.TestPlatform.CommandLine.Internal.ConsoleLogger., took 0 ms.
TpTrace Verbose: 0 : 7496, 4, 2023/10/31, 19:57:58.720, 27506383672, vstest.console.dll, MulticastDelegateUtilities.SafeInvoke: InternalTestLoggerEvents.SendTestResult: Invoking callback 1/1 for Microsoft.VisualStudio.TestPlatform.CommandLine.Internal.ConsoleLogger., took 0 ms.
TpTrace Verbose: 0 : 7496, 4, 2023/10/31, 19:57:58.720, 27506383909, vstest.console.dll, MulticastDelegateUtilities.SafeInvoke: InternalTestLoggerEvents.SendTestResult: Invoking callback 1/1 for Microsoft.VisualStudio.TestPlatform.CommandLine.Internal.ConsoleLogger., took 0 ms.
TpTrace Verbose: 0 : 7496, 4, 2023/10/31, 19:57:58.720, 27506384123, vstest.console.dll, MulticastDelegateUtilities.SafeInvoke: InternalTestLoggerEvents.SendTestResult: Invoking callback 1/1 for Microsoft.VisualStudio.TestPlatform.CommandLine.Internal.ConsoleLogger., took 0 ms.
TpTrace Verbose: 0 : 7496, 4, 2023/10/31, 19:57:58.720, 27506384329, vstest.console.dll, MulticastDelegateUtilities.SafeInvoke: InternalTestLoggerEvents.SendTestResult: Invoking callback 1/1 for Microsoft.VisualStudio.TestPlatform.CommandLine.Internal.ConsoleLogger., took 0 ms.
TpTrace Verbose: 0 : 7496, 4, 2023/10/31, 19:57:58.720, 27506384579, vstest.console.dll, MulticastDelegateUtilities.SafeInvoke: InternalTestLoggerEvents.SendTestResult: Invoking callback 1/1 for Microsoft.VisualStudio.TestPlatform.CommandLine.Internal.ConsoleLogger., took 0 ms.
TpTrace Verbose: 0 : 7496, 4, 2023/10/31, 19:57:58.720, 27506384845, vstest.console.dll, MulticastDelegateUtilities.SafeInvoke: InternalTestLoggerEvents.SendTestResult: Invoking callback 1/1 for Microsoft.VisualStudio.TestPlatform.CommandLine.Internal.ConsoleLogger., took 0 ms.
TpTrace Verbose: 0 : 7496, 10, 2023/10/31, 19:57:58.730, 27506486705, vstest.console.dll, TcpClientExtensions.MessageLoopAsync: NotifyDataAvailable remoteEndPoint: 127.0.0.1:51530 localEndPoint: 127.0.0.1:51529
TpTrace Verbose: 0 : 7496, 10, 2023/10/31, 19:57:58.730, 27506488668, vstest.console.dll, TestRequestSender.OnExecutionMessageReceived: Received message: {"Version":7,"MessageType":"TestExecution.StatsChange","Payload":{"NewTestResults":[{"TestCase":{"Id":"721ae52d-9aed-337e-d3a2-1ad3fe689113","FullyQualifiedName":"LogReportServiceTests.LogReportTests.Constructor_SucсeedWithNoLogEntries","DisplayName":"LogReportServiceTests.LogReportTests.Constructor_SucсeedWithNoLogEntries","ExecutorUri":"executor://xunit/VsTestRunner2/netcoreapp","Source":"D:\\GitHub\\LogReportService\\LogReportServiceTests\\bin\\Debug\\net6.0\\fine-code-coverage\\build-output\\LogReportServiceTests.dll","CodeFilePath":null,"LineNumber":0,"Properties":[]},"Attachments":[],"Outcome":1,"ErrorMessage":null,"ErrorStackTrace":null,"DisplayName":"LogReportServiceTests.LogReportTests.Constructor_SucсeedWithNoLogEntries","Messages":[],"ComputerName":"DESKTOP-10AIDN4","Duration":"00:00:00.0127399","StartTime":"2023-10-31T16:57:58.7190116+00:00","EndTime":"2023-10-31T16:57:58.7190117+00:00","Properties":[]},{"TestCase":{"Id":"4607ebb9-e5d8-409c-e423-7384f1b9139b","FullyQualifiedName":"LogReportServiceTests.LogEntryTests.Constructor_ParsesLogLineCorrectly","DisplayName":"LogReportServiceTests.LogEntryTests.Constructor_ParsesLogLineCorrectly","ExecutorUri":"executor://xunit/VsTestRunner2/netcoreapp","Source":"D:\\GitHub\\LogReportService\\LogReportServiceTests\\bin\\Debug\\net6.0\\fine-code-coverage\\build-output\\LogReportServiceTests.dll","CodeFilePath":null,"LineNumber":0,"Properties":[]},"Attachments":[],"Outcome":1,"ErrorMessage":null,"ErrorStackTrace":null,"DisplayName":"LogReportServiceTests.LogEntryTests.Constructor_ParsesLogLineCorrectly","Messages":[],"ComputerName":"DESKTOP-10AIDN4","Duration":"00:00:00.0002148","StartTime":"2023-10-31T16:57:58.7209013+00:00","EndTime":"2023-10-31T16:57:58.7209013+00:00","Properties":[]},{"TestCase":{"Id":"810f9822-99fe-5162-ce1a-6cab225e8a19","FullyQualifiedName":"LogReportServiceTests.LogEntryTests.Constructor_ThrowsFormatExceptionForEmptyMessage","DisplayName":"LogReportServiceTests.LogEntryTests.Constructor_ThrowsFormatExceptionForEmptyMessage","ExecutorUri":"executor://xunit/VsTestRunner2/netcoreapp","Source":"D:\\GitHub\\LogReportService\\LogReportServiceTests\\bin\\Debug\\net6.0\\fine-code-coverage\\build-output\\LogReportServiceTests.dll","CodeFilePath":null,"LineNumber":0,"Properties":[]},"Attachments":[],"Outcome":1,"ErrorMessage":null,"ErrorStackTrace":null,"DisplayName":"LogReportServiceTests.LogEntryTests.Constructor_ThrowsFormatExceptionForEmptyMessage","Messages":[],"ComputerName":"DESKTOP-10AIDN4","Duration":"00:00:00.0001729","StartTime":"2023-10-31T16:57:58.7222947+00:00","EndTime":"2023-10-31T16:57:58.7222947+00:00","Properties":[]},{"TestCase":{"Id":"7e22a2c9-cc01-be4e-987e-66507e45f037","FullyQualifiedName":"LogReportServiceTests.LogFileTests.Exclude_Succeed","DisplayName":"LogReportServiceTests.LogFileTests.Exclude_Succeed","ExecutorUri":"executor://xunit/VsTestRunner2/netcoreapp","Source":"D:\\GitHub\\LogReportService\\LogReportServiceTests\\bin\\Debug\\net6.0\\fine-code-coverage\\build-output\\LogReportServiceTests.dll","CodeFilePath":null,"LineNumber":0,"Properties":[]},"Attachments":[],"Outcome":1,"ErrorMessage":null,"ErrorStackTrace":null,"DisplayName":"LogReportServiceTests.LogFileTests.Exclude_Succeed","Messages":[],"ComputerName":"DESKTOP-10AIDN4","Duration":"00:00:00.0058920","StartTime":"2023-10-31T16:57:58.7230466+00:00","EndTime":"2023-10-31T16:57:58.7230467+00:00","Properties":[]},{"TestCase":{"Id":"f396906c-e3fd-809e-efc0-8dc418ae014c","FullyQualifiedName":"LogReportServiceTests.LogFileTests.IsLogFileNameCorrect_FalseForInValidFileName4","DisplayName":"LogReportServiceTests.LogFileTests.IsLogFileNameCorrect_FalseForInValidFileName4","ExecutorUri":"executor://xunit/VsTestRunner2/netcoreapp","Source":"D:\\GitHub\\LogReportService\\LogReportServiceTests\\bin\\Debug\\net6.0\\fine-code-coverage\\build-output\\LogReportServiceTests.dll","CodeFilePath":null,"LineNumber":0,"Properties":[]},"Attachments":[],"Outcome":1,"ErrorMessage":null,"ErrorStackTrace":null,"DisplayName":"LogReportServiceTests.LogFileTests.IsLogFileNameCorrect_FalseForInValidFileName4","Messages":[],"ComputerName":"DESKTOP-10AIDN4","Duration":"00:00:00.0000818","StartTime":"2023-10-31T16:57:58.7243915+00:00","EndTime":"2023-10-31T16:57:58.7243915+00:00","Properties":[]},{"TestCase":{"Id":"37484412-5910-0523-49e3-d1babce631aa","FullyQualifiedName":"LogReportServiceTests.LogFileTests.IsLogFileNameCorrect_FalseForInValidFileName3","DisplayName":"LogReportServiceTests.LogFileTests.IsLogFileNameCorrect_FalseForInValidFileName3","ExecutorUri":"executor://xunit/VsTestRunner2/netcoreapp","Source":"D:\\GitHub\\LogReportService\\LogReportServiceTests\\bin\\Debug\\net6.0\\fine-code-coverage\\build-output\\LogReportServiceTests.dll","CodeFilePath":null,"LineNumber":0,"Properties":[]},"Attachments":[],"Outcome":1,"ErrorMessage":null,"ErrorStackTrace":null,"DisplayName":"LogReportServiceTests.LogFileTests.IsLogFileNameCorrect_FalseForInValidFileName3","Messages":[],"ComputerName":"DESKTOP-10AIDN4","Duration":"00:00:00.0000499","StartTime":"2023-10-31T16:57:58.7257302+00:00","EndTime":"2023-10-31T16:57:58.7257303+00:00","Properties":[]},{"TestCase":{"Id":"aa35038b-f845-e27e-a20a-37c725dcfa75","FullyQualifiedName":"LogReportServiceTests.LogFileTests.GetRotationNumber_ThrowsFormatExceptionForInvalidFileName","DisplayName":"LogReportServiceTests.LogFileTests.GetRotationNumber_ThrowsFormatExceptionForInvalidFileName","ExecutorUri":"executor://xunit/VsTestRunner2/netcoreapp","Source":"D:\\GitHub\\LogReportService\\LogReportServiceTests\\bin\\Debug\\net6.0\\fine-code-coverage\\build-output\\LogReportServiceTests.dll","CodeFilePath":null,"LineNumber":0,"Properties":[]},"Attachments":[],"Outcome":1,"ErrorMessage":null,"ErrorStackTrace":null,"DisplayName":"LogReportServiceTests.LogFileTests.GetRotationNumber_ThrowsFormatExceptionForInvalidFileName","Messages":[],"ComputerName":"DESKTOP-10AIDN4","Duration":"00:00:00.0001689","StartTime":"2023-10-31T16:57:58.727084+00:00","EndTime":"2023-10-31T16:57:58.727084+00:00","Properties":[]},{"TestCase":{"Id":"0beaebcd-b2bb-2bce-2d05-e8fc96e05025","FullyQualifiedName":"LogReportServiceTests.LogFileTests.IsLogFileNameCorrect_FalseForInValidFileName","DisplayName":"LogReportServiceTests.LogFileTests.IsLogFileNameCorrect_FalseForInValidFileName","ExecutorUri":"executor://xunit/VsTestRunner2/netcoreapp","Source":"D:\\GitHub\\LogReportService\\LogReportServiceTests\\bin\\Debug\\net6.0\\fine-code-coverage\\build-output\\LogReportServiceTests.dll","CodeFilePath":null,"LineNumber":0,"Properties":[]},"Attachments":[],"Outcome":1,"ErrorMessage":null,"ErrorStackTrace":null,"DisplayName":"LogReportServiceTests.LogFileTests.IsLogFileNameCorrect_FalseForInValidFileName","Messages":[],"ComputerName":"DESKTOP-10AIDN4","Duration":"00:00:00.0000539","StartTime":"2023-10-31T16:57:58.7293718+00:00","EndTime":"2023-10-31T16:57:58.7293719+00:00","Properties":[]}],"TestRunStatistics":{"ExecutedTests":32,"Stats":{"Passed":32}},"ActiveTests":[{"Id":"2623463e-e82b-a638-c2da-5ed6e07d94a9","FullyQualifiedName":"LogReportServiceTests.LogReportTests.Constructor_Sucсeed","DisplayName":"LogReportServiceTests.LogReportTests.Constructor_Sucсeed","ExecutorUri":"executor://xunit/VsTestRunner2/netcoreapp","Source":"D:\\GitHub\\LogReportService\\LogReportServiceTests\\bin\\Debug\\net6.0\\fine-code-coverage\\build-output\\LogReportServiceTests.dll","CodeFilePath":null,"LineNumber":0,"Properties":[]},{"Id":"799f9dd5-dc49-9739-29bf-226912d35555","FullyQualifiedName":"LogReportServiceTests.LogFileTests.IsLogFileNameCorrect_FalseForInValidFileName2","DisplayName":"LogReportServiceTests.LogFileTests.IsLogFileNameCorrect_FalseForInValidFileName2","ExecutorUri":"executor://xunit/VsTestRunner2/netcoreapp","Source":"D:\\GitHub\\LogReportService\\LogReportServiceTests\\bin\\Debug\\net6.0\\fine-code-coverage\\build-output\\LogReportServiceTests.dll","CodeFilePath":null,"LineNumber":0,"Properties":[]}]}}
TpTrace Verbose: 0 : 7496, 10, 2023/10/31, 19:57:58.731, 27506496728, vstest.console.dll, TestRunRequest:SendTestRunStatsChange: Starting.
TpTrace Verbose: 0 : 7496, 10, 2023/10/31, 19:57:58.731, 27506497490, vstest.console.dll, InProgress is LogReportServiceTests.LogReportTests.Constructor_Sucсeed
TpTrace Verbose: 0 : 7496, 10, 2023/10/31, 19:57:58.731, 27506497928, vstest.console.dll, InProgress is LogReportServiceTests.LogFileTests.IsLogFileNameCorrect_FalseForInValidFileName2
TpTrace Verbose: 0 : 7496, 10, 2023/10/31, 19:57:58.731, 27506498501, vstest.console.dll, MulticastDelegateUtilities.SafeInvoke: TestRun.RunStatsChanged: Invoking callbacks was skipped because there are no subscribers.
TpTrace Information: 0 : 7496, 10, 2023/10/31, 19:57:58.731, 27506498834, vstest.console.dll, TestRunRequest:SendTestRunStatsChange: Completed.
TpTrace Verbose: 0 : 7496, 4, 2023/10/31, 19:57:58.731, 27506499013, vstest.console.dll, MulticastDelegateUtilities.SafeInvoke: InternalTestLoggerEvents.SendTestResult: Invoking callback 1/1 for Microsoft.VisualStudio.TestPlatform.CommandLine.Internal.ConsoleLogger., took 0 ms.
TpTrace Verbose: 0 : 7496, 4, 2023/10/31, 19:57:58.731, 27506499721, vstest.console.dll, MulticastDelegateUtilities.SafeInvoke: InternalTestLoggerEvents.SendTestResult: Invoking callback 1/1 for Microsoft.VisualStudio.TestPlatform.CommandLine.Internal.ConsoleLogger., took 0 ms.
TpTrace Verbose: 0 : 7496, 10, 2023/10/31, 19:57:58.731, 27506499648, vstest.console.dll, MulticastDelegateUtilities.SafeInvoke: LengthPrefixCommunicationChannel: MessageReceived: Invoking callback 1/1 for Microsoft.VisualStudio.TestPlatform.CommunicationUtilities.TestRequestSender+<>c__DisplayClass34_0., took 1 ms.
TpTrace Verbose: 0 : 7496, 4, 2023/10/31, 19:57:58.731, 27506499964, vstest.console.dll, MulticastDelegateUtilities.SafeInvoke: InternalTestLoggerEvents.SendTestResult: Invoking callback 1/1 for Microsoft.VisualStudio.TestPlatform.CommandLine.Internal.ConsoleLogger., took 0 ms.
TpTrace Verbose: 0 : 7496, 10, 2023/10/31, 19:57:58.731, 27506500530, vstest.console.dll, TcpClientExtensions.MessageLoopAsync: Polling on remoteEndPoint: 127.0.0.1:51530 localEndPoint: 127.0.0.1:51529
TpTrace Verbose: 0 : 7496, 4, 2023/10/31, 19:57:58.731, 27506501019, vstest.console.dll, MulticastDelegateUtilities.SafeInvoke: InternalTestLoggerEvents.SendTestResult: Invoking callback 1/1 for Microsoft.VisualStudio.TestPlatform.CommandLine.Internal.ConsoleLogger., took 0 ms.
TpTrace Verbose: 0 : 7496, 4, 2023/10/31, 19:57:58.732, 27506502282, vstest.console.dll, MulticastDelegateUtilities.SafeInvoke: InternalTestLoggerEvents.SendTestResult: Invoking callback 1/1 for Microsoft.VisualStudio.TestPlatform.CommandLine.Internal.ConsoleLogger., took 0 ms.
TpTrace Verbose: 0 : 7496, 4, 2023/10/31, 19:57:58.732, 27506502615, vstest.console.dll, MulticastDelegateUtilities.SafeInvoke: InternalTestLoggerEvents.SendTestResult: Invoking callback 1/1 for Microsoft.VisualStudio.TestPlatform.CommandLine.Internal.ConsoleLogger., took 0 ms.
TpTrace Verbose: 0 : 7496, 4, 2023/10/31, 19:57:58.732, 27506502854, vstest.console.dll, MulticastDelegateUtilities.SafeInvoke: InternalTestLoggerEvents.SendTestResult: Invoking callback 1/1 for Microsoft.VisualStudio.TestPlatform.CommandLine.Internal.ConsoleLogger., took 0 ms.
TpTrace Verbose: 0 : 7496, 4, 2023/10/31, 19:57:58.732, 27506503134, vstest.console.dll, MulticastDelegateUtilities.SafeInvoke: InternalTestLoggerEvents.SendTestResult: Invoking callback 1/1 for Microsoft.VisualStudio.TestPlatform.CommandLine.Internal.ConsoleLogger., took 0 ms.
TpTrace Verbose: 0 : 7496, 10, 2023/10/31, 19:57:58.742, 27506605811, vstest.console.dll, TcpClientExtensions.MessageLoopAsync: NotifyDataAvailable remoteEndPoint: 127.0.0.1:51530 localEndPoint: 127.0.0.1:51529
TpTrace Verbose: 0 : 7496, 10, 2023/10/31, 19:57:58.742, 27506609029, vstest.console.dll, TestRequestSender.OnExecutionMessageReceived: Received message: {"Version":7,"MessageType":"TestExecution.StatsChange","Payload":{"NewTestResults":[{"TestCase":{"Id":"799f9dd5-dc49-9739-29bf-226912d35555","FullyQualifiedName":"LogReportServiceTests.LogFileTests.IsLogFileNameCorrect_FalseForInValidFileName2","DisplayName":"LogReportServiceTests.LogFileTests.IsLogFileNameCorrect_FalseForInValidFileName2","ExecutorUri":"executor://xunit/VsTestRunner2/netcoreapp","Source":"D:\\GitHub\\LogReportService\\LogReportServiceTests\\bin\\Debug\\net6.0\\fine-code-coverage\\build-output\\LogReportServiceTests.dll","CodeFilePath":null,"LineNumber":0,"Properties":[]},"Attachments":[],"Outcome":1,"ErrorMessage":null,"ErrorStackTrace":null,"DisplayName":"LogReportServiceTests.LogFileTests.IsLogFileNameCorrect_FalseForInValidFileName2","Messages":[],"ComputerName":"DESKTOP-10AIDN4","Duration":"00:00:00.0000536","StartTime":"2023-10-31T16:57:58.7316144+00:00","EndTime":"2023-10-31T16:57:58.7316144+00:00","Properties":[]},{"TestCase":{"Id":"dcfeabb3-28cd-e37a-4c50-8679f16371b2","FullyQualifiedName":"LogReportServiceTests.LogFileTests.IsLogFileNameCorrect_TrueForValidFileName2","DisplayName":"LogReportServiceTests.LogFileTests.IsLogFileNameCorrect_TrueForValidFileName2","ExecutorUri":"executor://xunit/VsTestRunner2/netcoreapp","Source":"D:\\GitHub\\LogReportService\\LogReportServiceTests\\bin\\Debug\\net6.0\\fine-code-coverage\\build-output\\LogReportServiceTests.dll","CodeFilePath":null,"LineNumber":0,"Properties":[]},"Attachments":[],"Outcome":1,"ErrorMessage":null,"ErrorStackTrace":null,"DisplayName":"LogReportServiceTests.LogFileTests.IsLogFileNameCorrect_TrueForValidFileName2","Messages":[],"ComputerName":"DESKTOP-10AIDN4","Duration":"00:00:00.0001254","StartTime":"2023-10-31T16:57:58.7337437+00:00","EndTime":"2023-10-31T16:57:58.7337438+00:00","Properties":[]},{"TestCase":{"Id":"10194ebb-5b09-b977-647f-2221c2fbe6ac","FullyQualifiedName":"LogReportServiceTests.LogFileTests.IsLogFileNameCorrect_FalseForInValidFileName9","DisplayName":"LogReportServiceTests.LogFileTests.IsLogFileNameCorrect_FalseForInValidFileName9","ExecutorUri":"executor://xunit/VsTestRunner2/netcoreapp","Source":"D:\\GitHub\\LogReportService\\LogReportServiceTests\\bin\\Debug\\net6.0\\fine-code-coverage\\build-output\\LogReportServiceTests.dll","CodeFilePath":null,"LineNumber":0,"Properties":[]},"Attachments":[],"Outcome":1,"ErrorMessage":null,"ErrorStackTrace":null,"DisplayName":"LogReportServiceTests.LogFileTests.IsLogFileNameCorrect_FalseForInValidFileName9","Messages":[],"ComputerName":"DESKTOP-10AIDN4","Duration":"00:00:00.0000536","StartTime":"2023-10-31T16:57:58.735139+00:00","EndTime":"2023-10-31T16:57:58.735139+00:00","Properties":[]},{"TestCase":{"Id":"a8bb20b1-7839-4837-1919-431dbe9a2731","FullyQualifiedName":"LogReportServiceTests.LogFileTests.GetRotationNumber_Succeed3","DisplayName":"LogReportServiceTests.LogFileTests.GetRotationNumber_Succeed3","ExecutorUri":"executor://xunit/VsTestRunner2/netcoreapp","Source":"D:\\GitHub\\LogReportService\\LogReportServiceTests\\bin\\Debug\\net6.0\\fine-code-coverage\\build-output\\LogReportServiceTests.dll","CodeFilePath":null,"LineNumber":0,"Properties":[]},"Attachments":[],"Outcome":1,"ErrorMessage":null,"ErrorStackTrace":null,"DisplayName":"LogReportServiceTests.LogFileTests.GetRotationNumber_Succeed3","Messages":[],"ComputerName":"DESKTOP-10AIDN4","Duration":"00:00:00.0000690","StartTime":"2023-10-31T16:57:58.7364857+00:00","EndTime":"2023-10-31T16:57:58.7364858+00:00","Properties":[]},{"TestCase":{"Id":"7f4af441-ca8d-fcdf-5e5f-f3a55e8f26b4","FullyQualifiedName":"LogReportServiceTests.LogFileTests.GetRotationNumber_ThrowsFormatExceptionForInvalidFileName2","DisplayName":"LogReportServiceTests.LogFileTests.GetRotationNumber_ThrowsFormatExceptionForInvalidFileName2","ExecutorUri":"executor://xunit/VsTestRunner2/netcoreapp","Source":"D:\\GitHub\\LogReportService\\LogReportServiceTests\\bin\\Debug\\net6.0\\fine-code-coverage\\build-output\\LogReportServiceTests.dll","CodeFilePath":null,"LineNumber":0,"Properties":[]},"Attachments":[],"Outcome":1,"ErrorMessage":null,"ErrorStackTrace":null,"DisplayName":"LogReportServiceTests.LogFileTests.GetRotationNumber_ThrowsFormatExceptionForInvalidFileName2","Messages":[],"ComputerName":"DESKTOP-10AIDN4","Duration":"00:00:00.0001703","StartTime":"2023-10-31T16:57:58.7378416+00:00","EndTime":"2023-10-31T16:57:58.7378416+00:00","Properties":[]},{"TestCase":{"Id":"2623463e-e82b-a638-c2da-5ed6e07d94a9","FullyQualifiedName":"LogReportServiceTests.LogReportTests.Constructor_Sucсeed","DisplayName":"LogReportServiceTests.LogReportTests.Constructor_Sucсeed","ExecutorUri":"executor://xunit/VsTestRunner2/netcoreapp","Source":"D:\\GitHub\\LogReportService\\LogReportServiceTests\\bin\\Debug\\net6.0\\fine-code-coverage\\build-output\\LogReportServiceTests.dll","CodeFilePath":null,"LineNumber":0,"Properties":[]},"Attachments":[],"Outcome":1,"ErrorMessage":null,"ErrorStackTrace":null,"DisplayName":"LogReportServiceTests.LogReportTests.Constructor_Sucсeed","Messages":[],"ComputerName":"DESKTOP-10AIDN4","Duration":"00:00:00.0034529","StartTime":"2023-10-31T16:57:58.7391802+00:00","EndTime":"2023-10-31T16:57:58.7391802+00:00","Properties":[]},{"TestCase":{"Id":"9475c977-44e3-76e0-e74c-84d8efa753e5","FullyQualifiedName":"LogReportServiceTests.LogReportGetterTests.Constructor_Succeed","DisplayName":"LogReportServiceTests.LogReportGetterTests.Constructor_Succeed","ExecutorUri":"executor://xunit/VsTestRunner2/netcoreapp","Source":"D:\\GitHub\\LogReportService\\LogReportServiceTests\\bin\\Debug\\net6.0\\fine-code-coverage\\build-output\\LogReportServiceTests.dll","CodeFilePath":null,"LineNumber":0,"Properties":[]},"Attachments":[],"Outcome":1,"ErrorMessage":null,"ErrorStackTrace":null,"DisplayName":"LogReportServiceTests.LogReportGetterTests.Constructor_Succeed","Messages":[],"ComputerName":"DESKTOP-10AIDN4","Duration":"00:00:00.0162928","StartTime":"2023-10-31T16:57:58.740542+00:00","EndTime":"2023-10-31T16:57:58.7405421+00:00","Properties":[]},{"TestCase":{"Id":"9d901a8b-66e8-b188-6650-748bdacb546b","FullyQualifiedName":"LogReportServiceTests.LogFileTests.IsLogFileNameCorrect_TrueForValidFileName","DisplayName":"LogReportServiceTests.LogFileTests.IsLogFileNameCorrect_TrueForValidFileName","ExecutorUri":"executor://xunit/VsTestRunner2/netcoreapp","Source":"D:\\GitHub\\LogReportService\\LogReportServiceTests\\bin\\Debug\\net6.0\\fine-code-coverage\\build-output\\LogReportServiceTests.dll","CodeFilePath":null,"LineNumber":0,"Properties":[]},"Attachments":[],"Outcome":1,"ErrorMessage":null,"ErrorStackTrace":null,"DisplayName":"LogReportServiceTests.LogFileTests.IsLogFileNameCorrect_TrueForValidFileName","Messages":[],"ComputerName":"DESKTOP-10AIDN4","Duration":"00:00:00.0000565","StartTime":"2023-10-31T16:57:58.7412766+00:00","EndTime":"2023-10-31T16:57:58.7412766+00:00","Properties":[]}],"TestRunStatistics":{"ExecutedTests":40,"Stats":{"Passed":40}},"ActiveTests":[{"Id":"d9a0ef52-fcaa-1a35-fda5-487d5f0a73eb","FullyQualifiedName":"LogReportServiceTests.LogReportTests.Constructor_ThrowsArgumentNullExceptionForLogFiles","DisplayName":"LogReportServiceTests.LogReportTests.Constructor_ThrowsArgumentNullExceptionForLogFiles","ExecutorUri":"executor://xunit/VsTestRunner2/netcoreapp","Source":"D:\\GitHub\\LogReportService\\LogReportServiceTests\\bin\\Debug\\net6.0\\fine-code-coverage\\build-output\\LogReportServiceTests.dll","CodeFilePath":null,"LineNumber":0,"Properties":[]},{"Id":"897e92f1-d3a9-e337-cefe-798c3344072c","FullyQualifiedName":"LogReportServiceTests.LogFileTests.GetRotationNumber_Succeed2","DisplayName":"LogReportServiceTests.LogFileTests.GetRotationNumber_Succeed2","ExecutorUri":"executor://xunit/VsTestRunner2/netcoreapp","Source":"D:\\GitHub\\LogReportService\\LogReportServiceTests\\bin\\Debug\\net6.0\\fine-code-coverage\\build-output\\LogReportServiceTests.dll","CodeFilePath":null,"LineNumber":0,"Properties":[]}]}}
TpTrace Verbose: 0 : 7496, 10, 2023/10/31, 19:57:58.748, 27506665838, vstest.console.dll, TestRunRequest:SendTestRunStatsChange: Starting.
TpTrace Verbose: 0 : 7496, 10, 2023/10/31, 19:57:58.748, 27506666392, vstest.console.dll, InProgress is LogReportServiceTests.LogReportTests.Constructor_ThrowsArgumentNullExceptionForLogFiles
TpTrace Verbose: 0 : 7496, 10, 2023/10/31, 19:57:58.748, 27506666572, vstest.console.dll, InProgress is LogReportServiceTests.LogFileTests.GetRotationNumber_Succeed2
TpTrace Verbose: 0 : 7496, 10, 2023/10/31, 19:57:58.748, 27506666853, vstest.console.dll, MulticastDelegateUtilities.SafeInvoke: TestRun.RunStatsChanged: Invoking callbacks was skipped because there are no subscribers.
TpTrace Information: 0 : 7496, 10, 2023/10/31, 19:57:58.748, 27506667015, vstest.console.dll, TestRunRequest:SendTestRunStatsChange: Completed.
TpTrace Verbose: 0 : 7496, 10, 2023/10/31, 19:57:58.748, 27506667268, vstest.console.dll, MulticastDelegateUtilities.SafeInvoke: LengthPrefixCommunicationChannel: MessageReceived: Invoking callback 1/1 for Microsoft.VisualStudio.TestPlatform.CommunicationUtilities.TestRequestSender+<>c__DisplayClass34_0., took 5 ms.
TpTrace Verbose: 0 : 7496, 10, 2023/10/31, 19:57:58.748, 27506667492, vstest.console.dll, TcpClientExtensions.MessageLoopAsync: Polling on remoteEndPoint: 127.0.0.1:51530 localEndPoint: 127.0.0.1:51529
TpTrace Verbose: 0 : 7496, 4, 2023/10/31, 19:57:58.748, 27506667455, vstest.console.dll, MulticastDelegateUtilities.SafeInvoke: InternalTestLoggerEvents.SendTestResult: Invoking callback 1/1 for Microsoft.VisualStudio.TestPlatform.CommandLine.Internal.ConsoleLogger., took 0 ms.
TpTrace Verbose: 0 : 7496, 4, 2023/10/31, 19:57:58.748, 27506668366, vstest.console.dll, MulticastDelegateUtilities.SafeInvoke: InternalTestLoggerEvents.SendTestResult: Invoking callback 1/1 for Microsoft.VisualStudio.TestPlatform.CommandLine.Internal.ConsoleLogger., took 0 ms.
TpTrace Verbose: 0 : 7496, 4, 2023/10/31, 19:57:58.748, 27506668639, vstest.console.dll, MulticastDelegateUtilities.SafeInvoke: InternalTestLoggerEvents.SendTestResult: Invoking callback 1/1 for Microsoft.VisualStudio.TestPlatform.CommandLine.Internal.ConsoleLogger., took 0 ms.
TpTrace Verbose: 0 : 7496, 4, 2023/10/31, 19:57:58.748, 27506669492, vstest.console.dll, MulticastDelegateUtilities.SafeInvoke: InternalTestLoggerEvents.SendTestResult: Invoking callback 1/1 for Microsoft.VisualStudio.TestPlatform.CommandLine.Internal.ConsoleLogger., took 0 ms.
TpTrace Verbose: 0 : 7496, 4, 2023/10/31, 19:57:58.748, 27506669851, vstest.console.dll, MulticastDelegateUtilities.SafeInvoke: InternalTestLoggerEvents.SendTestResult: Invoking callback 1/1 for Microsoft.VisualStudio.TestPlatform.CommandLine.Internal.ConsoleLogger., took 0 ms.
TpTrace Verbose: 0 : 7496, 4, 2023/10/31, 19:57:58.748, 27506670095, vstest.console.dll, MulticastDelegateUtilities.SafeInvoke: InternalTestLoggerEvents.SendTestResult: Invoking callback 1/1 for Microsoft.VisualStudio.TestPlatform.CommandLine.Internal.ConsoleLogger., took 0 ms.
TpTrace Verbose: 0 : 7496, 4, 2023/10/31, 19:57:58.748, 27506670322, vstest.console.dll, MulticastDelegateUtilities.SafeInvoke: InternalTestLoggerEvents.SendTestResult: Invoking callback 1/1 for Microsoft.VisualStudio.TestPlatform.CommandLine.Internal.ConsoleLogger., took 0 ms.
TpTrace Verbose: 0 : 7496, 4, 2023/10/31, 19:57:58.748, 27506670527, vstest.console.dll, MulticastDelegateUtilities.SafeInvoke: InternalTestLoggerEvents.SendTestResult: Invoking callback 1/1 for Microsoft.VisualStudio.TestPlatform.CommandLine.Internal.ConsoleLogger., took 0 ms.
TpTrace Verbose: 0 : 7496, 10, 2023/10/31, 19:57:58.761, 27506797139, vstest.console.dll, TcpClientExtensions.MessageLoopAsync: NotifyDataAvailable remoteEndPoint: 127.0.0.1:51530 localEndPoint: 127.0.0.1:51529
TpTrace Verbose: 0 : 7496, 10, 2023/10/31, 19:57:58.761, 27506799221, vstest.console.dll, TestRequestSender.OnExecutionMessageReceived: Received message: {"Version":7,"MessageType":"TestExecution.StatsChange","Payload":{"NewTestResults":[{"TestCase":{"Id":"897e92f1-d3a9-e337-cefe-798c3344072c","FullyQualifiedName":"LogReportServiceTests.LogFileTests.GetRotationNumber_Succeed2","DisplayName":"LogReportServiceTests.LogFileTests.GetRotationNumber_Succeed2","ExecutorUri":"executor://xunit/VsTestRunner2/netcoreapp","Source":"D:\\GitHub\\LogReportService\\LogReportServiceTests\\bin\\Debug\\net6.0\\fine-code-coverage\\build-output\\LogReportServiceTests.dll","CodeFilePath":null,"LineNumber":0,"Properties":[]},"Attachments":[],"Outcome":1,"ErrorMessage":null,"ErrorStackTrace":null,"DisplayName":"LogReportServiceTests.LogFileTests.GetRotationNumber_Succeed2","Messages":[],"ComputerName":"DESKTOP-10AIDN4","Duration":"00:00:00.0000586","StartTime":"2023-10-31T16:57:58.7457309+00:00","EndTime":"2023-10-31T16:57:58.745731+00:00","Properties":[]},{"TestCase":{"Id":"ff43a113-1849-012e-1e38-31046ef410c2","FullyQualifiedName":"LogReportServiceTests.LogFileTests.IsLogFileNameCorrect_TrueForValidFileName3","DisplayName":"LogReportServiceTests.LogFileTests.IsLogFileNameCorrect_TrueForValidFileName3","ExecutorUri":"executor://xunit/VsTestRunner2/netcoreapp","Source":"D:\\GitHub\\LogReportService\\LogReportServiceTests\\bin\\Debug\\net6.0\\fine-code-coverage\\build-output\\LogReportServiceTests.dll","CodeFilePath":null,"LineNumber":0,"Properties":[]},"Attachments":[],"Outcome":1,"ErrorMessage":null,"ErrorStackTrace":null,"DisplayName":"LogReportServiceTests.LogFileTests.IsLogFileNameCorrect_TrueForValidFileName3","Messages":[],"ComputerName":"DESKTOP-10AIDN4","Duration":"00:00:00.0000466","StartTime":"2023-10-31T16:57:58.7483173+00:00","EndTime":"2023-10-31T16:57:58.7483174+00:00","Properties":[]},{"TestCase":{"Id":"d9a0ef52-fcaa-1a35-fda5-487d5f0a73eb","FullyQualifiedName":"LogReportServiceTests.LogReportTests.Constructor_ThrowsArgumentNullExceptionForLogFiles","DisplayName":"LogReportServiceTests.LogReportTests.Constructor_ThrowsArgumentNullExceptionForLogFiles","ExecutorUri":"executor://xunit/VsTestRunner2/netcoreapp","Source":"D:\\GitHub\\LogReportService\\LogReportServiceTests\\bin\\Debug\\net6.0\\fine-code-coverage\\build-output\\LogReportServiceTests.dll","CodeFilePath":null,"LineNumber":0,"Properties":[]},"Attachments":[],"Outcome":1,"ErrorMessage":null,"ErrorStackTrace":null,"DisplayName":"LogReportServiceTests.LogReportTests.Constructor_ThrowsArgumentNullExceptionForLogFiles","Messages":[],"ComputerName":"DESKTOP-10AIDN4","Duration":"00:00:00.0002090","StartTime":"2023-10-31T16:57:58.750319+00:00","EndTime":"2023-10-31T16:57:58.750319+00:00","Properties":[]},{"TestCase":{"Id":"a7620830-5532-a977-475e-95acb5455b98","FullyQualifiedName":"LogReportServiceTests.LogFileTests.IsLogFileNameCorrect_FalseForInValidFileName5","DisplayName":"LogReportServiceTests.LogFileTests.IsLogFileNameCorrect_FalseForInValidFileName5","ExecutorUri":"executor://xunit/VsTestRunner2/netcoreapp","Source":"D:\\GitHub\\LogReportService\\LogReportServiceTests\\bin\\Debug\\net6.0\\fine-code-coverage\\build-output\\LogReportServiceTests.dll","CodeFilePath":null,"LineNumber":0,"Properties":[]},"Attachments":[],"Outcome":1,"ErrorMessage":null,"ErrorStackTrace":null,"DisplayName":"LogReportServiceTests.LogFileTests.IsLogFileNameCorrect_FalseForInValidFileName5","Messages":[],"ComputerName":"DESKTOP-10AIDN4","Duration":"00:00:00.0000450","StartTime":"2023-10-31T16:57:58.7526504+00:00","EndTime":"2023-10-31T16:57:58.7526505+00:00","Properties":[]},{"TestCase":{"Id":"d349d7d9-1c36-0a83-c20f-27e1f050448a","FullyQualifiedName":"LogReportServiceTests.LogFileTests.GetServiceName_Succeed2","DisplayName":"LogReportServiceTests.LogFileTests.GetServiceName_Succeed2","ExecutorUri":"executor://xunit/VsTestRunner2/netcoreapp","Source":"D:\\GitHub\\LogReportService\\LogReportServiceTests\\bin\\Debug\\net6.0\\fine-code-coverage\\build-output\\LogReportServiceTests.dll","CodeFilePath":null,"LineNumber":0,"Properties":[]},"Attachments":[],"Outcome":1,"ErrorMessage":null,"ErrorStackTrace":null,"DisplayName":"LogReportServiceTests.LogFileTests.GetServiceName_Succeed2","Messages":[],"ComputerName":"DESKTOP-10AIDN4","Duration":"00:00:00.0000501","StartTime":"2023-10-31T16:57:58.7544809+00:00","EndTime":"2023-10-31T16:57:58.7544809+00:00","Properties":[]},{"TestCase":{"Id":"aa690ff4-9797-18b6-f506-0660b6291c2d","FullyQualifiedName":"LogReportServiceTests.LogFileTests.IsLogFileNameCorrect_FalseForInValidFileName7","DisplayName":"LogReportServiceTests.LogFileTests.IsLogFileNameCorrect_FalseForInValidFileName7","ExecutorUri":"executor://xunit/VsTestRunner2/netcoreapp","Source":"D:\\GitHub\\LogReportService\\LogReportServiceTests\\bin\\Debug\\net6.0\\fine-code-coverage\\build-output\\LogReportServiceTests.dll","CodeFilePath":null,"LineNumber":0,"Properties":[]},"Attachments":[],"Outcome":1,"ErrorMessage":null,"ErrorStackTrace":null,"DisplayName":"LogReportServiceTests.LogFileTests.IsLogFileNameCorrect_FalseForInValidFileName7","Messages":[],"ComputerName":"DESKTOP-10AIDN4","Duration":"00:00:00.0000453","StartTime":"2023-10-31T16:57:58.7562554+00:00","EndTime":"2023-10-31T16:57:58.7562555+00:00","Properties":[]},{"TestCase":{"Id":"1f3e7c4b-1691-1688-e08d-1c602810be2f","FullyQualifiedName":"LogReportServiceTests.LogFileTests.IsLogFileNameCorrect_FalseForInValidFileName6","DisplayName":"LogReportServiceTests.LogFileTests.IsLogFileNameCorrect_FalseForInValidFileName6","ExecutorUri":"executor://xunit/VsTestRunner2/netcoreapp","Source":"D:\\GitHub\\LogReportService\\LogReportServiceTests\\bin\\Debug\\net6.0\\fine-code-coverage\\build-output\\LogReportServiceTests.dll","CodeFilePath":null,"LineNumber":0,"Properties":[]},"Attachments":[],"Outcome":1,"ErrorMessage":null,"ErrorStackTrace":null,"DisplayName":"LogReportServiceTests.LogFileTests.IsLogFileNameCorrect_FalseForInValidFileName6","Messages":[],"ComputerName":"DESKTOP-10AIDN4","Duration":"00:00:00.0000451","StartTime":"2023-10-31T16:57:58.7580807+00:00","EndTime":"2023-10-31T16:57:58.7580808+00:00","Properties":[]},{"TestCase":{"Id":"0db2ed8a-8a36-7340-ae05-234ad6c1f46f","FullyQualifiedName":"LogReportServiceTests.LogFileTests.GetServiceName_ThrowsFormatExceptionForIncorrectFileName","DisplayName":"LogReportServiceTests.LogFileTests.GetServiceName_ThrowsFormatExceptionForIncorrectFileName","ExecutorUri":"executor://xunit/VsTestRunner2/netcoreapp","Source":"D:\\GitHub\\LogReportService\\LogReportServiceTests\\bin\\Debug\\net6.0\\fine-code-coverage\\build-output\\LogReportServiceTests.dll","CodeFilePath":null,"LineNumber":0,"Properties":[]},"Attachments":[],"Outcome":1,"ErrorMessage":null,"ErrorStackTrace":null,"DisplayName":"LogReportServiceTests.LogFileTests.GetServiceName_ThrowsFormatExceptionForIncorrectFileName","Messages":[],"ComputerName":"DESKTOP-10AIDN4","Duration":"00:00:00.0001369","StartTime":"2023-10-31T16:57:58.7600531+00:00","EndTime":"2023-10-31T16:57:58.7600531+00:00","Properties":[]}],"TestRunStatistics":{"ExecutedTests":48,"Stats":{"Passed":48}},"ActiveTests":[{"Id":"e3edd1f8-70a8-2ba6-7bb0-45f465c931b6","FullyQualifiedName":"LogReportServiceTests.LogReportTests.Constructor_Sucсeed2","DisplayName":"LogReportServiceTests.LogReportTests.Constructor_Sucсeed2","ExecutorUri":"executor://xunit/VsTestRunner2/netcoreapp","Source":"D:\\GitHub\\LogReportService\\LogReportServiceTests\\bin\\Debug\\net6.0\\fine-code-coverage\\build-output\\LogReportServiceTests.dll","CodeFilePath":null,"LineNumber":0,"Properties":[]},{"Id":"554abc56-064b-e7de-39f2-c9ab0ea1ed47","FullyQualifiedName":"LogReportServiceTests.LogFileTests.Exclude_ThrowsFileNotFoundExceptionForInvalidFilePath","DisplayName":"LogReportServiceTests.LogFileTests.Exclude_ThrowsFileNotFoundExceptionForInvalidFilePath","ExecutorUri":"executor://xunit/VsTestRunner2/netcoreapp","Source":"D:\\GitHub\\LogReportService\\LogReportServiceTests\\bin\\Debug\\net6.0\\fine-code-coverage\\build-output\\LogReportServiceTests.dll","CodeFilePath":null,"LineNumber":0,"Properties":[]}]}}
TpTrace Verbose: 0 : 7496, 10, 2023/10/31, 19:57:58.762, 27506803709, vstest.console.dll, TestRunRequest:SendTestRunStatsChange: Starting.
TpTrace Verbose: 0 : 7496, 10, 2023/10/31, 19:57:58.762, 27506804179, vstest.console.dll, InProgress is LogReportServiceTests.LogReportTests.Constructor_Sucсeed2
TpTrace Verbose: 0 : 7496, 10, 2023/10/31, 19:57:58.762, 27506804442, vstest.console.dll, InProgress is LogReportServiceTests.LogFileTests.Exclude_ThrowsFileNotFoundExceptionForInvalidFilePath
TpTrace Verbose: 0 : 7496, 10, 2023/10/31, 19:57:58.762, 27506804790, vstest.console.dll, MulticastDelegateUtilities.SafeInvoke: TestRun.RunStatsChanged: Invoking callbacks was skipped because there are no subscribers.
TpTrace Information: 0 : 7496, 10, 2023/10/31, 19:57:58.762, 27506805036, vstest.console.dll, TestRunRequest:SendTestRunStatsChange: Completed.
TpTrace Verbose: 0 : 7496, 10, 2023/10/31, 19:57:58.762, 27506805289, vstest.console.dll, MulticastDelegateUtilities.SafeInvoke: LengthPrefixCommunicationChannel: MessageReceived: Invoking callback 1/1 for Microsoft.VisualStudio.TestPlatform.CommunicationUtilities.TestRequestSender+<>c__DisplayClass34_0., took 0 ms.
TpTrace Verbose: 0 : 7496, 4, 2023/10/31, 19:57:58.762, 27506805480, vstest.console.dll, MulticastDelegateUtilities.SafeInvoke: InternalTestLoggerEvents.SendTestResult: Invoking callback 1/1 for Microsoft.VisualStudio.TestPlatform.CommandLine.Internal.ConsoleLogger., took 0 ms.
TpTrace Verbose: 0 : 7496, 10, 2023/10/31, 19:57:58.762, 27506805566, vstest.console.dll, TcpClientExtensions.MessageLoopAsync: Polling on remoteEndPoint: 127.0.0.1:51530 localEndPoint: 127.0.0.1:51529
TpTrace Verbose: 0 : 7496, 4, 2023/10/31, 19:57:58.762, 27506806205, vstest.console.dll, MulticastDelegateUtilities.SafeInvoke: InternalTestLoggerEvents.SendTestResult: Invoking callback 1/1 for Microsoft.VisualStudio.TestPlatform.CommandLine.Internal.ConsoleLogger., took 0 ms.
TpTrace Verbose: 0 : 7496, 4, 2023/10/31, 19:57:58.762, 27506806746, vstest.console.dll, MulticastDelegateUtilities.SafeInvoke: InternalTestLoggerEvents.SendTestResult: Invoking callback 1/1 for Microsoft.VisualStudio.TestPlatform.CommandLine.Internal.ConsoleLogger., took 0 ms.
TpTrace Verbose: 0 : 7496, 4, 2023/10/31, 19:57:58.762, 27506807242, vstest.console.dll, MulticastDelegateUtilities.SafeInvoke: InternalTestLoggerEvents.SendTestResult: Invoking callback 1/1 for Microsoft.VisualStudio.TestPlatform.CommandLine.Internal.ConsoleLogger., took 0 ms.
TpTrace Verbose: 0 : 7496, 4, 2023/10/31, 19:57:58.762, 27506807553, vstest.console.dll, MulticastDelegateUtilities.SafeInvoke: InternalTestLoggerEvents.SendTestResult: Invoking callback 1/1 for Microsoft.VisualStudio.TestPlatform.CommandLine.Internal.ConsoleLogger., took 0 ms.
TpTrace Verbose: 0 : 7496, 4, 2023/10/31, 19:57:58.762, 27506807765, vstest.console.dll, MulticastDelegateUtilities.SafeInvoke: InternalTestLoggerEvents.SendTestResult: Invoking callback 1/1 for Microsoft.VisualStudio.TestPlatform.CommandLine.Internal.ConsoleLogger., took 0 ms.
TpTrace Verbose: 0 : 7496, 4, 2023/10/31, 19:57:58.762, 27506807975, vstest.console.dll, MulticastDelegateUtilities.SafeInvoke: InternalTestLoggerEvents.SendTestResult: Invoking callback 1/1 for Microsoft.VisualStudio.TestPlatform.CommandLine.Internal.ConsoleLogger., took 0 ms.
TpTrace Verbose: 0 : 7496, 4, 2023/10/31, 19:57:58.762, 27506808180, vstest.console.dll, MulticastDelegateUtilities.SafeInvoke: InternalTestLoggerEvents.SendTestResult: Invoking callback 1/1 for Microsoft.VisualStudio.TestPlatform.CommandLine.Internal.ConsoleLogger., took 0 ms.
TpTrace Verbose: 0 : 7496, 10, 2023/10/31, 19:57:58.769, 27506875989, vstest.console.dll, TcpClientExtensions.MessageLoopAsync: NotifyDataAvailable remoteEndPoint: 127.0.0.1:51530 localEndPoint: 127.0.0.1:51529
TpTrace Verbose: 0 : 7496, 10, 2023/10/31, 19:57:58.769, 27506877175, vstest.console.dll, TestRequestSender.OnExecutionMessageReceived: Received message: {"Version":7,"MessageType":"TestSession.Message","Payload":{"MessageLevel":0,"Message":"[xUnit.net 00:00:00.55]   Finished:    LogReportServiceTests"}}
TpTrace Verbose: 0 : 7496, 10, 2023/10/31, 19:57:58.769, 27506878026, vstest.console.dll, TestRunRequest:SendTestRunMessage: Starting.
TpTrace Verbose: 0 : 7496, 10, 2023/10/31, 19:57:58.769, 27506878495, vstest.console.dll, MulticastDelegateUtilities.SafeInvoke: TestRun.LogMessages: Invoking callback 1/1 for Microsoft.VisualStudio.TestPlatform.CommandLine.TestRunResultAggregator., took 0 ms.
TpTrace Information: 0 : 7496, 10, 2023/10/31, 19:57:58.769, 27506878698, vstest.console.dll, TestRunRequest:SendTestRunMessage: Completed.
TpTrace Verbose: 0 : 7496, 10, 2023/10/31, 19:57:58.769, 27506878866, vstest.console.dll, MulticastDelegateUtilities.SafeInvoke: LengthPrefixCommunicationChannel: MessageReceived: Invoking callback 1/1 for Microsoft.VisualStudio.TestPlatform.CommunicationUtilities.TestRequestSender+<>c__DisplayClass34_0., took 0 ms.
TpTrace Verbose: 0 : 7496, 10, 2023/10/31, 19:57:58.769, 27506879050, vstest.console.dll, TcpClientExtensions.MessageLoopAsync: Polling on remoteEndPoint: 127.0.0.1:51530 localEndPoint: 127.0.0.1:51529
TpTrace Verbose: 0 : 7496, 4, 2023/10/31, 19:57:58.769, 27506878953, vstest.console.dll, MulticastDelegateUtilities.SafeInvoke: InternalTestLoggerEvents.SendTestRunMessage: Invoking callback 1/1 for Microsoft.VisualStudio.TestPlatform.CommandLine.Internal.ConsoleLogger., took 0 ms.
TpTrace Verbose: 0 : 7496, 10, 2023/10/31, 19:57:58.784, 27507026810, vstest.console.dll, TcpClientExtensions.MessageLoopAsync: NotifyDataAvailable remoteEndPoint: 127.0.0.1:51530 localEndPoint: 127.0.0.1:51529
TpTrace Verbose: 0 : 7496, 10, 2023/10/31, 19:57:58.784, 27507028540, vstest.console.dll, TestRequestSender.OnExecutionMessageReceived: Received message: {"Version":7,"MessageType":"TestExecution.Completed","Payload":{"TestRunCompleteArgs":{"TestRunStatistics":{"ExecutedTests":52,"Stats":{"Passed":52}},"IsCanceled":false,"IsAborted":false,"Error":null,"AttachmentSets":[],"InvokedDataCollectors":[],"ElapsedTimeInRunningTests":"00:00:00.5621916","Metrics":{},"DiscoveredExtensions":{"TestDiscoverers":["Xunit.Runner.VisualStudio.VsTestRunner, xunit.runner.visualstudio.dotnetcore.testadapter, Version=2.4.0.0, Culture=neutral, PublicKeyToken=8d05b1bb7a6fdb6c"],"TestExecutors":["executor://xunit/VsTestRunner2/netcoreapp"],"TestExecutors2":[],"TestSettingsProviders":[]}},"LastRunTests":{"NewTestResults":[{"TestCase":{"Id":"e3edd1f8-70a8-2ba6-7bb0-45f465c931b6","FullyQualifiedName":"LogReportServiceTests.LogReportTests.Constructor_Sucсeed2","DisplayName":"LogReportServiceTests.LogReportTests.Constructor_Sucсeed2","ExecutorUri":"executor://xunit/VsTestRunner2/netcoreapp","Source":"D:\\GitHub\\LogReportService\\LogReportServiceTests\\bin\\Debug\\net6.0\\fine-code-coverage\\build-output\\LogReportServiceTests.dll","CodeFilePath":null,"LineNumber":0,"Properties":[]},"Attachments":[],"Outcome":1,"ErrorMessage":null,"ErrorStackTrace":null,"DisplayName":"LogReportServiceTests.LogReportTests.Constructor_Sucсeed2","Messages":[],"ComputerName":"DESKTOP-10AIDN4","Duration":"00:00:00.0004468","StartTime":"2023-10-31T16:57:58.7623508+00:00","EndTime":"2023-10-31T16:57:58.7623509+00:00","Properties":[]},{"TestCase":{"Id":"554abc56-064b-e7de-39f2-c9ab0ea1ed47","FullyQualifiedName":"LogReportServiceTests.LogFileTests.Exclude_ThrowsFileNotFoundExceptionForInvalidFilePath","DisplayName":"LogReportServiceTests.LogFileTests.Exclude_ThrowsFileNotFoundExceptionForInvalidFilePath","ExecutorUri":"executor://xunit/VsTestRunner2/netcoreapp","Source":"D:\\GitHub\\LogReportService\\LogReportServiceTests\\bin\\Debug\\net6.0\\fine-code-coverage\\build-output\\LogReportServiceTests.dll","CodeFilePath":null,"LineNumber":0,"Properties":[]},"Attachments":[],"Outcome":1,"ErrorMessage":null,"ErrorStackTrace":null,"DisplayName":"LogReportServiceTests.LogFileTests.Exclude_ThrowsFileNotFoundExceptionForInvalidFilePath","Messages":[],"ComputerName":"DESKTOP-10AIDN4","Duration":"00:00:00.0002662","StartTime":"2023-10-31T16:57:58.7637443+00:00","EndTime":"2023-10-31T16:57:58.7637444+00:00","Properties":[]},{"TestCase":{"Id":"43a12822-cc60-a450-c9de-917b222b70a9","FullyQualifiedName":"LogReportServiceTests.LogFileTests.Exclude_ThrowsFormatExceptionForInvalidFileName","DisplayName":"LogReportServiceTests.LogFileTests.Exclude_ThrowsFormatExceptionForInvalidFileName","ExecutorUri":"executor://xunit/VsTestRunner2/netcoreapp","Source":"D:\\GitHub\\LogReportService\\LogReportServiceTests\\bin\\Debug\\net6.0\\fine-code-coverage\\build-output\\LogReportServiceTests.dll","CodeFilePath":null,"LineNumber":0,"Properties":[]},"Attachments":[],"Outcome":1,"ErrorMessage":null,"ErrorStackTrace":null,"DisplayName":"LogReportServiceTests.LogFileTests.Exclude_ThrowsFormatExceptionForInvalidFileName","Messages":[],"ComputerName":"DESKTOP-10AIDN4","Duration":"00:00:00.0001639","StartTime":"2023-10-31T16:57:58.7655981+00:00","EndTime":"2023-10-31T16:57:58.7655982+00:00","Properties":[]},{"TestCase":{"Id":"dc139d54-b7b7-a576-e7c2-73ac47794518","FullyQualifiedName":"LogReportServiceTests.LogFileTests.GetServiceName_Succeed","DisplayName":"LogReportServiceTests.LogFileTests.GetServiceName_Succeed","ExecutorUri":"executor://xunit/VsTestRunner2/netcoreapp","Source":"D:\\GitHub\\LogReportService\\LogReportServiceTests\\bin\\Debug\\net6.0\\fine-code-coverage\\build-output\\LogReportServiceTests.dll","CodeFilePath":null,"LineNumber":0,"Properties":[]},"Attachments":[],"Outcome":1,"ErrorMessage":null,"ErrorStackTrace":null,"DisplayName":"LogReportServiceTests.LogFileTests.GetServiceName_Succeed","Messages":[],"ComputerName":"DESKTOP-10AIDN4","Duration":"00:00:00.0000574","StartTime":"2023-10-31T16:57:58.7672346+00:00","EndTime":"2023-10-31T16:57:58.7672346+00:00","Properties":[]}],"TestRunStatistics":{"ExecutedTests":52,"Stats":{"Passed":52}},"ActiveTests":[]},"RunAttachments":[],"ExecutorUris":["executor://xunit/VsTestRunner2/netcoreapp"]}}
TpTrace Verbose: 0 : 7496, 10, 2023/10/31, 19:57:58.784, 27507029380, vstest.console.dll, TestRequestSender.EndSession: Sending end session.
TpTrace Verbose: 0 : 7496, 10, 2023/10/31, 19:57:58.784, 27507030887, vstest.console.dll, ProxyOperationManager.Close: waiting for test host to exit for 100 ms
TpTrace Warning: 0 : 7496, 11, 2023/10/31, 19:57:58.802, 27507203001, vstest.console.dll, TestHostManagerCallbacks.ErrorReceivedCallback Test host standard error line: 
TpTrace Verbose: 0 : 7496, 11, 2023/10/31, 19:57:58.812, 27507311416, vstest.console.dll, TestHostProvider.ExitCallBack: Host exited starting callback.
TpTrace Information: 0 : 7496, 11, 2023/10/31, 19:57:58.813, 27507312919, vstest.console.dll, TestHostManagerCallbacks.ExitCallBack: Testhost processId: 24444 exited with exitcode: 0 error: ''
TpTrace Verbose: 0 : 7496, 11, 2023/10/31, 19:57:58.813, 27507313194, vstest.console.dll, DotnetTestHostManager.OnHostExited: invoking OnHostExited callback
TpTrace Verbose: 0 : 7496, 11, 2023/10/31, 19:57:58.813, 27507313533, vstest.console.dll, CrossPlatEngine.TestHostManagerHostExited: calling on client process exit callback.
TpTrace Information: 0 : 7496, 11, 2023/10/31, 19:57:58.813, 27507313868, vstest.console.dll, TestRequestSender.OnClientProcessExit: Test host process exited. Standard error: 
TpTrace Information: 0 : 7496, 11, 2023/10/31, 19:57:58.813, 27507314096, vstest.console.dll, SocketServer.Stop: Stop server endPoint: 127.0.0.1:51529
TpTrace Information: 0 : 7496, 11, 2023/10/31, 19:57:58.813, 27507314248, vstest.console.dll, SocketServer.Stop: Cancellation requested. Stopping message loop.
TpTrace Verbose: 0 : 7496, 11, 2023/10/31, 19:57:58.813, 27507314866, vstest.console.dll, MulticastDelegateUtilities.SafeInvoke: HostProviderEvents.OnHostExited: Invoking callback 1/1 for Microsoft.VisualStudio.TestPlatform.CrossPlatEngine.Client.ProxyOperationManager., took 0 ms.
TpTrace Information: 0 : 7496, 10, 2023/10/31, 19:57:58.813, 27507314946, vstest.console.dll, SocketServer.Stop: Stop server endPoint: 127.0.0.1:51529
TpTrace Information: 0 : 7496, 10, 2023/10/31, 19:57:58.813, 27507315739, vstest.console.dll, SocketServer.Stop: Cancellation requested. Stopping message loop.
TpTrace Information: 0 : 7496, 10, 2023/10/31, 19:57:58.813, 27507316058, vstest.console.dll, Closing the connection
TpTrace Verbose: 0 : 7496, 10, 2023/10/31, 19:57:58.813, 27507317788, vstest.console.dll, ProxyDataCollectionManager.InvokeDataCollectionServiceAction: Starting.
TpTrace Information: 0 : 7496, 10, 2023/10/31, 19:57:58.813, 27507318104, vstest.console.dll, ProxyDataCollectionManager.AfterTestRunEnd: Get attachment set and invoked data collectors processId: 11428 port: 51526
TpTrace Verbose: 0 : 7496, 10, 2023/10/31, 19:57:58.813, 27507318415, vstest.console.dll, DataCollectionRequestSender.SendAfterTestRunStartAndGetResult: Send AfterTestRunEnd message with isCancelled: False
TpTrace Verbose: 0 : 7496, 10, 2023/10/31, 19:57:58.819, 27507378626, vstest.console.dll, DataCollectionRequestSender.SendAfterTestRunStartAndGetResult: Received message: (DataCollection.AfterTestRunEndResult) -> {"MessageType":"DataCollection.AfterTestRunEndResult","Payload":{"AttachmentSets":[],"InvokedDataCollectors":[{"Uri":"datacollector://Microsoft/TestPlatform/Extensions/Blame/v1","FriendlyName":"Blame","AssemblyQualifiedName":"Microsoft.TestPlatform.Extensions.BlameDataCollector.BlameCollector, Microsoft.TestPlatform.Extensions.BlameDataCollector, Version=15.0.0.0, Culture=neutral, PublicKeyToken=b03f5f7f11d50a3a","FilePath":"C:\\Program Files\\dotnet\\sdk\\7.0.203\\Extensions\\Microsoft.TestPlatform.Extensions.BlameDataCollector.dll","HasAttachmentProcessor":false}],"Metrics":{}}}
TpTrace Information: 0 : 7496, 10, 2023/10/31, 19:57:58.826, 27507442474, vstest.console.dll, ProxyDataCollectionManager.InvokeDataCollectionServiceAction: Completed.
TpTrace Warning: 0 : 7496, 9, 2023/10/31, 19:57:58.830, 27507484259, vstest.console.dll, DataCollectionLauncher.ErrorReceivedCallback datacollector standard error line: 
TpTrace Information: 0 : 7496, 9, 2023/10/31, 19:57:58.835, 27507532520, vstest.console.dll, DataCollectionLauncher.ExitCallBack: Data collector exited with exitcode: 0 error: ''
TpTrace Verbose: 0 : 7496, 10, 2023/10/31, 19:57:58.860, 27507783260, vstest.console.dll, TestRunRequest:SendTestRunStatsChange: Starting.
TpTrace Verbose: 0 : 7496, 10, 2023/10/31, 19:57:58.860, 27507784289, vstest.console.dll, MulticastDelegateUtilities.SafeInvoke: TestRun.RunStatsChanged: Invoking callbacks was skipped because there are no subscribers.
TpTrace Information: 0 : 7496, 10, 2023/10/31, 19:57:58.860, 27507784470, vstest.console.dll, TestRunRequest:SendTestRunStatsChange: Completed.
TpTrace Verbose: 0 : 7496, 4, 2023/10/31, 19:57:58.860, 27507785042, vstest.console.dll, MulticastDelegateUtilities.SafeInvoke: InternalTestLoggerEvents.SendTestResult: Invoking callback 1/1 for Microsoft.VisualStudio.TestPlatform.CommandLine.Internal.ConsoleLogger., took 0 ms.
TpTrace Verbose: 0 : 7496, 4, 2023/10/31, 19:57:58.860, 27507785880, vstest.console.dll, MulticastDelegateUtilities.SafeInvoke: InternalTestLoggerEvents.SendTestResult: Invoking callback 1/1 for Microsoft.VisualStudio.TestPlatform.CommandLine.Internal.ConsoleLogger., took 0 ms.
TpTrace Verbose: 0 : 7496, 4, 2023/10/31, 19:57:58.860, 27507786213, vstest.console.dll, MulticastDelegateUtilities.SafeInvoke: InternalTestLoggerEvents.SendTestResult: Invoking callback 1/1 for Microsoft.VisualStudio.TestPlatform.CommandLine.Internal.ConsoleLogger., took 0 ms.
TpTrace Verbose: 0 : 7496, 4, 2023/10/31, 19:57:58.860, 27507786505, vstest.console.dll, MulticastDelegateUtilities.SafeInvoke: InternalTestLoggerEvents.SendTestResult: Invoking callback 1/1 for Microsoft.VisualStudio.TestPlatform.CommandLine.Internal.ConsoleLogger., took 0 ms.
TpTrace Verbose: 0 : 7496, 10, 2023/10/31, 19:57:58.860, 27507788071, vstest.console.dll, ParallelProxyExecutionManager: HandlePartialRunComplete: Total completed clients = 1, Run complete = True, Run canceled: False.
TpTrace Verbose: 0 : 7496, 4, 2023/10/31, 19:57:58.868, 27507864906, vstest.console.dll, MulticastDelegateUtilities.SafeInvoke: InternalTestLoggerEvents.SendTestRunComplete: Invoking callback 1/2 for Microsoft.TestPlatform.Extensions.BlameDataCollector.BlameLogger., took 0 ms.
TpTrace Verbose: 0 : 7496, 4, 2023/10/31, 19:57:58.872, 27507906333, vstest.console.dll, MulticastDelegateUtilities.SafeInvoke: InternalTestLoggerEvents.SendTestRunComplete: Invoking callback 2/2 for Microsoft.VisualStudio.TestPlatform.CommandLine.Internal.ConsoleLogger., took 4 ms.
TpTrace Verbose: 0 : 7496, 10, 2023/10/31, 19:57:58.872, 27507910341, vstest.console.dll, TestRunRequest:TestRunComplete: Starting. IsAborted:False IsCanceled:False.
TpTrace Verbose: 0 : 7496, 10, 2023/10/31, 19:57:58.873, 27507920591, vstest.console.dll, TestLoggerManager.HandleTestRunComplete: Ignoring as the object is disposed.
TpTrace Verbose: 0 : 7496, 10, 2023/10/31, 19:57:58.874, 27507923585, vstest.console.dll, MulticastDelegateUtilities.SafeInvoke: TestRun.TestRunComplete: Invoking callback 1/2 for Microsoft.VisualStudio.TestPlatform.CommandLine.TestRunResultAggregator., took 0 ms.
TpTrace Verbose: 0 : 7496, 10, 2023/10/31, 19:57:58.874, 27507924725, vstest.console.dll, MulticastDelegateUtilities.SafeInvoke: TestRun.TestRunComplete: Invoking callback 2/2 for Microsoft.VisualStudio.TestPlatform.CommandLine.Processors.RunTestsArgumentExecutor+TestRunRequestEventsRegistrar., took 0 ms.
TpTrace Information: 0 : 7496, 10, 2023/10/31, 19:57:58.874, 27507925556, vstest.console.dll, TestRunRequest:TestRunComplete: Completed.
TpTrace Verbose: 0 : 7496, 1, 2023/10/31, 19:57:58.874, 27507925720, vstest.console.dll, TestRunRequest.Dispose: Starting.
TpTrace Verbose: 0 : 7496, 10, 2023/10/31, 19:57:58.874, 27507925826, vstest.console.dll, TestRequestSender.SetOperationComplete: Setting operation complete.
TpTrace Information: 0 : 7496, 1, 2023/10/31, 19:57:58.874, 27507926235, vstest.console.dll, TestRunRequest.Dispose: Completed.
TpTrace Information: 0 : 7496, 10, 2023/10/31, 19:57:58.874, 27507926555, vstest.console.dll, SocketServer.Stop: Stop server endPoint: 127.0.0.1:51529
TpTrace Information: 0 : 7496, 10, 2023/10/31, 19:57:58.874, 27507927127, vstest.console.dll, SocketServer.Stop: Cancellation requested. Stopping message loop.
TpTrace Information: 0 : 7496, 1, 2023/10/31, 19:57:58.874, 27507926959, vstest.console.dll, TestRequestManager.RunTests: run tests completed.
TpTrace Verbose: 0 : 7496, 10, 2023/10/31, 19:57:58.874, 27507927367, vstest.console.dll, MulticastDelegateUtilities.SafeInvoke: LengthPrefixCommunicationChannel: MessageReceived: Invoking callback 1/1 for Microsoft.VisualStudio.TestPlatform.CommunicationUtilities.TestRequestSender+<>c__DisplayClass34_0., took 89 ms.
TpTrace Information: 0 : 7496, 10, 2023/10/31, 19:57:58.874, 27507928113, vstest.console.dll, SocketServer.PrivateStop: Stopping server endPoint: 127.0.0.1:51529 error: 
TpTrace Information: 0 : 7496, 1, 2023/10/31, 19:57:58.874, 27507928314, vstest.console.dll, RunTestsArgumentProcessor:Execute: Test run is completed.
TpTrace Verbose: 0 : 7496, 1, 2023/10/31, 19:57:58.874, 27507929580, vstest.console.dll, Executor.Execute: Exiting with exit code of 0
TpTrace Verbose: 0 : 7496, 10, 2023/10/31, 19:57:58.874, 27507931266, vstest.console.dll, LengthPrefixCommunicationChannel.Dispose: Dispose reader and writer.
TpTrace Information: 0 : 7496, 10, 2023/10/31, 19:57:58.874, 27507931811, vstest.console.dll, SocketServer.Stop: Raise disconnected event endPoint: 127.0.0.1:51529 error: 
TpTrace Verbose: 0 : 7496, 10, 2023/10/31, 19:57:58.875, 27507932725, vstest.console.dll, TestRequestSender: OnTestRunAbort: Operation is already complete. Skip error message.
TpTrace Verbose: 0 : 7496, 10, 2023/10/31, 19:57:58.875, 27507933008, vstest.console.dll, MulticastDelegateUtilities.SafeInvoke: SocketServer: ClientDisconnected: Invoking callback 1/1 for Microsoft.VisualStudio.TestPlatform.CommunicationUtilities.TestRequestSender., took 0 ms.
TpTrace Verbose: 0 : 7496, 10, 2023/10/31, 19:57:58.875, 27507933194, vstest.console.dll, TcpClientExtensions.MessageLoopAsync: exiting MessageLoopAsync remoteEndPoint: 127.0.0.1:51530 localEndPoint: 127.0.0.1:51529
